run_training.sh: launching DrewsChessMachine (limit=5400s, params=/Users/andrew/cursor/drews-chess-machine/experiments/20260502-041819/parameters.json, out=/Users/andrew/cursor/drews-chess-machine/experiments/20260502-041819/result.json)
run_latest.sh: launching /Users/andrew/Library/Developer/Xcode/DerivedData/DrewsChessMachine-eyigcdvyyrcsakaqcybzcfgsurbr/Build/Products/Debug/DrewsChessMachine.app/Contents/MacOS/DrewsChessMachine
[APP] session log: /Users/andrew/Library/Logs/DrewsChessMachine/dcm_log_20260501-232016.txt
[ARENA] #1 Candidate vs Champion @ step 141
[ARENA]     Games: 100/100
[ARENA]     Result: 1W / 94D / 5L
[ARENA]     Score: 48.0% [45.6%, 50.4%]
[ARENA]     Elo diff: -14 [-30, +3]
[ARENA]     Draw rate: 94.0%
[ARENA]     By side:
[ARENA]       Candidate as white: 47.0%  (1W/45D/4L, n=50)
[ARENA]       Candidate as black: 49.0%  (0W/49D/1L, n=50)
[ARENA]     batch=4096 lr=5.0e-05 promote>=0.55 games=100 sp.tau=2.00/0.80/0.030 ar.tau=2.00/0.50/0.010 workers=48 build=495
[ARENA]     candidate=20260502-7-0FEz-1  champion=20260502-7-0FEz  trainer=20260502-7-0FEz-1
[ARENA]     diversity: unique=100/100 (100%) avgDiverge=2.0
[ARENA]     Verdict: kept    dur=0:22
[ARENA] #1 kv step=141 games=100 w=1 d=94 l=5 score=0.4800 elo=-14 elo_lo=-30 elo_hi=+3 draw_rate=0.9400 cand_white_w=1 cand_white_d=45 cand_white_l=4 cand_black_w=0 cand_black_d=49 cand_black_l=1 cand_white_score=0.4700 cand_black_score=0.4900 promoted=0 kind=none dur_sec=22.1 build=495 candidate=20260502-7-0FEz-1 champion=20260502-7-0FEz trainer=20260502-7-0FEz-1
[ARENA] #2 Candidate vs Champion @ step 325
[ARENA]     Games: 100/100
[ARENA]     Result: 3W / 93D / 4L
[ARENA]     Score: 49.5% [46.9%, 52.1%]
[ARENA]     Elo diff: -3 [-22, +15]
[ARENA]     Draw rate: 93.0%
[ARENA]     By side:
[ARENA]       Candidate as white: 52.0%  (2W/48D/0L, n=50)
[ARENA]       Candidate as black: 47.0%  (1W/45D/4L, n=50)
[ARENA]     batch=4096 lr=5.0e-05 promote>=0.55 games=100 sp.tau=2.00/0.80/0.030 ar.tau=2.00/0.50/0.010 workers=48 build=495
[ARENA]     candidate=20260502-7-0FEz-1  champion=20260502-7-0FEz  trainer=20260502-7-0FEz-1
[ARENA]     diversity: unique=100/100 (100%) avgDiverge=2.2
[ARENA]     Verdict: kept    dur=0:23
[ARENA] #2 kv step=325 games=100 w=3 d=93 l=4 score=0.4950 elo=-3 elo_lo=-22 elo_hi=+15 draw_rate=0.9300 cand_white_w=2 cand_white_d=48 cand_white_l=0 cand_black_w=1 cand_black_d=45 cand_black_l=4 cand_white_score=0.5200 cand_black_score=0.4700 promoted=0 kind=none dur_sec=24.0 build=495 candidate=20260502-7-0FEz-1 champion=20260502-7-0FEz trainer=20260502-7-0FEz-1
[ARENA] #3 Candidate vs Champion @ step 509
[ARENA]     Games: 100/100
[ARENA]     Result: 7W / 88D / 5L
[ARENA]     Score: 51.0% [47.6%, 54.4%]
[ARENA]     Elo diff: +7 [-17, +31]
[ARENA]     Draw rate: 88.0%
[ARENA]     By side:
[ARENA]       Candidate as white: 51.0%  (4W/43D/3L, n=50)
[ARENA]       Candidate as black: 51.0%  (3W/45D/2L, n=50)
[ARENA]     batch=4096 lr=5.0e-05 promote>=0.55 games=100 sp.tau=2.00/0.80/0.030 ar.tau=2.00/0.50/0.010 workers=48 build=495
[ARENA]     candidate=20260502-7-0FEz-1  champion=20260502-7-0FEz  trainer=20260502-7-0FEz-1
[ARENA]     diversity: unique=100/100 (100%) avgDiverge=2.4
[ARENA]     Verdict: kept    dur=0:24
[ARENA] #3 kv step=509 games=100 w=7 d=88 l=5 score=0.5100 elo=+7 elo_lo=-17 elo_hi=+31 draw_rate=0.8800 cand_white_w=4 cand_white_d=43 cand_white_l=3 cand_black_w=3 cand_black_d=45 cand_black_l=2 cand_white_score=0.5100 cand_black_score=0.5100 promoted=0 kind=none dur_sec=24.5 build=495 candidate=20260502-7-0FEz-1 champion=20260502-7-0FEz trainer=20260502-7-0FEz-1
[ARENA] #4 Candidate vs Champion @ step 693
[ARENA]     Games: 100/100
[ARENA]     Result: 7W / 80D / 13L
[ARENA]     Score: 47.0% [42.7%, 51.3%]
[ARENA]     Elo diff: -21 [-51, +9]
[ARENA]     Draw rate: 80.0%
[ARENA]     By side:
[ARENA]       Candidate as white: 47.0%  (4W/39D/7L, n=50)
[ARENA]       Candidate as black: 47.0%  (3W/41D/6L, n=50)
[ARENA]     batch=4096 lr=5.0e-05 promote>=0.55 games=100 sp.tau=2.00/0.80/0.030 ar.tau=2.00/0.50/0.010 workers=48 build=495
[ARENA]     candidate=20260502-7-0FEz-1  champion=20260502-7-0FEz  trainer=20260502-7-0FEz-1
[ARENA]     diversity: unique=100/100 (100%) avgDiverge=2.3
[ARENA]     Verdict: kept    dur=0:23
[ARENA] #4 kv step=693 games=100 w=7 d=80 l=13 score=0.4700 elo=-21 elo_lo=-51 elo_hi=+9 draw_rate=0.8000 cand_white_w=4 cand_white_d=39 cand_white_l=7 cand_black_w=3 cand_black_d=41 cand_black_l=6 cand_white_score=0.4700 cand_black_score=0.4700 promoted=0 kind=none dur_sec=23.9 build=495 candidate=20260502-7-0FEz-1 champion=20260502-7-0FEz trainer=20260502-7-0FEz-1
[ARENA] #5 Candidate vs Champion @ step 875
[ARENA]     Games: 100/100
[ARENA]     Result: 4W / 91D / 5L
[ARENA]     Score: 49.5% [46.6%, 52.4%]
[ARENA]     Elo diff: -3 [-24, +17]
[ARENA]     Draw rate: 91.0%
[ARENA]     By side:
[ARENA]       Candidate as white: 48.0%  (1W/46D/3L, n=50)
[ARENA]       Candidate as black: 51.0%  (3W/45D/2L, n=50)
[ARENA]     batch=4096 lr=5.0e-05 promote>=0.55 games=100 sp.tau=2.00/0.80/0.030 ar.tau=2.00/0.50/0.010 workers=48 build=495
[ARENA]     candidate=20260502-7-0FEz-1  champion=20260502-7-0FEz  trainer=20260502-7-0FEz-1
[ARENA]     diversity: unique=100/100 (100%) avgDiverge=2.4
[ARENA]     Verdict: kept    dur=0:25
[ARENA] #5 kv step=875 games=100 w=4 d=91 l=5 score=0.4950 elo=-3 elo_lo=-24 elo_hi=+17 draw_rate=0.9100 cand_white_w=1 cand_white_d=46 cand_white_l=3 cand_black_w=3 cand_black_d=45 cand_black_l=2 cand_white_score=0.4800 cand_black_score=0.5100 promoted=0 kind=none dur_sec=25.9 build=495 candidate=20260502-7-0FEz-1 champion=20260502-7-0FEz trainer=20260502-7-0FEz-1
[ARENA] #6 Candidate vs Champion @ step 1057
[ARENA]     Games: 100/100
[ARENA]     Result: 7W / 85D / 8L
[ARENA]     Score: 49.5% [45.7%, 53.3%]
[ARENA]     Elo diff: -3 [-30, +23]
[ARENA]     Draw rate: 85.0%
[ARENA]     By side:
[ARENA]       Candidate as white: 53.0%  (6W/41D/3L, n=50)
[ARENA]       Candidate as black: 46.0%  (1W/44D/5L, n=50)
[ARENA]     batch=4096 lr=5.0e-05 promote>=0.55 games=100 sp.tau=2.00/0.80/0.030 ar.tau=2.00/0.50/0.010 workers=48 build=495
[ARENA]     candidate=20260502-7-0FEz-1  champion=20260502-7-0FEz  trainer=20260502-7-0FEz-1
[ARENA]     diversity: unique=100/100 (100%) avgDiverge=2.0
[ARENA]     Verdict: kept    dur=0:25
[ARENA] #6 kv step=1057 games=100 w=7 d=85 l=8 score=0.4950 elo=-3 elo_lo=-30 elo_hi=+23 draw_rate=0.8500 cand_white_w=6 cand_white_d=41 cand_white_l=3 cand_black_w=1 cand_black_d=44 cand_black_l=5 cand_white_score=0.5300 cand_black_score=0.4600 promoted=0 kind=none dur_sec=25.8 build=495 candidate=20260502-7-0FEz-1 champion=20260502-7-0FEz trainer=20260502-7-0FEz-1
[ARENA] #7 Candidate vs Champion @ step 1236
[ARENA]     Games: 100/100
[ARENA]     Result: 6W / 92D / 2L
[ARENA]     Score: 52.0% [49.3%, 54.7%]
[ARENA]     Elo diff: +14 [-5, +33]
[ARENA]     Draw rate: 92.0%
[ARENA]     By side:
[ARENA]       Candidate as white: 52.0%  (3W/46D/1L, n=50)
[ARENA]       Candidate as black: 52.0%  (3W/46D/1L, n=50)
[ARENA]     batch=4096 lr=5.0e-05 promote>=0.55 games=100 sp.tau=2.00/0.80/0.030 ar.tau=2.00/0.50/0.010 workers=48 build=495
[ARENA]     candidate=20260502-7-0FEz-1  champion=20260502-7-0FEz  trainer=20260502-7-0FEz-1
[ARENA]     diversity: unique=100/100 (100%) avgDiverge=2.0
[ARENA]     Verdict: kept    dur=0:22
[ARENA] #7 kv step=1236 games=100 w=6 d=92 l=2 score=0.5200 elo=+14 elo_lo=-5 elo_hi=+33 draw_rate=0.9200 cand_white_w=3 cand_white_d=46 cand_white_l=1 cand_black_w=3 cand_black_d=46 cand_black_l=1 cand_white_score=0.5200 cand_black_score=0.5200 promoted=0 kind=none dur_sec=23.0 build=495 candidate=20260502-7-0FEz-1 champion=20260502-7-0FEz trainer=20260502-7-0FEz-1
[ARENA] #8 Candidate vs Champion @ step 1416
[ARENA]     Games: 100/100
[ARENA]     Result: 3W / 95D / 2L
[ARENA]     Score: 50.5% [48.3%, 52.7%]
[ARENA]     Elo diff: +3 [-12, +19]
[ARENA]     Draw rate: 95.0%
[ARENA]     By side:
[ARENA]       Candidate as white: 52.0%  (3W/46D/1L, n=50)
[ARENA]       Candidate as black: 49.0%  (0W/49D/1L, n=50)
[ARENA]     batch=4096 lr=5.0e-05 promote>=0.55 games=100 sp.tau=2.00/0.80/0.030 ar.tau=2.00/0.50/0.010 workers=48 build=495
[ARENA]     candidate=20260502-7-0FEz-1  champion=20260502-7-0FEz  trainer=20260502-7-0FEz-1
[ARENA]     diversity: unique=100/100 (100%) avgDiverge=1.9
[ARENA]     Verdict: kept    dur=0:25
[ARENA] #8 kv step=1416 games=100 w=3 d=95 l=2 score=0.5050 elo=+3 elo_lo=-12 elo_hi=+19 draw_rate=0.9500 cand_white_w=3 cand_white_d=46 cand_white_l=1 cand_black_w=0 cand_black_d=49 cand_black_l=1 cand_white_score=0.5200 cand_black_score=0.4900 promoted=0 kind=none dur_sec=25.3 build=495 candidate=20260502-7-0FEz-1 champion=20260502-7-0FEz trainer=20260502-7-0FEz-1
[ARENA] #9 Candidate vs Champion @ step 1592
[ARENA]     Games: 100/100
[ARENA]     Result: 6W / 84D / 10L
[ARENA]     Score: 48.0% [44.1%, 51.9%]
[ARENA]     Elo diff: -14 [-41, +13]
[ARENA]     Draw rate: 84.0%
[ARENA]     By side:
[ARENA]       Candidate as white: 51.0%  (3W/45D/2L, n=50)
[ARENA]       Candidate as black: 45.0%  (3W/39D/8L, n=50)
[ARENA]     batch=4096 lr=5.0e-05 promote>=0.55 games=100 sp.tau=2.00/0.80/0.030 ar.tau=2.00/0.50/0.010 workers=48 build=495
[ARENA]     candidate=20260502-7-0FEz-1  champion=20260502-7-0FEz  trainer=20260502-7-0FEz-1
[ARENA]     diversity: unique=100/100 (100%) avgDiverge=2.2
[ARENA]     Verdict: kept    dur=0:25
[ARENA] #9 kv step=1592 games=100 w=6 d=84 l=10 score=0.4800 elo=-14 elo_lo=-41 elo_hi=+13 draw_rate=0.8400 cand_white_w=3 cand_white_d=45 cand_white_l=2 cand_black_w=3 cand_black_d=39 cand_black_l=8 cand_white_score=0.5100 cand_black_score=0.4500 promoted=0 kind=none dur_sec=25.7 build=495 candidate=20260502-7-0FEz-1 champion=20260502-7-0FEz trainer=20260502-7-0FEz-1
[ARENA] #10 Candidate vs Champion @ step 1769
[ARENA]     Games: 100/100
[ARENA]     Result: 4W / 95D / 1L
[ARENA]     Score: 51.5% [49.3%, 53.7%]
[ARENA]     Elo diff: +10 [-5, +26]
[ARENA]     Draw rate: 95.0%
[ARENA]     By side:
[ARENA]       Candidate as white: 50.0%  (1W/48D/1L, n=50)
[ARENA]       Candidate as black: 53.0%  (3W/47D/0L, n=50)
[ARENA]     batch=4096 lr=5.0e-05 promote>=0.55 games=100 sp.tau=2.00/0.80/0.030 ar.tau=2.00/0.50/0.010 workers=48 build=495
[ARENA]     candidate=20260502-7-0FEz-1  champion=20260502-7-0FEz  trainer=20260502-7-0FEz-1
[ARENA]     diversity: unique=100/100 (100%) avgDiverge=2.1
[ARENA]     Verdict: kept    dur=0:25
[ARENA] #10 kv step=1769 games=100 w=4 d=95 l=1 score=0.5150 elo=+10 elo_lo=-5 elo_hi=+26 draw_rate=0.9500 cand_white_w=1 cand_white_d=48 cand_white_l=1 cand_black_w=3 cand_black_d=47 cand_black_l=0 cand_white_score=0.5000 cand_black_score=0.5300 promoted=0 kind=none dur_sec=25.7 build=495 candidate=20260502-7-0FEz-1 champion=20260502-7-0FEz trainer=20260502-7-0FEz-1
[ARENA] #11 Candidate vs Champion @ step 1941
[ARENA]     Games: 100/100
[ARENA]     Result: 7W / 88D / 5L
[ARENA]     Score: 51.0% [47.6%, 54.4%]
[ARENA]     Elo diff: +7 [-17, +31]
[ARENA]     Draw rate: 88.0%
[ARENA]     By side:
[ARENA]       Candidate as white: 48.0%  (3W/42D/5L, n=50)
[ARENA]       Candidate as black: 54.0%  (4W/46D/0L, n=50)
[ARENA]     batch=4096 lr=5.0e-05 promote>=0.55 games=100 sp.tau=2.00/0.80/0.030 ar.tau=2.00/0.50/0.010 workers=48 build=495
[ARENA]     candidate=20260502-7-0FEz-1  champion=20260502-7-0FEz  trainer=20260502-7-0FEz-1
[ARENA]     diversity: unique=100/100 (100%) avgDiverge=1.9
[ARENA]     Verdict: kept    dur=0:25
[ARENA] #11 kv step=1941 games=100 w=7 d=88 l=5 score=0.5100 elo=+7 elo_lo=-17 elo_hi=+31 draw_rate=0.8800 cand_white_w=3 cand_white_d=42 cand_white_l=5 cand_black_w=4 cand_black_d=46 cand_black_l=0 cand_white_score=0.4800 cand_black_score=0.5400 promoted=0 kind=none dur_sec=25.6 build=495 candidate=20260502-7-0FEz-1 champion=20260502-7-0FEz trainer=20260502-7-0FEz-1
[ARENA] #12 Candidate vs Champion @ step 2112
[ARENA]     Games: 100/100
[ARENA]     Result: 6W / 91D / 3L
[ARENA]     Score: 51.5% [48.6%, 54.4%]
[ARENA]     Elo diff: +10 [-10, +31]
[ARENA]     Draw rate: 91.0%
[ARENA]     By side:
[ARENA]       Candidate as white: 53.0%  (4W/45D/1L, n=50)
[ARENA]       Candidate as black: 50.0%  (2W/46D/2L, n=50)
[ARENA]     batch=4096 lr=5.0e-05 promote>=0.55 games=100 sp.tau=2.00/0.80/0.030 ar.tau=2.00/0.50/0.010 workers=48 build=495
[ARENA]     candidate=20260502-7-0FEz-1  champion=20260502-7-0FEz  trainer=20260502-7-0FEz-1
[ARENA]     diversity: unique=100/100 (100%) avgDiverge=1.9
[ARENA]     Verdict: kept    dur=0:28
[ARENA] #12 kv step=2112 games=100 w=6 d=91 l=3 score=0.5150 elo=+10 elo_lo=-10 elo_hi=+31 draw_rate=0.9100 cand_white_w=4 cand_white_d=45 cand