run_training.sh: launching DrewsChessMachine (limit=36000s, params=experiments/20260503-034949/parameters.json, out=experiments/20260503-034949/result.json)
run_latest.sh: launching /Users/andrew/Library/Developer/Xcode/DerivedData/DrewsChessMachine-eyigcdvyyrcsakaqcybzcfgsurbr/Build/Products/Release/DrewsChessMachine.app/Contents/MacOS/DrewsChessMachine
[APP] session log: /Users/andrew/Library/Logs/DrewsChessMachine/dcm_log_20260502-225333.txt
[ARENA] #1 Candidate vs Champion @ step 187
[ARENA]     Games: 100/100
[ARENA]     Result: 6W / 85D / 9L
[ARENA]     Score: 48.5% [44.7%, 52.3%]
[ARENA]     Elo diff: -10 [-37, +16]
[ARENA]     Draw rate: 85.0%
[ARENA]     By side:
[ARENA]       Candidate as white: 52.0%  (5W/42D/3L, n=50)
[ARENA]       Candidate as black: 45.0%  (1W/43D/6L, n=50)
[ARENA]     batch=4096 lr=5.0e-05 promote>=0.55 games=100 sp.tau=2.00/0.80/0.015 ar.tau=2.00/0.50/0.015 workers=48 build=549
[ARENA]     candidate=20260503-19-tq5I-1  champion=20260503-19-tq5I  trainer=20260503-19-tq5I-1
[ARENA]     diversity: unique=100/100 (100%) avgDiverge=2.0
[ARENA]     Verdict: kept    dur=0:20
[ARENA] #1 kv step=187 games=100 w=6 d=85 l=9 score=0.4850 elo=-10 elo_lo=-37 elo_hi=+16 draw_rate=0.8500 cand_white_w=5 cand_white_d=42 cand_white_l=3 cand_black_w=1 cand_black_d=43 cand_black_l=6 cand_white_score=0.5200 cand_black_score=0.4500 promoted=0 kind=none dur_sec=20.1 build=549 candidate=20260503-19-tq5I-1 champion=20260503-19-tq5I trainer=20260503-19-tq5I-1
[ARENA] #2 Candidate vs Champion @ step 385
[ARENA]     Games: 100/100
[ARENA]     Result: 11W / 85D / 4L
[ARENA]     Score: 53.5% [49.8%, 57.2%]
[ARENA]     Elo diff: +24 [-2, +51]
[ARENA]     Draw rate: 85.0%
[ARENA]     By side:
[ARENA]       Candidate as white: 52.0%  (4W/44D/2L, n=50)
[ARENA]       Candidate as black: 55.0%  (7W/41D/2L, n=50)
[ARENA]     batch=4096 lr=5.0e-05 promote>=0.55 games=100 sp.tau=2.00/0.80/0.015 ar.tau=2.00/0.50/0.015 workers=48 build=549
[ARENA]     candidate=20260503-19-tq5I-1  champion=20260503-19-tq5I  trainer=20260503-19-tq5I-1
[ARENA]     diversity: unique=100/100 (100%) avgDiverge=2.7
[ARENA]     Verdict: kept    dur=0:18
[ARENA] #2 kv step=385 games=100 w=11 d=85 l=4 score=0.5350 elo=+24 elo_lo=-2 elo_hi=+51 draw_rate=0.8500 cand_white_w=4 cand_white_d=44 cand_white_l=2 cand_black_w=7 cand_black_d=41 cand_black_l=2 cand_white_score=0.5200 cand_black_score=0.5500 promoted=0 kind=none dur_sec=18.8 build=549 candidate=20260503-19-tq5I-1 champion=20260503-19-tq5I trainer=20260503-19-tq5I-1
[ARENA] #3 Candidate vs Champion @ step 575
[ARENA]     Games: 100/100
[ARENA]     Result: 7W / 80D / 13L
[ARENA]     Score: 47.0% [42.7%, 51.3%]
[ARENA]     Elo diff: -21 [-51, +9]
[ARENA]     Draw rate: 80.0%
[ARENA]     By side:
[ARENA]       Candidate as white: 46.0%  (2W/42D/6L, n=50)
[ARENA]       Candidate as black: 48.0%  (5W/38D/7L, n=50)
[ARENA]     batch=4096 lr=5.0e-05 promote>=0.55 games=100 sp.tau=2.00/0.80/0.015 ar.tau=2.00/0.50/0.015 workers=48 build=549
[ARENA]     candidate=20260503-19-tq5I-1  champion=20260503-19-tq5I  trainer=20260503-19-tq5I-1
[ARENA]     diversity: unique=100/100 (100%) avgDiverge=3.1
[ARENA]     Verdict: kept    dur=0:14
[ARENA] #3 kv step=575 games=100 w=7 d=80 l=13 score=0.4700 elo=-21 elo_lo=-51 elo_hi=+9 draw_rate=0.8000 cand_white_w=2 cand_white_d=42 cand_white_l=6 cand_black_w=5 cand_black_d=38 cand_black_l=7 cand_white_score=0.4600 cand_black_score=0.4800 promoted=0 kind=none dur_sec=14.9 build=549 candidate=20260503-19-tq5I-1 champion=20260503-19-tq5I trainer=20260503-19-tq5I-1
[ARENA] #4 Candidate vs Champion @ step 758
[ARENA]     Games: 100/100
[ARENA]     Result: 6W / 87D / 7L
[ARENA]     Score: 49.5% [46.0%, 53.0%]
[ARENA]     Elo diff: -3 [-28, +21]
[ARENA]     Draw rate: 87.0%
[ARENA]     By side:
[ARENA]       Candidate as white: 48.0%  (3W/42D/5L, n=50)
[ARENA]       Candidate as black: 51.0%  (3W/45D/2L, n=50)
[ARENA]     batch=4096 lr=5.0e-05 promote>=0.55 games=100 sp.tau=2.00/0.80/0.015 ar.tau=2.00/0.50/0.015 workers=48 build=549
[ARENA]     candidate=20260503-19-tq5I-1  champion=20260503-19-tq5I  trainer=20260503-19-tq5I-1
[ARENA]     diversity: unique=100/100 (100%) avgDiverge=3.0
[ARENA]     Verdict: kept    dur=0:16
[ARENA] #4 kv step=758 games=100 w=6 d=87 l=7 score=0.4950 elo=-3 elo_lo=-28 elo_hi=+21 draw_rate=0.8700 cand_white_w=3 cand_white_d=42 cand_white_l=5 cand_black_w=3 cand_black_d=45 cand_black_l=2 cand_white_score=0.4800 cand_black_score=0.5100 promoted=0 kind=none dur_sec=16.8 build=549 candidate=20260503-19-tq5I-1 champion=20260503-19-tq5I trainer=20260503-19-tq5I-1
[ARENA] #5 Candidate vs Champion @ step 932
[ARENA]     Games: 100/100
[ARENA]     Result: 11W / 81D / 8L
[ARENA]     Score: 51.5% [47.2%, 55.8%]
[ARENA]     Elo diff: +10 [-19, +40]
[ARENA]     Draw rate: 81.0%
[ARENA]     By side:
[ARENA]       Candidate as white: 52.0%  (3W/46D/1L, n=50)
[ARENA]       Candidate as black: 51.0%  (8W/35D/7L, n=50)
[ARENA]     batch=4096 lr=5.0e-05 promote>=0.55 games=100 sp.tau=2.00/0.80/0.015 ar.tau=2.00/0.50/0.015 workers=48 build=549
[ARENA]     candidate=20260503-19-tq5I-1  champion=20260503-19-tq5I  trainer=20260503-19-tq5I-1
[ARENA]     diversity: unique=100/100 (100%) avgDiverge=3.0
[ARENA]     Verdict: kept    dur=0:15
[ARENA] #5 kv step=932 games=100 w=11 d=81 l=8 score=0.5150 elo=+10 elo_lo=-19 elo_hi=+40 draw_rate=0.8100 cand_white_w=3 cand_white_d=46 cand_white_l=1 cand_black_w=8 cand_black_d=35 cand_black_l=7 cand_white_score=0.5200 cand_black_score=0.5100 promoted=0 kind=none dur_sec=15.7 build=549 candidate=20260503-19-tq5I-1 champion=20260503-19-tq5I trainer=20260503-19-tq5I-1
[ARENA] #6 Candidate vs Champion @ step 1096
[ARENA]     Games: 100/100
[ARENA]     Result: 8W / 86D / 6L
[ARENA]     Score: 51.0% [47.3%, 54.7%]
[ARENA]     Elo diff: +7 [-19, +32]
[ARENA]     Draw rate: 86.0%
[ARENA]     By side:
[ARENA]       Candidate as white: 49.0%  (3W/43D/4L, n=50)
[ARENA]       Candidate as black: 53.0%  (5W/43D/2L, n=50)
[ARENA]     batch=4096 lr=5.0e-05 promote>=0.55 games=100 sp.tau=2.00/0.80/0.015 ar.tau=2.00/0.50/0.015 workers=48 build=549
[ARENA]     candidate=20260503-19-tq5I-1  champion=20260503-19-tq5I  trainer=20260503-19-tq5I-1
[ARENA]     diversity: unique=100/100 (100%) avgDiverge=3.2
[ARENA]     Verdict: kept    dur=0:18
[ARENA] #6 kv step=1096 games=100 w=8 d=86 l=6 score=0.5100 elo=+7 elo_lo=-19 elo_hi=+32 draw_rate=0.8600 cand_white_w=3 cand_white_d=43 cand_white_l=4 cand_black_w=5 cand_black_d=43 cand_black_l=2 cand_white_score=0.4900 cand_black_score=0.5300 promoted=0 kind=none dur_sec=18.1 build=549 candidate=20260503-19-tq5I-1 champion=20260503-19-tq5I trainer=20260503-19-tq5I-1
[ARENA] #7 Candidate vs Champion @ step 1254
[ARENA]     Games: 100/100
[ARENA]     Result: 6W / 88D / 6L
[ARENA]     Score: 50.0% [46.6%, 53.4%]
[ARENA]     Elo diff: +0 [-24, +24]
[ARENA]     Draw rate: 88.0%
[ARENA]     By side:
[ARENA]       Candidate as white: 50.0%  (3W/44D/3L, n=50)
[ARENA]       Candidate as black: 50.0%  (3W/44D/3L, n=50)
[ARENA]     batch=4096 lr=5.0e-05 promote>=0.55 games=100 sp.tau=2.00/0.80/0.015 ar.tau=2.00/0.50/0.015 workers=48 build=549
[ARENA]     candidate=20260503-19-tq5I-1  champion=20260503-19-tq5I  trainer=20260503-19-tq5I-1
[ARENA]     diversity: unique=100/100 (100%) avgDiverge=3.1
[ARENA]     Verdict: kept    dur=0:18
[ARENA] #7 kv step=1254 games=100 w=6 d=88 l=6 score=0.5000 elo=+0 elo_lo=-24 elo_hi=+24 draw_rate=0.8800 cand_white_w=3 cand_white_d=44 cand_white_l=3 cand_black_w=3 cand_black_d=44 cand_black_l=3 cand_white_score=0.5000 cand_black_score=0.5000 promoted=0 kind=none dur_sec=18.6 build=549 candidate=20260503-19-tq5I-1 champion=20260503-19-tq5I trainer=20260503-19-tq5I-1
[ARENA] #8 Candidate vs Champion @ step 1411
[ARENA]     Games: 100/100
[ARENA]     Result: 5W / 87D / 8L
[ARENA]     Score: 48.5% [45.0%, 52.0%]
[ARENA]     Elo diff: -10 [-35, +14]
[ARENA]     Draw rate: 87.0%
[ARENA]     By side:
[ARENA]       Candidate as white: 51.0%  (3W/45D/2L, n=50)
[ARENA]       Candidate as black: 46.0%  (2W/42D/6L, n=50)
[ARENA]     batch=4096 lr=5.0e-05 promote>=0.55 games=100 sp.tau=2.00/0.80/0.015 ar.tau=2.00/0.50/0.015 workers=48 build=549
[ARENA]     candidate=20260503-19-tq5I-1  champion=20260503-19-tq5I  trainer=20260503-19-tq5I-1
[ARENA]     diversity: unique=100/100 (100%) avgDiverge=3.1
[ARENA]     Verdict: kept    dur=0:17
[ARENA] #8 kv step=1411 games=100 w=5 d=87 l=8 score=0.4850 elo=-10 elo_lo=-35 elo_hi=+14 draw_rate=0.8700 cand_white_w=3 cand_white_d=45 cand_white_l=2 cand_black_w=2 cand_black_d=42 cand_black_l=6 cand_white_score=0.5100 cand_black_score=0.4600 promoted=0 kind=none dur_sec=17.6 build=549 candidate=20260503-19-tq5I-1 champion=20260503-19-tq5I trainer=20260503-19-tq5I-1
[ARENA] #9 Candidate vs Champion @ step 1562
[ARENA]     Games: 100/100
[ARENA]     Result: 5W / 85D / 10L
[ARENA]     Score: 47.5% [43.7%, 51.3%]
[ARENA]     Elo diff: -17 [-44, +9]
[ARENA]     Draw rate: 85.0%
[ARENA]     By side:
[ARENA]       Candidate as white: 50.0%  (3W/44D/3L, n=50)
[ARENA]       Candidate as black: 45.0%  (2W/41D/7L, n=50)
[ARENA]     batch=4096 lr=5.0e-05 promote>=0.55 games=100 sp.tau=2.00/0.80/0.015 ar.tau=2.00/0.50/0.015 workers=48 build=549
[ARENA]     candidate=20260503-19-tq5I-1  champion=20260503-19-tq5I  trainer=20260503-19-tq5I-1
[ARENA]     diversity: unique=100/100 (100%) avgDiverge=3.2
[ARENA]     Verdict: kept    dur=0:15
[ARENA] #9 kv step=1562 games=100 w=5 d=85 l=10 score=0.4750 elo=-17 elo_lo=-44 elo_hi=+9 draw_rate=0.8500 cand_white_w=3 cand_white_d=44 cand_white_l=3 cand_black_w=2 cand_black_d=41 cand_black_l=7 cand_white_score=0.5000 cand_black_score=0.4500 promoted=0 kind=none dur_sec=15.3 build=549 candidate=20260503-19-tq5I-1 champion=20260503-19-tq5I trainer=20260503-19-tq5I-1
[ARENA] #10 Candidate vs Champion @ step 1706
[ARENA]     Games: 100/100
[ARENA]     Result: 8W / 87D / 5L
[ARENA]     Score: 51.5% [48.0%, 55.0%]
[ARENA]     Elo diff: +10 [-14, +35]
[ARENA]     Draw rate: 87.0%
[ARENA]     By side:
[ARENA]       Candidate as white: 53.0%  (5W/43D/2L, n=50)
[ARENA]       Candidate as black: 50.0%  (3W/44D/3L, n=50)
[ARENA]     batch=4096 lr=5.0e-05 promote>=0.55 games=100 sp.tau=2.00/0.80/0.015 ar.tau=2.00/0.50/0.015 workers=48 build=549
[ARENA]     candidate=20260503-19-tq5I-1  champion=20260503-19-tq5I  trainer=20260503-19-tq5I-1
[ARENA]     diversity: unique=100/100 (100%) avgDiverge=3.2
[ARENA]     Verdict: kept    dur=0:16
[ARENA] #10 kv step=1706 games=100 w=8 d=87 l=5 score=0.5150 elo=+10 elo_lo=-14 elo_hi=+35 draw_rate=0.8700 cand_white_w=5 cand_white_d=43 cand_white_l=2 cand_black_w=3 cand_black_d=44 cand_black_l=3 cand_white_score=0.5300 cand_black_score=0.5000 promoted=0 kind=none dur_sec=16.4 build=549 candidate=20260503-19-tq5I-1 champion=20260503-19-tq5I trainer=20260503-19-tq5I-1
[ARENA] #11 Candidate vs Champion @ step 1840
[ARENA]     Games: 100/100
[ARENA]     Result: 4W / 91D / 5L
[ARENA]     Score: 49.5% [46.6%, 52.4%]
[ARENA]     Elo diff: -3 [-24, +17]
[ARENA]     Draw rate: 91.0%
[ARENA]     By side:
[ARENA]       Candidate as white: 47.0%  (0W/47D/3L, n=50)
[ARENA]       Candidate as black: 52.0%  (4W/44D/2L, n=50)
[ARENA]     batch=4096 lr=5.0e-05 promote>=0.55 games=100 sp.tau=2.00/0.80/0.015 ar.tau=2.00/0.50/0.015 workers=48 build=549
[ARENA]     candidate=20260503-19-tq5I-1  champion=20260503-19-tq5I  trainer=20260503-19-tq5I-1
[ARENA]     diversity: unique=100/100 (100%) avgDiverge=3.3
[ARENA]     Verdict: kept    dur=0:16
[ARENA] #11 kv step=1840 games=100 w=4 d=91 l=5 score=0.4950 elo=-3 elo_lo=-24 elo_hi=+17 draw_rate=0.9100 cand_white_w=0 cand_white_d=47 cand_white_l=3 cand_black_w=4 cand_black_d=44 cand_black_l=2 cand_white_score=0.4700 cand_black_score=0.5200 promoted=0 kind=none dur_sec=16.4 build=549 candidate=20260503-19-tq5I-1 champion=20260503-19-tq5I trainer=20260503-19-tq5I-1
[ARENA] #12 Candidate vs Champion @ step 1972
[ARENA]     Games: 100/100
[ARENA]     Result: 3W / 93D / 4L
[ARENA]     Score: 49.5% [46.9%, 52.1%]
[ARENA]     Elo diff: -3 [-22, +15]
[ARENA]     Draw rate: 93.0%
[ARENA]     By side:
[ARENA]       Candidate as white: 49.0%  (2W/45D/3L, n=50)
[ARENA]       Candidate as black: 50.0%  (1W/48D/1L, n=50)
[ARENA]     batch=4096 lr=5.0e-05 promote>=0.55 games=100 sp.tau=2.00/0.80/0.015 ar.tau=2.00/0.50/0.015 workers=48 build=549
[ARENA]     candidate=20260503-19-tq5I-1  champion=20260503-19-tq5I  trainer=20260503-19-tq5I-1
[ARENA]     diversity: unique=100/100 (100%) avgDiverge=3.3
[ARENA]     Verdict: kept    dur=0:16
[ARENA] #12 kv step=1972 games=100 w=3 d=93 l=4 score=0.4950 elo=-3 elo_lo=-22 elo_hi=+15 draw_rate=0.9300 cand_white_w=2 cand_white_d=45 cand_white_l=3 cand_black_w=1 cand_black_d=48 cand_black_l=1 cand_white_score=0.4900 cand_black_score=0.5000 promoted=0 kind=none dur_sec=16.3 build=549 candidate=20260503-19-tq5I-1 champion=20260503-19-tq5I trainer=20260503-19-tq5I-1
[ARENA] #13 Candidate vs Champion @ step 2100
[ARENA]     Games: 100/100
[ARENA]     Result: 5W / 92D / 3L
[ARENA]     Score: 51.0% [48.2%, 53.8%]
[ARENA]     Elo diff: +7 [-12, +26]
[ARENA]     Draw rate: 92.0%
[ARENA]     By side:
[ARENA]       Candidate as white: 52.0%  (3W/46D/1L, n=50)
[ARENA]       Candidate as black: 50.0%  (2W/46D/2L, n=50)
[ARENA]     batch=4096 lr=5.0e-05 promote>=0.55 games=100 sp.tau=2.00/0.80/0.015 ar.tau=2.00/0.50/0.015 workers=48 build=549
[ARENA]     candidate=20260503-19-tq5I-1  champion=20260503-19-tq5I  trainer=20260503-19-tq5I-1
[ARENA]     diversity: unique=100/100 (100%) avgDiverge=3.2
[ARENA]     Verdict: kept    dur=0:15
[ARENA] #13 kv step=2100 games=100 w=5 d=92 l=3 score=0.5100 elo=+7 elo_lo=-12 elo_hi=+26 draw_rate=0.9200 cand_white_w=3 cand_white_d=46 cand_white_l=1 cand_black_w=2 cand_black_d=46 cand_black_l=2 cand_white_score=0.5200 cand_black_score=0.5000 promoted=0 kind=none dur_sec=15.9 build=549 candidate=20260503-19-tq5I-1 champion=20260503-19-tq5I trainer=20260503-19-tq5I-1
[ARENA] #14 Candidate vs Champion @ step 2219
[ARENA]     Games: 100/100
[ARENA]     Result: 5W / 89D / 6L
[ARENA]     Score: 49.5% [46.3%, 52.7%]
[ARENA]     Elo diff: -3 [-26, +19]
[ARENA]     Draw rate: 89.0%
[ARENA]     By side:
[ARENA]       Candidate as white: 51.0%  (2W/47D/1L, n=50)
[ARENA]       Candidate as black: 48.0%  (3W/42D/5L, n=50)
[ARENA]     batch=4096 lr=5.0e-05 promote>=0.55 games=100 sp.tau=2.00/0.80/0.015 ar.tau=2.00/0.50/0.015 workers=48 build=549
[ARENA]     candidate=20260503-19-tq5I-1  champion=20260503-19-tq5I  trainer=20260503-19-tq5I-1
[ARENA]     diversity: unique=100/100 (100%) avgDiverge=3.3
[ARENA]     Verdict: kept    dur=0:15
[ARENA] #14 kv step=2219 games=100 w=5 d=89 l=6 score=0.4950 elo=-3 elo_lo=-26 elo_hi=+19 draw_rate=0.8900 cand_white_w=2 cand_white_d=47 cand_white_l=1 cand_black_w=3 cand_black_d=42 cand_black_l=5 cand_white_score=0.5100 cand_black_score=0.4800 promoted=0 kind=none dur_sec=15.6 build=549 candidate=20260503-19-tq5I-1 champion=20260503-19-tq5I trainer=20260503-19-tq5I-1
[ARENA] #15 Candidate vs Champion @ step 2329
[ARENA]     Games: 100/100
[ARENA]     Result: 6W / 88D / 6L
[ARENA]     Score: 50.0% [46.6%, 53.4%]
[ARENA]     Elo diff: +0 [-24, +24]
[ARENA]     Draw rate: 88.0%
[ARENA]     By side:
[ARENA]       Candidate as white: 49.0%  (2W/45D/3L, n=50)
[ARENA]       Candidate as black: 51.0%  (4W/43D/3L, n=50)
[ARENA]     batch=4096 lr=5.0e-05 promote>=0.55 games=100 sp.tau=2.00/0.80/0.015 ar.tau=2.00/0.50/0.015 workers=48 build=549
[ARENA]     candidate=20260503-19-tq5I-1  champion=20260503-19-tq5I  trainer=20260503-19-tq5I-1
[ARENA]     diversity: unique=100/100 (100%) avgDiverge=3.9
[ARENA]     Verdict: kept    dur=0:17
[ARENA] #15 kv step=2329 games=100 w=6 d=88 l=6 score=0.5000 elo=+0 elo_lo=-24 elo_hi=+24 draw_rate=0.8800 cand_white_w=2 cand_white_d=45 cand_white_l=3 cand_black_w=4 cand_black_d=43 cand_black_l=3 cand_white_score=0.4900 cand_black_score=0.5100 promoted=0 kind=none dur_sec=17.2 build=549 candidate=20260503-19-tq5I-1 champion=20260503-19-tq5I trainer=20260503-19-tq5I-1
[ARENA] #16 Candidate vs Champion @ step 2440
[ARENA]     Games: 100/100
[ARENA]     Result: 9W / 85D / 6L
[ARENA]     Score: 51.5% [47.7%, 55.3%]
[ARENA]     Elo diff: +10 [-16, +37]
[ARENA]     Draw rate: 85.0%
[ARENA]     By side:
[ARENA]       Candidate as white: 55.0%  (6W/43D/1L, n=50)
[ARENA]       Candidate as black: 48.0%  (3W/42D/5L, n=50)
[ARENA]     batch=4096 lr=5.0e-05 promote>=0.55 games=100 sp.tau=2.00/0.80/0.015 ar.tau=2.00/0.50/0.015 workers=48 build=549
[ARENA]     candidate=20260503-19-tq5I-1  champion=20260503-19-tq5I  trainer=20260503-19-tq5I-1
[ARENA]     diversity: unique=100/100 (100%) avgDiverge=3.4
[ARENA]     Verdict: kept    dur=0:16
[ARENA] #16 kv step=2440 games=100 w=9 d=85 l=6 score=0.5150 elo=+10 elo_lo=-16 elo_hi=+37 draw_rate=0.8500 cand_white_w=6 cand_white_d=43 cand_white_l=1 cand_black_w=3 cand_black_d=42 cand_black_l=5 cand_white_score=0.5500 cand_black_score=0.4800 promoted=0 kind=none dur_sec=16.8 build=549 candidate=20260503-19-tq5I-1 champion=20260503-19-tq5I trainer=20260503-19-tq5I-1
[ARENA] #17 Candidate vs Champion @ step 2545
[ARENA]     Games: 100/100
[ARENA]     Result: 8W / 90D / 2L
[ARENA]     Score: 53.0% [50.0%, 56.0%]
[ARENA]     Elo diff: +21 [+0, +42]
[ARENA]     Draw rate: 90.0%
[ARENA]     By side:
[ARENA]       Candidate as white: 53.0%  (4W/45D/1L, n=50)
[ARENA]       Candidate as black: 53.0%  (4W/45D/1L, n=50)
[ARENA]     batch=4096 lr=5.0e-05 promote>=0.55 games=100 sp.tau=2.00/0.80/0.015 ar.tau=2.00/0.50/0.015 workers=48 build=549
[ARENA]     candidate=20260503-19-tq5I-1  champion=20260503-19-tq5I  trainer=20260503-19-tq5I-1
[ARENA]     diversity: unique=100/100 (100%) avgDiverge=3.2
[ARENA]     Verdict: kept    dur=0:15
[ARENA] #17 kv step=2545 games=100 w=8 d=90 l=2 score=0.5300 elo=+21 elo_lo=+0 elo_hi=+42 draw_rate=0.9000 cand_white_w=4 cand_white_d=45 cand_white_l=1 cand_black_w=4 cand_black_d=45 cand_black_l=1 cand_white_score=0.5300 cand_black_score=0.5300 promoted=0 kind=none dur_sec=15.2 build=549 candidate=20260503-19-tq5I-1 champion=20260503-19-tq5I trainer=20260503-19-tq5I-1
[ARENA] #18 Candidate vs Champion @ step 2640
[ARENA]     Games: 100/100
[ARENA]     Result: 8W / 87D / 5L
[ARENA]     Score: 51.5% [48.0%, 55.0%]
[ARENA]     Elo diff: +10 [-14, +35]
[ARENA]     Draw rate: 87.0%
[ARENA]     By side:
[ARENA]       Candidate as white: 52.0%  (5W/42D/3L, n=50)
[ARENA]       Candidate as black: 51.0%  (3W/45D/2L, n=50)
[ARENA]     batch=4096 lr=5.0e-05 promote>=0.55 games=100 sp.tau=2.00/0.80/0.015 ar.tau=2.00/0.50/0.015 workers=48 build=549
[ARENA]     candidate=20260503-19-tq5I-1  champion=20260503-19-tq5I  trainer=20260503-19-tq5I-1
[ARENA]     diversity: unique=100/100 (100%) avgDiverge=3.3
[ARENA]     Verdict: kept    dur=0:16
[ARENA] #18 kv step=2640 games=100 w=8 d=87 l=5 score=0.5150 elo=+10 elo_lo=-14 elo_hi=+35 draw_rate=0.8700 cand_white_w=5 cand_white_d=42 cand_white_l=3 cand_black_w=3 cand_black_d=45 cand_black_l=2 cand_white_score=0.5200 cand_black_score=0.5100 promoted=0 kind=none dur_sec=16.3 build=549 candidate=20260503-19-tq5I-1 champion=20260503-19-tq5I trainer=20260503-19-tq5I-1
[ARENA] #19 Candidate vs Champion @ step 2737
[ARENA]     Games: 100/100
[ARENA]     Result: 5W / 92D / 3L
[ARENA]     Score: 51.0% [48.2%, 53.8%]
[ARENA]     Elo diff: +7 [-12, +26]
[ARENA]     Draw rate: 92.0%
[ARENA]     By side:
[ARENA]       Candidate as white: 53.0%  (4W/45D/1L, n=50)
[ARENA]       Candidate as black: 49.0%  (1W/47D/2L, n=50)
[ARENA]     batch=4096 lr=5.0e-05 promote>=0.55 games=100 sp.tau=2.00/0.80/0.015 ar.tau=2.00/0.50/0.015 workers=48 build=549
[ARENA]     candidate=20260503-19-tq5I-1  champion=20260503-19-tq5I  trainer=20260503-19-tq5I-1
[ARENA]     diversity: unique=100/100 (100%) avgDiverge=3.5
[ARENA]     Verdict: kept    dur=0:15
[ARENA] #19 kv step=2737 games=100 w=5 d=92 l=3 score=0.5100 elo=+7 elo_lo=-12 elo_hi=+26 draw_rate=0.9200 cand_white_w=4 cand_white_d=45 cand_white_l=1 cand_black_w=1 cand_black_d=47 cand_black_l=2 cand_white_score=0.5300 cand_black_score=0.4900 promoted=0 kind=none dur_sec=15.2 build=549 candidate=20260503-19-tq5I-1 champion=20260503-19-tq5I trainer=20260503-19-tq5I-1
[ARENA] #20 Candidate vs Champion @ step 2828
[ARENA]     Games: 100/100
[ARENA]     Result: 2W / 90D / 8L
[ARENA]     Score: 47.0% [44.0%, 50.0%]
[ARENA]     Elo diff: -21 [-42, +0]
[ARENA]     Draw rate: 90.0%
[ARENA]     By side:
[ARENA]       Candidate as white: 47.0%  (1W/45D/4L, n=50)
[ARENA]       Candidate as black: 47.0%  (1W/45D/4L, n=50)
[ARENA]     batch=4096 lr=5.0e-05 promote>=0.55 games=100 sp.tau=2.00/0.80/0.015 ar.tau=2.00/0.50/0.015 workers=48 build=549
[ARENA]     candidate=20260503-19-tq5I-1  champion=20260503-19-tq5I  trainer=20260503-19-tq5I-1
[ARENA]     diversity: unique=100/100 (100%) avgDiverge=3.2
[ARENA]     Verdict: kept    dur=0:17
[ARENA] #20 kv step=2828 games=100 w=2 d=90 l=8 score=0.4700 elo=-21 elo_lo=-42 elo_hi=+0 draw_rate=0.9000 cand_white_w=1 cand_white_d=45 cand_white_l=4 cand_black_w=1 cand_black_d=45 cand_black_l=4 cand_white_score=0.4700 cand_black_score=0.4700 promoted=0 kind=none dur_sec=17.4 build=549 candidate=20260503-19-tq5I-1 champion=20260503-19-tq5I trainer=20260503-19-tq5I-1
[ARENA] #21 Candidate vs Champion @ step 2917
[ARENA]     Games: 100/100
[ARENA]     Result: 6W / 92D / 2L
[ARENA]     Score: 52.0% [49.3%, 54.7%]
[ARENA]     Elo diff: +14 [-5, +33]
[ARENA]     Draw rate: 92.0%
[ARENA]     By side:
[ARENA]       Candidate as white: 54.0%  (5W/44D/1L, n=50)
[ARENA]       Candidate as black: 50.0%  (1W/48D/1L, n=50)
[ARENA]     batch=4096 lr=5.0e-05 promote>=0.55 games=100 sp.tau=2.00/0.80/0.015 ar.tau=2.00/0.50/0.015 workers=48 build=549
[ARENA]     candidate=20260503-19-tq5I-1  champion=20260503-19-tq5I  trainer=20260503-19-tq5I-1
[ARENA]     diversity: unique=100/100 (100%) avgDiverge=3.5
[ARENA]     Verdict: kept    dur=0:14
[ARENA] #21 kv step=2917 games=100 w=6 d=92 l=2 score=0.5200 elo=+14 elo_lo=-5 elo_hi=+33 draw_rate=0.9200 cand_white_w=5 cand_white_d=44 cand_white_l=1 cand_black_w=1 cand_black_d=48 cand_black_l=1 cand_white_score=0.5400 cand_black_score=0.5000 promoted=0 kind=none dur_sec=14.5 build=549 candidate=20260503-19-tq5I-1 champion=20260503-19-tq5I trainer=20260503-19-tq5I-1
[ARENA] #22 Candidate vs Champion @ step 3003
[ARENA]     Games: 100/100
[ARENA]     Result: 6W / 90D / 4L
[ARENA]     Score: 51.0% [47.9%, 54.1%]
[ARENA]     Elo diff: +7 [-15, +29]
[ARENA]     Draw rate: 90.0%
[ARENA]     By side:
[ARENA]       Candidate as white: 50.0%  (3W/44D/3L, n=50)
[ARENA]       Candidate as black: 52.0%  (3W/46D/1L, n=50)
[ARENA]     batch=4096 lr=5.0e-05 promote>=0.55 games=100 sp.tau=2.00/0.80/0.015 ar.tau=2.00/0.50/0.015 workers=48 build=549
[ARENA]     candidate=20260503-19-tq5I-1  champion=20260503-19-tq5I  trainer=20260503-19-tq5I-1
[ARENA]     diversity: unique=100/100 (100%) avgDiverge=3.3
[ARENA]     Verdict: kept    dur=0:16
[ARENA] #22 kv step=3003 games=100 w=6 d=90 l=4 score=0.5100 elo=+7 elo_lo=-15 elo_hi=+29 draw_rate=0.9000 cand_white_w=3 cand_white_d=44 cand_white_l=3 cand_black_w=3 cand_black_d=46 cand_black_l=1 cand_white_score=0.5000 cand_black_score=0.5200 promoted=0 kind=none dur_sec=16.8 build=549 candidate=20260503-19-tq5I-1 champion=20260503-19-tq5I trainer=20260503-19-tq5I-1
[ARENA] #23 Candidate vs Champion @ step 3085
[ARENA]     Games: 100/100
[ARENA]     Result: 3W / 92D / 5L
[ARENA]     Score: 49.0% [46.2%, 51.8%]
[ARENA]     Elo diff: -7 [-26, +12]
[ARENA]     Draw rate: 92.0%
[ARENA]     By side:
[ARENA]       Candidate as white: 48.0%  (1W/46D/3L, n=50)
[ARENA]       Candidate as black: 50.0%  (2W/46D/2L, n=50)
[ARENA]     batch=4096 lr=5.0e-05 promote>=0.55 games=100 sp.tau=2.00/0.80/0.015 ar.tau=2.00/0.50/0.015 workers=48 build=549
[ARENA]     candidate=20260503-19-tq5I-1  champion=20260503-19-tq5I  trainer=20260503-19-tq5I-1
[ARENA]     diversity: unique=100/100 (100%) avgDiverge=3.4
[ARENA]     Verdict: kept    dur=0:16
[ARENA] #23 kv step=3085 games=100 w=3 d=92 l=5 score=0.4900 elo=-7 elo_lo=-26 elo_hi=+12 draw_rate=0.9200 cand_white_w=1 cand_white_d=46 cand_white_l=3 cand_black_w=2 cand_black_d=46 cand_black_l=2 cand_white_score=0.4800 cand_black_score=0.5000 promoted=0 kind=none dur_sec=16.2 build=549 candidate=20260503-19-tq5I-1 champion=20260503-19-tq5I trainer=20260503-19-tq5I-1
[ARENA] #24 Candidate vs Champion @ step 3167
[ARENA]     Games: 100/100
[ARENA]     Result: 6W / 90D / 4L
[ARENA]     Score: 51.0% [47.9%, 54.1%]
[ARENA]     Elo diff: +7 [-15, +29]
[ARENA]     Draw rate: 90.0%
[ARENA]     By side:
[ARENA]       Candidate as white: 51.0%  (2W/47D/1L, n=50)
[ARENA]       Candidate as black: 51.0%  (4W/43D/3L, n=50)
[ARENA]     batch=4096 lr=5.0e-05 promote>=0.55 games=100 sp.tau=2.00/0.80/0.015 ar.tau=2.00/0.50/0.015 workers=48 build=549
[ARENA]     candidate=20260503-19-tq5I-1  champion=20260503-19-tq5I  trainer=20260503-19-tq5I-1
[ARENA]     diversity: unique=100/100 (100%) avgDiverge=3.2
[ARENA]     Verdict: kept    dur=0:20
[ARENA] #24 kv step=3167 games=100 w=6 d=90 l=4 score=0.5100 elo=+7 elo_lo=-15 elo_hi=+29 draw_rate=0.9000 cand_white_w=2 cand_white_d=47 cand_white_l=1 cand_black_w=4 cand_black_d=43 cand_black_l=3 cand_white_score=0.5100 cand_black_score=0.5100 promoted=0 kind=none dur_sec=20.2 build=549 candidate=20260503-19-tq5I-1 champion=20260503-19-tq5I trainer=20260503-19-tq5I-1
[ARENA] #25 Candidate vs Champion @ step 3247
[ARENA]     Games: 100/100
[ARENA]     Result: 6W / 87D / 7L
[ARENA]     Score: 49.5% [46.0%, 53.0%]
[ARENA]     Elo diff: -3 [-28, +21]
[ARENA]     Draw rate: 87.0%
[ARENA]     By side:
[ARENA]       Candidate as white: 50.0%  (3W/44D/3L, n=50)
[ARENA]       Candidate as black: 49.0%  (3W/43D/4L, n=50)
[ARENA]     batch=4096 lr=5.0e-05 promote>=0.55 games=100 sp.tau=2.00/0.80/0.015 ar.tau=2.00/0.50/0.015 workers=48 build=549
[ARENA]     candidate=20260503-19-tq5I-1  champion=20260503-19-tq5I  trainer=20260503-19-tq5I-1
[ARENA]     diversity: unique=100/100 (100%) avgDiverge=2.9
[ARENA]     Verdict: kept    dur=0:19
[ARENA] #25 kv step=3247 games=100 w=6 d=87 l=7 score=0.4950 elo=-3 elo_lo=-28 elo_hi=+21 draw_rate=0.8700 cand_white_w=3 cand_white_d=44 cand_white_l=3 cand_black_w=3 cand_black_d=43 cand_black_l=4 cand_white_score=0.5000 cand_black_score=0.4900 promoted=0 kind=none dur_sec=19.3 build=549 candidate=20260503-19-tq5I-1 champion=20260503-19-tq5I trainer=20260503-19-tq5I-1
[ARENA] #26 Candidate vs Champion @ step 3322
[ARENA]     Games: 100/100
[ARENA]     Result: 10W / 87D / 3L
[ARENA]     Score: 53.5% [50.0%, 57.0%]
[ARENA]     Elo diff: +24 [+0, +49]
[ARENA]     Draw rate: 87.0%
[ARENA]     By side:
[ARENA]       Candidate as white: 54.0%  (6W/42D/2L, n=50)
[ARENA]       Candidate as black: 53.0%  (4W/45D/1L, n=50)
[ARENA]     batch=4096 lr=5.0e-05 promote>=0.55 games=100 sp.tau=2.00/0.80/0.015 ar.tau=2.00/0.50/0.015 workers=48 build=549
[ARENA]     candidate=20260503-19-tq5I-1  champion=20260503-19-tq5I  trainer=20260503-19-tq5I-1
[ARENA]     diversity: unique=100/100 (100%) avgDiverge=3.3
[ARENA]     Verdict: kept    dur=0:20
[ARENA] #26 kv step=3322 games=100 w=10 d=87 l=3 score=0.5350 elo=+24 elo_lo=+0 elo_hi=+49 draw_rate=0.8700 cand_white_w=6 cand_white_d=42 cand_white_l=2 cand_black_w=4 cand_black_d=45 cand_black_l=1 cand_white_score=0.5400 cand_black_score=0.5300 promoted=0 kind=none dur_sec=20.5 build=549 candidate=20260503-19-tq5I-1 champion=20260503-19-tq5I trainer=20260503-19-tq5I-1
[ARENA] #27 Candidate vs Champion @ step 3397
[ARENA]     Games: 100/100
[ARENA]     Result: 7W / 89D / 4L
[ARENA]     Score: 51.5% [48.3%, 54.7%]
[ARENA]     Elo diff: +10 [-12, +33]
[ARENA]     Draw rate: 89.0%
[ARENA]     By side:
[ARENA]       Candidate as white: 54.0%  (5W/44D/1L, n=50)
[ARENA]       Candidate as black: 49.0%  (2W/45D/3L, n=50)
[ARENA]     batch=4096 lr=5.0e-05 promote>=0.55 games=100 sp.tau=2.00/0.80/0.015 ar.tau=2.00/0.50/0.015 workers=48 build=549
[ARENA]     candidate=20260503-19-tq5I-1  champion=20260503-19-tq5I  trainer=20260503-19-tq5I-1
[ARENA]     diversity: unique=100/100 (100%) avgDiverge=3.2
[ARENA]     Verdict: kept    dur=0:22
[ARENA] #27 kv step=3397 games=100 w=7 d=89 l=4 score=0.5150 elo=+10 elo_lo=-12 elo_hi=+33 draw_rate=0.8900 cand_white_w=5 cand_white_d=44 cand_white_l=1 cand_black_w=2 cand_black_d=45 cand_black_l=3 cand_white_score=0.5400 cand_black_score=0.4900 promoted=0 kind=none dur_sec=22.9 build=549 candidate=20260503-19-tq5I-1 champion=20260503-19-tq5I trainer=20260503-19-tq5I-1
[ARENA] #28 Candidate vs Champion @ step 3467
[ARENA]     Games: 100/100
[ARENA]     Result: 8W / 87D / 5L
[ARENA]     Score: 51.5% [48.0%, 55.0%]
[ARENA]     Elo diff: +10 [-14, +35]
[ARENA]     Draw rate: 87.0%
[ARENA]     By side:
[ARENA]       Candidate as white: 53.0%  (6W/41D/3L, n=50)
[ARENA]       Candidate as black: 50.0%  (2W/46D/2L, n=50)
[ARENA]     batch=4096 lr=5.0e-05 promote>=0.55 games=100 sp.tau=2.00/0.80/0.015 ar.tau=2.00/0.50/0.015 workers=48 build=549
[ARENA]     candidate=20260503-19-tq5I-1  champion=20260503-19-tq5I  trainer=20260503-19-tq5I-1
[ARENA]     diversity: unique=100/100 (100%) avgDiverge=3.2
[ARENA]     Verdict: kept    dur=0:22
[ARENA] #28 kv step=3467 games=100 w=8 d=87 l=5 score=0.5150 elo=+10 elo_lo=-14 elo_hi=+35 draw_rate=0.8700 cand_white_w=6 cand_white_d=41 cand_white_l=3 cand_black_w=2 cand_black_d=46 cand_black_l=2 cand_white_score=0.5300 cand_black_score=0.5000 promoted=0 kind=none dur_sec=22.3 build=549 candidate=20260503-19-tq5I-1 champion=20260503-19-tq5I trainer=20260503-19-tq5I-1
[ARENA] #29 Candidate vs Champion @ step 3535
[ARENA]     Games: 100/100
[ARENA]     Result: 5W / 89D / 6L
[ARENA]     Score: 49.5% [46.3%, 52.7%]
[ARENA]     Elo diff: -3 [-26, +19]
[ARENA]     Draw rate: 89.0%
[ARENA]     By side:
[ARENA]       Candidate as white: 49.0%  (2W/45D/3L, n=50)
[ARENA]       Candidate as black: 50.0%  (3W/44D/3L, n=50)
[ARENA]     batch=4096 lr=5.0e-05 promote>=0.55 games=100 sp.tau=2.00/0.80/0.015 ar.tau=2.00/0.50/0.015 workers=48 build=549
[ARENA]     candidate=20260503-19-tq5I-1  champion=20260503-19-tq5I  trainer=20260503-19-tq5I-1
[ARENA]     diversity: unique=100/100 (100%) avgDiverge=2.9
[ARENA]     Verdict: kept    dur=0:21
[ARENA] #29 kv step=3535 games=100 w=5 d=89 l=6 score=0.4950 elo=-3 elo_lo=-26 elo_hi=+19 draw_rate=0.8900 cand_white_w=2 cand_white_d=45 cand_white_l=3 cand_black_w=3 cand_black_d=44 cand_black_l=3 cand_white_score=0.4900 cand_black_score=0.5000 promoted=0 kind=none dur_sec=21.1 build=549 candidate=20260503-19-tq5I-1 champion=20260503-19-tq5I trainer=20260503-19-tq5I-1
[ARENA] #30 Candidate vs Champion @ step 3600
[ARENA]     Games: 100/100
[ARENA]     Result: 10W / 82D / 8L
[ARENA]     Score: 51.0% [46.8%, 55.2%]
[ARENA]     Elo diff: +7 [-22, +36]
[ARENA]     Draw rate: 82.0%
[ARENA]     By side:
[ARENA]       Candidate as white: 50.0%  (6W/38D/6L, n=50)
[ARENA]       Candidate as black: 52.0%  (4W/44D/2L, n=50)
[ARENA]     batch=4096 lr=5.0e-05 promote>=0.55 games=100 sp.tau=2.00/0.80/0.015 ar.tau=2.00/0.50/0.015 workers=48 build=549
[ARENA]     candidate=20260503-19-tq5I-1  champion=20260503-19-tq5I  trainer=20260503-19-tq5I-1
[ARENA]     diversity: unique=100/100 (100%) avgDiverge=3.1
[ARENA]     Verdict: kept    dur=0:23
[ARENA] #30 kv step=3600 games=100 w=10 d=82 l=8 score=0.5100 elo=+7 elo_lo=-22 elo_hi=+36 draw_rate=0.8200 cand_white_w=6 cand_white_d=38 cand_white_l=6 cand_black_w=4 cand_black_d=44 cand_black_l=2 cand_white_score=0.5000 cand_black_score=0.5200 promoted=0 kind=none dur_sec=23.1 build=549 candidate=20260503-19-tq5I-1 champion=20260503-19-tq5I trainer=20260503-19-tq5I-1
[ARENA] #31 Candidate vs Champion @ step 3665
[ARENA]     Games: 100/100
[ARENA]     Result: 12W / 79D / 9L
[ARENA]     Score: 51.5% [47.0%, 56.0%]
[ARENA]     Elo diff: +10 [-21, +42]
[ARENA]     Draw rate: 79.0%
[ARENA]     By side:
[ARENA]       Candidate as white: 51.0%  (5W/41D/4L, n=50)
[ARENA]       Candidate as black: 52.0%  (7W/38D/5L, n=50)
[ARENA]     batch=4096 lr=5.0e-05 promote>=0.55 games=100 sp.tau=2.00/0.80/0.015 ar.tau=2.00/0.50/0.015 workers=48 build=549
[ARENA]     candidate=20260503-19-tq5I-1  champion=20260503-19-tq5I  trainer=20260503-19-tq5I-1
[ARENA]     diversity: unique=100/100 (100%) avgDiverge=3.2
[ARENA]     Verdict: kept    dur=0:21
[ARENA] #31 kv step=3665 games=100 w=12 d=79 l=9 score=0.5150 elo=+10 elo_lo=-21 elo_hi=+42 draw_rate=0.7900 cand_white_w=5 cand_white_d=41 cand_white_l=4 cand_black_w=7 cand_black_d=38 cand_black_l=5 cand_white_score=0.5100 cand_black_score=0.5200 promoted=0 kind=none dur_sec=21.0 build=549 candidate=20260503-19-tq5I-1 champion=20260503-19-tq5I trainer=20260503-19-tq5I-1
[ARENA] #32 Candidate vs Champion @ step 3725
[ARENA]     Games: 100/100
[ARENA]     Result: 6W / 92D / 2L
[ARENA]     Score: 52.0% [49.3%, 54.7%]
[ARENA]     Elo diff: +14 [-5, +33]
[ARENA]     Draw rate: 92.0%
[ARENA]     By side:
[ARENA]       Candidate as white: 54.0%  (5W/44D/1L, n=50)
[ARENA]       Candidate as black: 50.0%  (1W/48run_training.sh: run complete, output at experiments/20260503-034949/result.json
