run_training.sh: launching DrewsChessMachine (limit=5400s, params=/Users/andrew/cursor/drews-chess-machine/experiments/20260502-170508/parameters.json, out=/Users/andrew/cursor/drews-chess-machine/experiments/20260502-170508/result.json)
run_latest.sh: launching /Users/andrew/Library/Developer/Xcode/DerivedData/DrewsChessMachine-eyigcdvyyrcsakaqcybzcfgsurbr/Build/Products/Debug/DrewsChessMachine.app/Contents/MacOS/DrewsChessMachine
[APP] session log: /Users/andrew/Library/Logs/DrewsChessMachine/dcm_log_20260502-120533.txt
[ARENA] #1 Candidate vs Champion @ step 177
[ARENA]     Games: 100/100
[ARENA]     Result: 7W / 92D / 1L
[ARENA]     Score: 53.0% [50.3%, 55.7%]
[ARENA]     Elo diff: +21 [+2, +40]
[ARENA]     Draw rate: 92.0%
[ARENA]     By side:
[ARENA]       Candidate as white: 52.0%  (2W/48D/0L, n=50)
[ARENA]       Candidate as black: 54.0%  (5W/44D/1L, n=50)
[ARENA]     batch=4096 lr=5.0e-05 promote>=0.55 games=100 sp.tau=2.00/0.80/0.015 ar.tau=2.00/0.50/0.015 workers=48 build=512
[ARENA]     candidate=20260502-37-cqHz-1  champion=20260502-37-cqHz  trainer=20260502-37-cqHz-1
[ARENA]     diversity: unique=100/100 (100%) avgDiverge=1.9
[ARENA]     Verdict: kept    dur=0:33
[ARENA] #1 kv step=177 games=100 w=7 d=92 l=1 score=0.5300 elo=+21 elo_lo=+2 elo_hi=+40 draw_rate=0.9200 cand_white_w=2 cand_white_d=48 cand_white_l=0 cand_black_w=5 cand_black_d=44 cand_black_l=1 cand_white_score=0.5200 cand_black_score=0.5400 promoted=0 kind=none dur_sec=33.1 build=512 candidate=20260502-37-cqHz-1 champion=20260502-37-cqHz trainer=20260502-37-cqHz-1
[ARENA] #2 Candidate vs Champion @ step 382
[ARENA]     Games: 100/100
[ARENA]     Result: 7W / 89D / 4L
[ARENA]     Score: 51.5% [48.3%, 54.7%]
[ARENA]     Elo diff: +10 [-12, +33]
[ARENA]     Draw rate: 89.0%
[ARENA]     By side:
[ARENA]       Candidate as white: 51.0%  (1W/49D/0L, n=50)
[ARENA]       Candidate as black: 52.0%  (6W/40D/4L, n=50)
[ARENA]     batch=4096 lr=5.0e-05 promote>=0.55 games=100 sp.tau=2.00/0.80/0.015 ar.tau=2.00/0.50/0.015 workers=48 build=512
[ARENA]     candidate=20260502-37-cqHz-1  champion=20260502-37-cqHz  trainer=20260502-37-cqHz-1
[ARENA]     diversity: unique=100/100 (100%) avgDiverge=2.4
[ARENA]     Verdict: kept    dur=0:31
[ARENA] #2 kv step=382 games=100 w=7 d=89 l=4 score=0.5150 elo=+10 elo_lo=-12 elo_hi=+33 draw_rate=0.8900 cand_white_w=1 cand_white_d=49 cand_white_l=0 cand_black_w=6 cand_black_d=40 cand_black_l=4 cand_white_score=0.5100 cand_black_score=0.5200 promoted=0 kind=none dur_sec=31.7 build=512 candidate=20260502-37-cqHz-1 champion=20260502-37-cqHz trainer=20260502-37-cqHz-1
[ARENA] #3 Candidate vs Champion @ step 585
[ARENA]     Games: 100/100
[ARENA]     Result: 6W / 88D / 6L
[ARENA]     Score: 50.0% [46.6%, 53.4%]
[ARENA]     Elo diff: +0 [-24, +24]
[ARENA]     Draw rate: 88.0%
[ARENA]     By side:
[ARENA]       Candidate as white: 48.0%  (2W/44D/4L, n=50)
[ARENA]       Candidate as black: 52.0%  (4W/44D/2L, n=50)
[ARENA]     batch=4096 lr=5.0e-05 promote>=0.55 games=100 sp.tau=2.00/0.80/0.015 ar.tau=2.00/0.50/0.015 workers=48 build=512
[ARENA]     candidate=20260502-37-cqHz-1  champion=20260502-37-cqHz  trainer=20260502-37-cqHz-1
[ARENA]     diversity: unique=100/100 (100%) avgDiverge=2.5
[ARENA]     Verdict: kept    dur=0:31
[ARENA] #3 kv step=585 games=100 w=6 d=88 l=6 score=0.5000 elo=+0 elo_lo=-24 elo_hi=+24 draw_rate=0.8800 cand_white_w=2 cand_white_d=44 cand_white_l=4 cand_black_w=4 cand_black_d=44 cand_black_l=2 cand_white_score=0.4800 cand_black_score=0.5200 promoted=0 kind=none dur_sec=31.5 build=512 candidate=20260502-37-cqHz-1 champion=20260502-37-cqHz trainer=20260502-37-cqHz-1
[ARENA] #4 Candidate vs Champion @ step 786
[ARENA]     Games: 100/100
[ARENA]     Result: 4W / 95D / 1L
[ARENA]     Score: 51.5% [49.3%, 53.7%]
[ARENA]     Elo diff: +10 [-5, +26]
[ARENA]     Draw rate: 95.0%
[ARENA]     By side:
[ARENA]       Candidate as white: 50.0%  (1W/48D/1L, n=50)
[ARENA]       Candidate as black: 53.0%  (3W/47D/0L, n=50)
[ARENA]     batch=4096 lr=5.0e-05 promote>=0.55 games=100 sp.tau=2.00/0.80/0.015 ar.tau=2.00/0.50/0.015 workers=48 build=512
[ARENA]     candidate=20260502-37-cqHz-1  champion=20260502-37-cqHz  trainer=20260502-37-cqHz-1
[ARENA]     diversity: unique=100/100 (100%) avgDiverge=2.3
[ARENA]     Verdict: kept    dur=0:33
[ARENA] #4 kv step=786 games=100 w=4 d=95 l=1 score=0.5150 elo=+10 elo_lo=-5 elo_hi=+26 draw_rate=0.9500 cand_white_w=1 cand_white_d=48 cand_white_l=1 cand_black_w=3 cand_black_d=47 cand_black_l=0 cand_white_score=0.5000 cand_black_score=0.5300 promoted=0 kind=none dur_sec=33.7 build=512 candidate=20260502-37-cqHz-1 champion=20260502-37-cqHz trainer=20260502-37-cqHz-1
[ARENA] #5 Candidate vs Champion @ step 986
[ARENA]     Games: 100/100
[ARENA]     Result: 5W / 91D / 4L
[ARENA]     Score: 50.5% [47.6%, 53.4%]
[ARENA]     Elo diff: +3 [-17, +24]
[ARENA]     Draw rate: 91.0%
[ARENA]     By side:
[ARENA]       Candidate as white: 49.0%  (2W/45D/3L, n=50)
[ARENA]       Candidate as black: 52.0%  (3W/46D/1L, n=50)
[ARENA]     batch=4096 lr=5.0e-05 promote>=0.55 games=100 sp.tau=2.00/0.80/0.015 ar.tau=2.00/0.50/0.015 workers=48 build=512
[ARENA]     candidate=20260502-37-cqHz-1  champion=20260502-37-cqHz  trainer=20260502-37-cqHz-1
[ARENA]     diversity: unique=100/100 (100%) avgDiverge=2.6
[ARENA]     Verdict: kept    dur=0:30
[ARENA] #5 kv step=986 games=100 w=5 d=91 l=4 score=0.5050 elo=+3 elo_lo=-17 elo_hi=+24 draw_rate=0.9100 cand_white_w=2 cand_white_d=45 cand_white_l=3 cand_black_w=3 cand_black_d=46 cand_black_l=1 cand_white_score=0.4900 cand_black_score=0.5200 promoted=0 kind=none dur_sec=30.8 build=512 candidate=20260502-37-cqHz-1 champion=20260502-37-cqHz trainer=20260502-37-cqHz-1
[ARENA] #6 Candidate vs Champion @ step 1180
[ARENA]     Games: 100/100
[ARENA]     Result: 2W / 94D / 4L
[ARENA]     Score: 49.0% [46.6%, 51.4%]
[ARENA]     Elo diff: -7 [-24, +10]
[ARENA]     Draw rate: 94.0%
[ARENA]     By side:
[ARENA]       Candidate as white: 50.0%  (1W/48D/1L, n=50)
[ARENA]       Candidate as black: 48.0%  (1W/46D/3L, n=50)
[ARENA]     batch=4096 lr=5.0e-05 promote>=0.55 games=100 sp.tau=2.00/0.80/0.015 ar.tau=2.00/0.50/0.015 workers=48 build=512
[ARENA]     candidate=20260502-37-cqHz-1  champion=20260502-37-cqHz  trainer=20260502-37-cqHz-1
[ARENA]     diversity: unique=100/100 (100%) avgDiverge=2.1
[ARENA]     Verdict: kept    dur=0:33
[ARENA] #6 kv step=1180 games=100 w=2 d=94 l=4 score=0.4900 elo=-7 elo_lo=-24 elo_hi=+10 draw_rate=0.9400 cand_white_w=1 cand_white_d=48 cand_white_l=1 cand_black_w=1 cand_black_d=46 cand_black_l=3 cand_white_score=0.5000 cand_black_score=0.4800 promoted=0 kind=none dur_sec=33.1 build=512 candidate=20260502-37-cqHz-1 champion=20260502-37-cqHz trainer=20260502-37-cqHz-1
[ARENA] #7 Candidate vs Champion @ step 1374
[ARENA]     Games: 100/100
[ARENA]     Result: 8W / 89D / 3L
[ARENA]     Score: 52.5% [49.3%, 55.7%]
[ARENA]     Elo diff: +17 [-5, +40]
[ARENA]     Draw rate: 89.0%
[ARENA]     By side:
[ARENA]       Candidate as white: 52.0%  (4W/44D/2L, n=50)
[ARENA]       Candidate as black: 53.0%  (4W/45D/1L, n=50)
[ARENA]     batch=4096 lr=5.0e-05 promote>=0.55 games=100 sp.tau=2.00/0.80/0.015 ar.tau=2.00/0.50/0.015 workers=48 build=512
[ARENA]     candidate=20260502-37-cqHz-1  champion=20260502-37-cqHz  trainer=20260502-37-cqHz-1
[ARENA]     diversity: unique=100/100 (100%) avgDiverge=2.4
[ARENA]     Verdict: kept    dur=0:32
[ARENA] #7 kv step=1374 games=100 w=8 d=89 l=3 score=0.5250 elo=+17 elo_lo=-5 elo_hi=+40 draw_rate=0.8900 cand_white_w=4 cand_white_d=44 cand_white_l=2 cand_black_w=4 cand_black_d=45 cand_black_l=1 cand_white_score=0.5200 cand_black_score=0.5300 promoted=0 kind=none dur_sec=32.4 build=512 candidate=20260502-37-cqHz-1 champion=20260502-37-cqHz trainer=20260502-37-cqHz-1
[ARENA] #8 Candidate vs Champion @ step 1565
[ARENA]     Games: 100/100
[ARENA]     Result: 5W / 94D / 1L
[ARENA]     Score: 52.0% [49.6%, 54.4%]
[ARENA]     Elo diff: +14 [-3, +30]
[ARENA]     Draw rate: 94.0%
[ARENA]     By side:
[ARENA]       Candidate as white: 52.0%  (2W/48D/0L, n=50)
[ARENA]       Candidate as black: 52.0%  (3W/46D/1L, n=50)
[ARENA]     batch=4096 lr=5.0e-05 promote>=0.55 games=100 sp.tau=2.00/0.80/0.015 ar.tau=2.00/0.50/0.015 workers=48 build=512
[ARENA]     candidate=20260502-37-cqHz-1  champion=20260502-37-cqHz  trainer=20260502-37-cqHz-1
[ARENA]     diversity: unique=100/100 (100%) avgDiverge=2.2
[ARENA]     Verdict: kept    dur=0:31
[ARENA] #8 kv step=1565 games=100 w=5 d=94 l=1 score=0.5200 elo=+14 elo_lo=-3 elo_hi=+30 draw_rate=0.9400 cand_white_w=2 cand_white_d=48 cand_white_l=0 cand_black_w=3 cand_black_d=46 cand_black_l=1 cand_white_score=0.5200 cand_black_score=0.5200 promoted=0 kind=none dur_sec=31.7 build=512 candidate=20260502-37-cqHz-1 champion=20260502-37-cqHz trainer=20260502-37-cqHz-1
[ARENA] #9 Candidate vs Champion @ step 1755
[ARENA]     Games: 100/100
[ARENA]     Result: 5W / 90D / 5L
[ARENA]     Score: 50.0% [46.9%, 53.1%]
[ARENA]     Elo diff: +0 [-22, +22]
[ARENA]     Draw rate: 90.0%
[ARENA]     By side:
[ARENA]       Candidate as white: 50.0%  (2W/46D/2L, n=50)
[ARENA]       Candidate as black: 50.0%  (3W/44D/3L, n=50)
[ARENA]     batch=4096 lr=5.0e-05 promote>=0.55 games=100 sp.tau=2.00/0.80/0.015 ar.tau=2.00/0.50/0.015 workers=48 build=512
[ARENA]     candidate=20260502-37-cqHz-1  champion=20260502-37-cqHz  trainer=20260502-37-cqHz-1
[ARENA]     diversity: unique=100/100 (100%) avgDiverge=2.3
[ARENA]     Verdict: kept    dur=0:33
[ARENA] #9 kv step=1755 games=100 w=5 d=90 l=5 score=0.5000 elo=+0 elo_lo=-22 elo_hi=+22 draw_rate=0.9000 cand_white_w=2 cand_white_d=46 cand_white_l=2 cand_black_w=3 cand_black_d=44 cand_black_l=3 cand_white_score=0.5000 cand_black_score=0.5000 promoted=0 kind=none dur_sec=33.3 build=512 candidate=20260502-37-cqHz-1 champion=20260502-37-cqHz trainer=20260502-37-cqHz-1
[ARENA] #10 Candidate vs Champion @ step 1939
[ARENA]     Games: 100/100
[ARENA]     Result: 7W / 88D / 5L
[ARENA]     Score: 51.0% [47.6%, 54.4%]
[ARENA]     Elo diff: +7 [-17, +31]
[ARENA]     Draw rate: 88.0%
[ARENA]     By side:
[ARENA]       Candidate as white: 51.0%  (3W/45D/2L, n=50)
[ARENA]       Candidate as black: 51.0%  (4W/43D/3L, n=50)
[ARENA]     batch=4096 lr=5.0e-05 promote>=0.55 games=100 sp.tau=2.00/0.80/0.015 ar.tau=2.00/0.50/0.015 workers=48 build=512
[ARENA]     candidate=20260502-37-cqHz-1  champion=20260502-37-cqHz  trainer=20260502-37-cqHz-1
[ARENA]     diversity: unique=100/100 (100%) avgDiverge=2.2
[ARENA]     Verdict: kept    dur=0:34
[ARENA] #10 kv step=1939 games=100 w=7 d=88 l=5 score=0.5100 elo=+7 elo_lo=-17 elo_hi=+31 draw_rate=0.8800 cand_white_w=3 cand_white_d=45 cand_white_l=2 cand_black_w=4 cand_black_d=43 cand_black_l=3 cand_white_score=0.5100 cand_black_score=0.5100 promoted=0 kind=none dur_sec=34.1 build=512 candidate=20260502-37-cqHz-1 champion=20260502-37-cqHz trainer=20260502-37-cqHz-1
[ARENA] #11 Candidate vs Champion @ step 2119
[ARENA]     Games: 100/100
[ARENA]     Result: 8W / 90D / 2L
[ARENA]     Score: 53.0% [50.0%, 56.0%]
[ARENA]     Elo diff: +21 [+0, +42]
[ARENA]     Draw rate: 90.0%
[ARENA]     By side:
[ARENA]       Candidate as white: 52.0%  (3W/46D/1L, n=50)
[ARENA]       Candidate as black: 54.0%  (5W/44D/1L, n=50)
[ARENA]     batch=4096 lr=5.0e-05 promote>=0.55 games=100 sp.tau=2.00/0.80/0.015 ar.tau=2.00/0.50/0.015 workers=48 build=512
[ARENA]     candidate=20260502-37-cqHz-1  champion=20260502-37-cqHz  trainer=20260502-37-cqHz-1
[ARENA]     diversity: unique=100/100 (100%) avgDiverge=2.4
[ARENA]     Verdict: kept    dur=0:31
[ARENA] #11 kv step=2119 games=100 w=8 d=90 l=2 score=0.5300 elo=+21 elo_lo=+0 elo_hi=+42 draw_rate=0.9000 cand_white_w=3 cand_white_d=46 cand_white_l=1 cand_black_w=5 cand_black_d=44 cand_black_l=1 cand_white_score=0.5200 cand_black_score=0.5400 promoted=0 kind=none dur_sec=31.2 build=512 candidate=20260502-37-cqHz-1 champion=20260502-37-cqHz trainer=20260502-37-cqHz-1
[ARENA] #12 Candidate vs Champion @ step 2291
[ARENA]     Games: 100/100
[ARENA]     Result: 4W / 93D / 3L
[ARENA]     Score: 50.5% [47.9%, 53.1%]
[ARENA]     Elo diff: +3 [-15, +22]
[ARENA]     Draw rate: 93.0%
[ARENA]     By side:
[ARENA]       Candidate as white: 50.0%  (1W/48D/1L, n=50)
[ARENA]       Candidate as black: 51.0%  (3W/45D/2L, n=50)
[ARENA]     batch=4096 lr=5.0e-05 promote>=0.55 games=100 sp.tau=2.00/0.80/0.015 ar.tau=2.00/0.50/0.015 workers=48 build=512
[ARENA]     candidate=20260502-37-cqHz-1  champion=20260502-37-cqHz  trainer=20260502-37-cqHz-1
[ARENA]     diversity: unique=100/100 (100%) avgDiverge=2.5
[ARENA]     Verdict: kept    dur=0:30
[ARENA] #12 kv step=2291 games=100 w=4 d=93 l=3 score=0.5050 elo=+3 elo_lo=-15 elo_hi=+22 draw_rate=0.9300 cand_white_w=1 cand_white_d=48 cand_white_l=1 cand_black_w=3 cand_black_d=45 cand_black_l=2 cand_white_score=0.5000 cand_black_score=0.5100 promoted=0 kind=none dur_sec=30.9 build=512 candidate=20260502-37-cqHz-1 champion=20260502-37-cqHz trainer=20260502-37-cqHz-1
[ARENA] #13 Candidate vs Champion @ step 2465
[ARENA]     Games: 100/100
[ARENA]     Result: 5W / 90D / 5L
[ARENA]     Score: 50.0% [46.9%, 53.1%]
[ARENA]     Elo diff: +0 [-22, +22]
[ARENA]     Draw rate: 90.0%
[ARENA]     By side:
[ARENA]       Candidate as white: 50.0%  (3W/44D/3L, n=50)
[ARENA]       Candidate as black: 50.0%  (2W/46D/2L, n=50)
[ARENA]     batch=4096 lr=5.0e-05 promote>=0.55 games=100 sp.tau=2.00/0.80/0.015 ar.tau=2.00/0.50/0.015 workers=48 build=512
[ARENA]     candidate=20260502-37-cqHz-1  champion=20260502-37-cqHz  trainer=20260502-37-cqHz-1
[ARENA]     diversity: unique=100/100 (100%) avgDiverge=2.2
[ARENA]     Verdict: kept    dur=0:32
[ARENA] #13 kv step=2465 games=100 w=5 d=90 l=5 score=0.5000 elo=+0 elo_lo=-22 elo_hi=+22 draw_rate=0.9000 cand_white_w=3 cand_white_d=44 cand_white_l=3 cand_black_w=2 cand_black_d=46 cand_black_l=2 cand_white_score=0.5000 cand_black_score=0.5000 promoted=0 kind=none dur_sec=32.5 build=512 candidate=20260502-37-cqHz-1 champion=20260502-37-cqHz trainer=20260502-37-cqHz-1
[ARENA] #14 Candidate vs Champion @ step 2640
[ARENA]     Games: 100/100
[ARENA]     Result: 3W / 93D / 4L
[ARENA]     Score: 49.5% [46.9%, 52.1%]
[ARENA]     Elo diff: -3 [-22, +15]
[ARENA]     Draw rate: 93.0%
[ARENA]     By side:
[ARENA]       Candidate as white: 51.0%  (2W/47D/1L, n=50)
[ARENA]       Candidate as black: 48.0%  (1W/46D/3L, n=50)
[ARENA]     batch=4096 lr=5.0e-05 promote>=0.55 games=100 sp.tau=2.00/0.80/0.015 ar.tau=2.00/0.50/0.015 workers=48 build=512
[ARENA]     candidate=20260502-37-cqHz-1  champion=20260502-37-cqHz  trainer=20260502-37-cqHz-1
[ARENA]     diversity: unique=100/100 (100%) avgDiverge=2.2
[ARENA]     Verdict: kept    dur=0:31
[ARENA] #14 kv step=2640 games=100 w=3 d=93 l=4 score=0.4950 elo=-3 elo_lo=-22 elo_hi=+15 draw_rate=0.9300 cand_white_w=2 cand_white_d=47 cand_white_l=1 cand_black_w=1 cand_black_d=46 cand_black_l=3 cand_white_score=0.5100 cand_black_score=0.4800 promoted=0 kind=none dur_sec=31.3 build=512 candidate=20260502-37-cqHz-1 champion=20260502-37-cqHz trainer=20260502-37-cqHz-1
[ARENA] #15 Candidate vs Champion @ step 2816
[ARENA]     Games: 100/100
[ARENA]     Result: 5W / 93D / 2L
[ARENA]     Score: 51.5% [48.9%, 54.1%]
[ARENA]     Elo diff: +10 [-7, +28]
[ARENA]     Draw rate: 93.0%
[ARENA]     By side:
[ARENA]       Candidate as white: 54.0%  (4W/46D/0L, n=50)
[ARENA]       Candidate as black: 49.0%  (1W/47D/2L, n=50)
[ARENA]     batch=4096 lr=5.0e-05 promote>=0.55 games=100 sp.tau=2.00/0.80/0.015 ar.tau=2.00/0.50/0.015 workers=48 build=512
[ARENA]     candidate=20260502-37-cqHz-1  champion=20260502-37-cqHz  trainer=20260502-37-cqHz-1
[ARENA]     diversity: unique=100/100 (100%) avgDiverge=2.1
[ARENA]     Verdict: kept    dur=0:33
[ARENA] #15 kv step=2816 games=100 w=5 d=93 l=2 score=0.5150 elo=+10 elo_lo=-7 elo_hi=+28 draw_rate=0.9300 cand_white_w=4 cand_white_d=46 cand_white_l=0 cand_black_w=1 cand_black_d=47 cand_black_l=2 cand_white_score=0.5400 cand_black_score=0.4900 promoted=0 kind=none dur_sec=33.5 build=512 candidate=20260502-37-cqHz-1 champion=20260502-37-cqHz trainer=20260502-37-cqHz-1
[ARENA] #16 Candidate vs Champion @ step 2997
[ARENA]     Games: 100/100
[ARENA]     Result: 5W / 91D / 4L
[ARENA]     Score: 50.5% [47.6%, 53.4%]
[ARENA]     Elo diff: +3 [-17, +24]
[ARENA]     Draw rate: 91.0%
[ARENA]     By side:
[ARENA]       Candidate as white: 54.0%  (5W/44D/1L, n=50)
[ARENA]       Candidate as black: 47.0%  (0W/47D/3L, n=50)
[ARENA]     batch=4096 lr=5.0e-05 promote>=0.55 games=100 sp.tau=2.00/0.80/0.015 ar.tau=2.00/0.50/0.015 workers=48 build=512
[ARENA]     candidate=20260502-37-cqHz-1  champion=20260502-37-cqHz  trainer=20260502-37-cqHz-1
[ARENA]     diversity: unique=100/100 (100%) avgDiverge=2.6
[ARENA]     Verdict: kept    dur=0:33
[ARrun_training.sh: run complete, output at /Users/andrew/cursor/drews-chess-machine/experiments/20260502-170508/result.json
