run_training.sh: launching DrewsChessMachine (limit=3600s, params=experiments/20260501-060552/parameters.json, out=experiments/20260501-060552/result.json)
run_latest.sh: launching /Users/andrew/Library/Developer/Xcode/DerivedData/DrewsChessMachine-eyigcdvyyrcsakaqcybzcfgsurbr/Build/Products/Release/DrewsChessMachine.app/Contents/MacOS/DrewsChessMachine
[APP] session log: /Users/andrew/Library/Logs/DrewsChessMachine/dcm_log_20260501-010645.txt
[ARENA] #1 Candidate vs Champion @ step 191
[ARENA]     Games: 100/100
[ARENA]     Result: 7W / 84D / 9L
[ARENA]     Score: 49.0% [45.1%, 52.9%]
[ARENA]     Elo diff: -7 [-34, +20]
[ARENA]     Draw rate: 84.0%
[ARENA]     By side:
[ARENA]       Candidate as white: 51.0%  (3W/45D/2L, n=50)
[ARENA]       Candidate as black: 47.0%  (4W/39D/7L, n=50)
[ARENA]     batch=4096 lr=5.0e-05 promote>=0.55 games=100 sp.tau=2.00/0.80/0.030 ar.tau=2.00/0.50/0.010 workers=48 build=463
[ARENA]     candidate=20260501-19-nBxt-1  champion=20260501-19-nBxt  trainer=20260501-19-nBxt-1
[ARENA]     diversity: unique=100/100 (100%) avgDiverge=1.8
[ARENA]     Verdict: kept    dur=0:21
[ARENA] #1 kv step=191 games=100 w=7 d=84 l=9 score=0.4900 elo=-7 elo_lo=-34 elo_hi=+20 draw_rate=0.8400 cand_white_w=3 cand_white_d=45 cand_white_l=2 cand_black_w=4 cand_black_d=39 cand_black_l=7 cand_white_score=0.5100 cand_black_score=0.4700 promoted=0 kind=none dur_sec=21.3 build=463 candidate=20260501-19-nBxt-1 champion=20260501-19-nBxt trainer=20260501-19-nBxt-1
[ARENA] #2 Candidate vs Champion @ step 403
[ARENA]     Games: 100/100
[ARENA]     Result: 6W / 88D / 6L
[ARENA]     Score: 50.0% [46.6%, 53.4%]
[ARENA]     Elo diff: +0 [-24, +24]
[ARENA]     Draw rate: 88.0%
[ARENA]     By side:
[ARENA]       Candidate as white: 48.0%  (3W/42D/5L, n=50)
[ARENA]       Candidate as black: 52.0%  (3W/46D/1L, n=50)
[ARENA]     batch=4096 lr=5.0e-05 promote>=0.55 games=100 sp.tau=2.00/0.80/0.030 ar.tau=2.00/0.50/0.010 workers=48 build=463
[ARENA]     candidate=20260501-19-nBxt-1  champion=20260501-19-nBxt  trainer=20260501-19-nBxt-1
[ARENA]     diversity: unique=100/100 (100%) avgDiverge=1.5
[ARENA]     Verdict: kept    dur=0:20
[ARENA] #2 kv step=403 games=100 w=6 d=88 l=6 score=0.5000 elo=+0 elo_lo=-24 elo_hi=+24 draw_rate=0.8800 cand_white_w=3 cand_white_d=42 cand_white_l=5 cand_black_w=3 cand_black_d=46 cand_black_l=1 cand_white_score=0.4800 cand_black_score=0.5200 promoted=0 kind=none dur_sec=20.6 build=463 candidate=20260501-19-nBxt-1 champion=20260501-19-nBxt trainer=20260501-19-nBxt-1
[ARENA] #3 Candidate vs Champion @ step 613
[ARENA]     Games: 100/100
[ARENA]     Result: 5W / 90D / 5L
[ARENA]     Score: 50.0% [46.9%, 53.1%]
[ARENA]     Elo diff: +0 [-22, +22]
[ARENA]     Draw rate: 90.0%
[ARENA]     By side:
[ARENA]       Candidate as white: 46.0%  (0W/46D/4L, n=50)
[ARENA]       Candidate as black: 54.0%  (5W/44D/1L, n=50)
[ARENA]     batch=4096 lr=5.0e-05 promote>=0.55 games=100 sp.tau=2.00/0.80/0.030 ar.tau=2.00/0.50/0.010 workers=48 build=463
[ARENA]     candidate=20260501-19-nBxt-1  champion=20260501-19-nBxt  trainer=20260501-19-nBxt-1
[ARENA]     diversity: unique=100/100 (100%) avgDiverge=1.7
[ARENA]     Verdict: kept    dur=0:22
[ARENA] #3 kv step=613 games=100 w=5 d=90 l=5 score=0.5000 elo=+0 elo_lo=-22 elo_hi=+22 draw_rate=0.9000 cand_white_w=0 cand_white_d=46 cand_white_l=4 cand_black_w=5 cand_black_d=44 cand_black_l=1 cand_white_score=0.4600 cand_black_score=0.5400 promoted=0 kind=none dur_sec=22.1 build=463 candidate=20260501-19-nBxt-1 champion=20260501-19-nBxt trainer=20260501-19-nBxt-1
[ARENA] #4 Candidate vs Champion @ step 820
[ARENA]     Games: 100/100
[ARENA]     Result: 7W / 87D / 6L
[ARENA]     Score: 50.5% [47.0%, 54.0%]
[ARENA]     Elo diff: +3 [-21, +28]
[ARENA]     Draw rate: 87.0%
[ARENA]     By side:
[ARENA]       Candidate as white: 51.0%  (4W/43D/3L, n=50)
[ARENA]       Candidate as black: 50.0%  (3W/44D/3L, n=50)
[ARENA]     batch=4096 lr=5.0e-05 promote>=0.55 games=100 sp.tau=2.00/0.80/0.030 ar.tau=2.00/0.50/0.010 workers=48 build=463
[ARENA]     candidate=20260501-19-nBxt-1  champion=20260501-19-nBxt  trainer=20260501-19-nBxt-1
[ARENA]     diversity: unique=100/100 (100%) avgDiverge=1.6
[ARENA]     Verdict: kept    dur=0:22
[ARENA] #4 kv step=820 games=100 w=7 d=87 l=6 score=0.5050 elo=+3 elo_lo=-21 elo_hi=+28 draw_rate=0.8700 cand_white_w=4 cand_white_d=43 cand_white_l=3 cand_black_w=3 cand_black_d=44 cand_black_l=3 cand_white_score=0.5100 cand_black_score=0.5000 promoted=0 kind=none dur_sec=22.1 build=463 candidate=20260501-19-nBxt-1 champion=20260501-19-nBxt trainer=20260501-19-nBxt-1
[ARENA] #5 Candidate vs Champion @ step 1026
[ARENA]     Games: 100/100
[ARENA]     Result: 8W / 89D / 3L
[ARENA]     Score: 52.5% [49.3%, 55.7%]
[ARENA]     Elo diff: +17 [-5, +40]
[ARENA]     Draw rate: 89.0%
[ARENA]     By side:
[ARENA]       Candidate as white: 53.0%  (4W/45D/1L, n=50)
[ARENA]       Candidate as black: 52.0%  (4W/44D/2L, n=50)
[ARENA]     batch=4096 lr=5.0e-05 promote>=0.55 games=100 sp.tau=2.00/0.80/0.030 ar.tau=2.00/0.50/0.010 workers=48 build=463
[ARENA]     candidate=20260501-19-nBxt-1  champion=20260501-19-nBxt  trainer=20260501-19-nBxt-1
[ARENA]     diversity: unique=100/100 (100%) avgDiverge=1.4
[ARENA]     Verdict: kept    dur=0:21
[ARENA] #5 kv step=1026 games=100 w=8 d=89 l=3 score=0.5250 elo=+17 elo_lo=-5 elo_hi=+40 draw_rate=0.8900 cand_white_w=4 cand_white_d=45 cand_white_l=1 cand_black_w=4 cand_black_d=44 cand_black_l=2 cand_white_score=0.5300 cand_black_score=0.5200 promoted=0 kind=none dur_sec=21.0 build=463 candidate=20260501-19-nBxt-1 champion=20260501-19-nBxt trainer=20260501-19-nBxt-1
[ARENA] #6 Candidate vs Champion @ step 1229
[ARENA]     Games: 100/100
[ARENA]     Result: 5W / 87D / 8L
[ARENA]     Score: 48.5% [45.0%, 52.0%]
[ARENA]     Elo diff: -10 [-35, +14]
[ARENA]     Draw rate: 87.0%
[ARENA]     By side:
[ARENA]       Candidate as white: 49.0%  (3W/43D/4L, n=50)
[ARENA]       Candidate as black: 48.0%  (2W/44D/4L, n=50)
[ARENA]     batch=4096 lr=5.0e-05 promote>=0.55 games=100 sp.tau=2.00/0.80/0.030 ar.tau=2.00/0.50/0.010 workers=48 build=463
[ARENA]     candidate=20260501-19-nBxt-1  champion=20260501-19-nBxt  trainer=20260501-19-nBxt-1
[ARENA]     diversity: unique=100/100 (100%) avgDiverge=1.6
[ARENA]     Verdict: kept    dur=0:20
[ARENA] #6 kv step=1229 games=100 w=5 d=87 l=8 score=0.4850 elo=-10 elo_lo=-35 elo_hi=+14 draw_rate=0.8700 cand_white_w=3 cand_white_d=43 cand_white_l=4 cand_black_w=2 cand_black_d=44 cand_black_l=4 cand_white_score=0.4900 cand_black_score=0.4800 promoted=0 kind=none dur_sec=20.6 build=463 candidate=20260501-19-nBxt-1 champion=20260501-19-nBxt trainer=20260501-19-nBxt-1
[ARENA] #7 Candidate vs Champion @ step 1428
[ARENA]     Games: 100/100
[ARENA]     Result: 8W / 87D / 5L
[ARENA]     Score: 51.5% [48.0%, 55.0%]
[ARENA]     Elo diff: +10 [-14, +35]
[ARENA]     Draw rate: 87.0%
[ARENA]     By side:
[ARENA]       Candidate as white: 54.0%  (6W/42D/2L, n=50)
[ARENA]       Candidate as black: 49.0%  (2W/45D/3L, n=50)
[ARENA]     batch=4096 lr=5.0e-05 promote>=0.55 games=100 sp.tau=2.00/0.80/0.030 ar.tau=2.00/0.50/0.010 workers=48 build=463
[ARENA]     candidate=20260501-19-nBxt-1  champion=20260501-19-nBxt  trainer=20260501-19-nBxt-1
[ARENA]     diversity: unique=100/100 (100%) avgDiverge=1.5
[ARENA]     Verdict: kept    dur=0:20
[ARENA] #7 kv step=1428 games=100 w=8 d=87 l=5 score=0.5150 elo=+10 elo_lo=-14 elo_hi=+35 draw_rate=0.8700 cand_white_w=6 cand_white_d=42 cand_white_l=2 cand_black_w=2 cand_black_d=45 cand_black_l=3 cand_white_score=0.5400 cand_black_score=0.4900 promoted=0 kind=none dur_sec=20.8 build=463 candidate=20260501-19-nBxt-1 champion=20260501-19-nBxt trainer=20260501-19-nBxt-1
[ARENA] #8 Candidate vs Champion @ step 1626
[ARENA]     Games: 100/100
[ARENA]     Result: 5W / 90D / 5L
[ARENA]     Score: 50.0% [46.9%, 53.1%]
[ARENA]     Elo diff: +0 [-22, +22]
[ARENA]     Draw rate: 90.0%
[ARENA]     By side:
[ARENA]       Candidate as white: 52.0%  (4W/44D/2L, n=50)
[ARENA]       Candidate as black: 48.0%  (1W/46D/3L, n=50)
[ARENA]     batch=4096 lr=5.0e-05 promote>=0.55 games=100 sp.tau=2.00/0.80/0.030 ar.tau=2.00/0.50/0.010 workers=48 build=463
[ARENA]     candidate=20260501-19-nBxt-1  champion=20260501-19-nBxt  trainer=20260501-19-nBxt-1
[ARENA]     diversity: unique=100/100 (100%) avgDiverge=1.6
[ARENA]     Verdict: kept    dur=0:20
[ARENA] #8 kv step=1626 games=100 w=5 d=90 l=5 score=0.5000 elo=+0 elo_lo=-22 elo_hi=+22 draw_rate=0.9000 cand_white_w=4 cand_white_d=44 cand_white_run_training.sh: run complete, output at experiments/20260501-060552/result.json
