run_training.sh: launching DrewsChessMachine (limit=7200s, params=experiments/20260502-014019-replicate/parameters.json, out=experiments/20260502-014019-replicate/result.json)
run_latest.sh: launching /Users/andrew/Library/Developer/Xcode/DerivedData/DrewsChessMachine-eyigcdvyyrcsakaqcybzcfgsurbr/Build/Products/Debug/DrewsChessMachine.app/Contents/MacOS/DrewsChessMachine
[APP] session log: /Users/andrew/Library/Logs/DrewsChessMachine/dcm_log_20260501-204022.txt
[ARENA] #1 Candidate vs Champion @ step 177
[ARENA]     Games: 100/100
[ARENA]     Result: 8W / 78D / 14L
[ARENA]     Score: 47.0% [42.4%, 51.6%]
[ARENA]     Elo diff: -21 [-53, +11]
[ARENA]     Draw rate: 78.0%
[ARENA]     By side:
[ARENA]       Candidate as white: 46.0%  (4W/38D/8L, n=50)
[ARENA]       Candidate as black: 48.0%  (4W/40D/6L, n=50)
[ARENA]     batch=4096 lr=5.0e-05 promote>=0.55 games=100 sp.tau=2.00/0.80/0.030 ar.tau=2.00/0.50/0.010 workers=48 build=495
[ARENA]     candidate=20260502-3-i9qG-1  champion=20260502-3-i9qG  trainer=20260502-3-i9qG-1
[ARENA]     diversity: unique=100/100 (100%) avgDiverge=1.9
[ARENA]     Verdict: kept    dur=0:29
[ARENA] #1 kv step=177 games=100 w=8 d=78 l=14 score=0.4700 elo=-21 elo_lo=-53 elo_hi=+11 draw_rate=0.7800 cand_white_w=4 cand_white_d=38 cand_white_l=8 cand_black_w=4 cand_black_d=40 cand_black_l=6 cand_white_score=0.4600 cand_black_score=0.4800 promoted=0 kind=none dur_sec=29.9 build=495 candidate=20260502-3-i9qG-1 champion=20260502-3-i9qG trainer=20260502-3-i9qG-1
[ARENA] #2 Candidate vs Champion @ step 384
[ARENA]     Games: 100/100
[ARENA]     Result: 12W / 83D / 5L
[ARENA]     Score: 53.5% [49.5%, 57.5%]
[ARENA]     Elo diff: +24 [-3, +52]
[ARENA]     Draw rate: 83.0%
[ARENA]     By side:
[ARENA]       Candidate as white: 55.0%  (6W/43D/1L, n=50)
[ARENA]       Candidate as black: 52.0%  (6W/40D/4L, n=50)
[ARENA]     batch=4096 lr=5.0e-05 promote>=0.55 games=100 sp.tau=2.00/0.80/0.030 ar.tau=2.00/0.50/0.010 workers=48 build=495
[ARENA]     candidate=20260502-3-i9qG-1  champion=20260502-3-i9qG  trainer=20260502-3-i9qG-1
[ARENA]     diversity: unique=100/100 (100%) avgDiverge=1.9
[ARENA]     Verdict: kept    dur=0:32
[ARENA] #2 kv step=384 games=100 w=12 d=83 l=5 score=0.5350 elo=+24 elo_lo=-3 elo_hi=+52 draw_rate=0.8300 cand_white_w=6 cand_white_d=43 cand_white_l=1 cand_black_w=6 cand_black_d=40 cand_black_l=4 cand_white_score=0.5500 cand_black_score=0.5200 promoted=0 kind=none dur_sec=32.8 build=495 candidate=20260502-3-i9qG-1 champion=20260502-3-i9qG trainer=20260502-3-i9qG-1
[ARENA] #3 Candidate vs Champion @ step 589
[ARENA]     Games: 100/100
[ARENA]     Result: 8W / 83D / 9L
[ARENA]     Score: 49.5% [45.5%, 53.5%]
[ARENA]     Elo diff: -3 [-32, +25]
[ARENA]     Draw rate: 83.0%
[ARENA]     By side:
[ARENA]       Candidate as white: 51.0%  (5W/41D/4L, n=50)
[ARENA]       Candidate as black: 48.0%  (3W/42D/5L, n=50)
[ARENA]     batch=4096 lr=5.0e-05 promote>=0.55 games=100 sp.tau=2.00/0.80/0.030 ar.tau=2.00/0.50/0.010 workers=48 build=495
[ARENA]     candidate=20260502-3-i9qG-1  champion=20260502-3-i9qG  trainer=20260502-3-i9qG-1
[ARENA]     diversity: unique=100/100 (100%) avgDiverge=2.0
[ARENA]     Verdict: kept    dur=0:33
[ARENA] #3 kv step=589 games=100 w=8 d=83 l=9 score=0.4950 elo=-3 elo_lo=-32 elo_hi=+25 draw_rate=0.8300 cand_white_w=5 cand_white_d=41 cand_white_l=4 cand_black_w=3 cand_black_d=42 cand_black_l=5 cand_white_score=0.5100 cand_black_score=0.4800 promoted=0 kind=none dur_sec=33.3 build=495 candidate=20260502-3-i9qG-1 champion=20260502-3-i9qG trainer=20260502-3-i9qG-1
[ARENA] #4 Candidate vs Champion @ step 791
[ARENA]     Games: 100/100
[ARENA]     Result: 13W / 76D / 11L
[ARENA]     Score: 51.0% [46.2%, 55.8%]
[ARENA]     Elo diff: +7 [-26, +40]
[ARENA]     Draw rate: 76.0%
[ARENA]     By side:
[ARENA]       Candidate as white: 48.0%  (5W/38D/7L, n=50)
[ARENA]       Candidate as black: 54.0%  (8W/38D/4L, n=50)
[ARENA]     batch=4096 lr=5.0e-05 promote>=0.55 games=100 sp.tau=2.00/0.80/0.030 ar.tau=2.00/0.50/0.010 workers=48 build=495
[ARENA]     candidate=20260502-3-i9qG-1  champion=20260502-3-i9qG  trainer=20260502-3-i9qG-1
[ARENA]     diversity: unique=100/100 (100%) avgDiverge=1.6
[ARENA]     Verdict: kept    dur=0:29
[ARENA] #4 kv step=791 games=100 w=13 d=76 l=11 score=0.5100 elo=+7 elo_lo=-26 elo_hi=+40 draw_rate=0.7600 cand_white_w=5 cand_white_d=38 cand_white_l=7 cand_black_w=8 cand_black_d=38 cand_black_l=4 cand_white_score=0.4800 cand_black_score=0.5400 promoted=0 kind=none dur_sec=29.9 build=495 candidate=20260502-3-i9qG-1 champion=20260502-3-i9qG trainer=20260502-3-i9qG-1
[ARENA] #5 Candidate vs Champion @ step 991
[ARENA]     Games: 100/100
[ARENA]     Result: 14W / 82D / 4L
[ARENA]     Score: 55.0% [51.0%, 59.0%]
[ARENA]     Elo diff: +35 [+7, +64]
[ARENA]     Draw rate: 82.0%
[ARENA]     By side:
[ARENA]       Candidate as white: 55.0%  (8W/39D/3L, n=50)
[ARENA]       Candidate as black: 55.0%  (6W/43D/1L, n=50)
[ARENA]     batch=4096 lr=5.0e-05 promote>=0.55 games=100 sp.tau=2.00/0.80/0.030 ar.tau=2.00/0.50/0.010 workers=48 build=495
[ARENA]     candidate=20260502-3-i9qG-1  champion=20260502-3-i9qG  trainer=20260502-3-i9qG-2
[ARENA]     diversity: unique=100/100 (100%) avgDiverge=1.7
[ARENA]     Verdict: PROMOTED(auto)=20260502-3-i9qG-1    dur=0:33
[ARENA] #5 kv step=991 games=100 w=14 d=82 l=4 score=0.5500 elo=+35 elo_lo=+7 elo_hi=+64 draw_rate=0.8200 cand_white_w=8 cand_white_d=39 cand_white_l=3 cand_black_w=6 cand_black_d=43 cand_black_l=1 cand_white_score=0.5500 cand_black_score=0.5500 promoted=1 kind=automatic dur_sec=33.0 build=495 candidate=20260502-3-i9qG-1 champion=20260502-3-i9qG trainer=20260502-3-i9qG-2
[ARENA] #6 Candidate vs Champion @ step 1188
[ARENA]     Games: 100/100
[ARENA]     Result: 7W / 83D / 10L
[ARENA]     Score: 48.5% [44.5%, 52.5%]
[ARENA]     Elo diff: -10 [-39, +18]
[ARENA]     Draw rate: 83.0%
[ARENA]     By side:
[ARENA]       Candidate as white: 50.0%  (5W/40D/5L, n=50)
[ARENA]       Candidate as black: 47.0%  (2W/43D/5L, n=50)
[ARENA]     batch=4096 lr=5.0e-05 promote>=0.55 games=100 sp.tau=2.00/0.80/0.030 ar.tau=2.00/0.50/0.010 workers=48 build=495
[ARENA]     candidate=20260502-3-i9qG-2  champion=20260502-3-i9qG-1  trainer=20260502-3-i9qG-2
[ARENA]     diversity: unique=100/100 (100%) avgDiverge=1.4
[ARENA]     Verdict: kept    dur=0:32
[ARENA] #6 kv step=1188 games=100 w=7 d=83 l=10 score=0.4850 elo=-10 elo_lo=-39 elo_hi=+18 draw_rate=0.8300 cand_white_w=5 cand_white_d=40 cand_white_l=5 cand_black_w=2 cand_black_d=43 cand_black_l=5 cand_white_score=0.5000 cand_black_score=0.4700 promoted=0 kind=none dur_sec=32.5 build=495 candidate=20260502-3-i9qG-2 champion=20260502-3-i9qG-1 trainer=20260502-3-i9qG-2
[ARENA] #7 Candidate vs Champion @ step 1384
[ARENA]     Games: 100/100
[ARENA]     Result: 10W / 77D / 13L
[ARENA]     Score: 48.5% [43.8%, 53.2%]
[ARENA]     Elo diff: -10 [-43, +22]
[ARENA]     Draw rate: 77.0%
[ARENA]     By side:
[ARENA]       Candidate as white: 49.0%  (5W/39D/6L, n=50)
[ARENA]       Candidate as black: 48.0%  (5W/38D/7L, n=50)
[ARENA]     batch=4096 lr=5.0e-05 promote>=0.55 games=100 sp.tau=2.00/0.80/0.030 ar.tau=2.00/0.50/0.010 workers=48 build=495
[ARENA]     candidate=20260502-3-i9qG-2  champion=20260502-3-i9qG-1  trainer=20260502-3-i9qG-2
[ARENA]     diversity: unique=100/100 (100%) avgDiverge=1.5
[ARENA]     Verdict: kept    dur=0:30
[ARENA] #7 kv step=1384 games=100 w=10 d=77 l=13 score=0.4850 elo=-10 elo_lo=-43 elo_hi=+22 draw_rate=0.7700 cand_white_w=5 cand_white_d=39 cand_white_l=6 cand_black_w=5 cand_black_d=38 cand_black_l=7 cand_white_score=0.4900 cand_black_score=0.4800 promoted=0 kind=none dur_sec=30.8 build=495 candidate=20260502-3-i9qG-2 champion=20260502-3-i9qG-1 trainer=20260502-3-i9qG-2
[ARENA] #8 Candidate vs Champion @ step 1577
[ARENA]     Games: 100/100
[ARENA]     Result: 12W / 84D / 4L
[ARENA]     Score: 54.0% [50.2%, 57.8%]
[ARENA]     Elo diff: +28 [+1, +55]
[ARENA]     Draw rate: 84.0%
[ARENA]     By side:
[ARENA]       Candidate as white: 56.0%  (7W/42D/1L, n=50)
[ARENA]       Candidate as black: 52.0%  (5W/42D/3L, n=50)
[ARENA]     batch=4096 lr=5.0e-05 promote>=0.55 games=100 sp.tau=2.00/0.80/0.030 ar.tau=2.00/0.50/0.010 workers=48 build=495
[ARENA]     candidate=20260502-3-i9qG-2  champion=20260502-3-i9qG-1  trainer=20260502-3-i9qG-2
[ARENA]     diversity: unique=100/100 (100%) avgDiverge=1.6
[ARENA]     Verdict: kept    dur=0:30
[ARENA] #8 kv step=1577 games=100 w=12 d=84 l=4 score=0.5400 elo=+28 elo_lo=+1 elo_hi=+55 draw_rate=0.8400 cand_white_w=7 cand_white_d=42 cand_white_l=1 cand_black_w=5 cand_black_d=42 cand_black_l=3 cand_white_score=0.5600 cand_black_score=0.5200 promoted=0 kind=none dur_sec=30.3 build=495 candidate=20260502-3-i9qG-2 champion=20260502-3-i9qG-1 trainer=20260502-3-i9qG-2
[ARENA] #9 Candidate vs Champion @ step 1766
[ARENA]     Games: 100/100
[ARENA]     Result: 17W / 73D / 10L
[ARENA]     Score: 53.5% [48.5%, 58.5%]
[ARENA]     Elo diff: +24 [-11, +60]
[ARENA]     Draw rate: 73.0%
[ARENA]     By side:
[ARENA]       Candidate as white: 54.0%  (10W/34D/6L, n=50)
[ARENA]       Candidate as black: 53.0%  (7W/39D/4L, n=50)
[ARENA]     batch=4096 lr=5.0e-05 promote>=0.55 games=100 sp.tau=2.00/0.80/0.030 ar.tau=2.00/0.50/0.010 workers=48 build=495
[ARENA]     candidate=20260502-3-i9qG-2  champion=20260502-3-i9qG-1  trainer=20260502-3-i9qG-2
[ARENA]     diversity: unique=100/100 (100%) avgDiverge=1.5
[ARENA]     Verdict: kept    dur=0:33
[ARENA] #9 kv step=1766 games=100 w=17 d=73 l=10 score=0.5350 elo=+24 elo_lo=-11 elo_hi=+60 draw_rate=0.7300 cand_white_w=10 cand_white_d=34 cand_white_l=6 cand_black_w=7 cand_black_d=39 cand_black_l=4 cand_white_score=0.5400 cand_black_score=0.5300 promoted=0 kind=none dur_sec=33.0 build=495 candidate=20260502-3-i9qG-2 champion=20260502-3-i9qG-1 trainer=20260502-3-i9qG-2
[ARENA] #10 Candidate vs Champion @ step 1953
[ARENA]     Games: 100/100
[ARENA]     Result: 4W / 91D / 5L
[ARENA]     Score: 49.5% [46.6%, 52.4%]
[ARENA]     Elo diff: -3 [-24, +17]
[ARENA]     Draw rate: 91.0%
[ARENA]     By side:
[ARENA]       Candidate as white: 52.0%  (2W/48D/0L, n=50)
[ARENA]       Candidate as black: 47.0%  (2W/43D/5L, n=50)
[ARENA]     batch=4096 lr=5.0e-05 promote>=0.55 games=100 sp.tau=2.00/0.80/0.030 ar.tau=2.00/0.50/0.010 workers=48 build=495
[ARENA]     candidate=20260502-3-i9qG-2  champion=20260502-3-i9qG-1  trainer=20260502-3-i9qG-2
[ARENA]     diversity: unique=100/100 (100%) avgDiverge=1.6
[ARENA]     Verdict: kept    dur=0:33
[ARENA] #10 kv step=1953 games=100 w=4 d=91 l=5 score=0.4950 elo=-3 elo_lo=-24 elo_hi=+17 draw_rate=0.9100 cand_white_w=2 cand_white_d=48 cand_white_l=0 cand_black_w=2 cand_black_d=43 cand_black_l=5 cand_white_score=0.5200 cand_black_score=0.4700 promoted=0 kind=none dur_sec=33.2 build=495 candidate=20260502-3-i9qG-2 champion=20260502-3-i9qG-1 trainer=20260502-3-i9qG-2
[ARENA] #11 Candidate vs Champion @ step 2137
[ARENA]     Games: 100/100
[ARENA]     Result: 12W / 73D / 15L
[ARENA]     Score: 48.5% [43.4%, 53.6%]
[ARENA]     Elo diff: -10 [-46, +25]
[ARENA]     Draw rate: 73.0%
[ARENA]     By side:
[ARENA]       Candidate as white: 48.0%  (7W/34D/9L, n=50)
[ARENA]       Candidate as black: 49.0%  (5W/39D/6L, n=50)
[ARENA]     batch=4096 lr=5.0e-05 promote>=0.55 games=100 sp.tau=2.00/0.80/0.030 ar.tau=2.00/0.50/0.010 workers=48 build=495
[ARENA]     candidate=20260502-3-i9qG-2  champion=20260502-3-i9qG-1  trainer=20260502-3-i9qG-2
[ARENA]     diversity: unique=100/100 (100%) avgDiverge=1.5
[ARENA]     Verdict: kept    dur=0:32
[ARENA] #11 kv step=2137 games=100 w=12 d=73 l=15 score=0.4850 elo=-10 elo_lo=-46 elo_hi=+25 draw_rate=0.7300 cand_white_w=7 cand_white_d=34 cand_white_l=9 cand_black_w=5 cand_black_d=39 cand_black_l=6 cand_white_score=0.4800 cand_black_score=0.4900 promoted=0 kind=none dur_sec=32.4 build=495 candidate=20260502-3-i9qG-2 champion=20260502-3-i9qG-1 trainer=20260502-3-i9qG-2
[ARENA] #12 Candidate vs Champion @ step 2315
[ARENA]     Games: 100/100
[ARENA]     Result: 7W / 82D / 11L
[ARENA]     Score: 48.0% [43.9%, 52.1%]
[ARENA]     Elo diff: -14 [-43, +15]
[ARENA]     Draw rate: 82.0%
[ARENA]     By side:
[ARENA]       Candidate as white: 48.0%  (2W/44D/4L, n=50)
[ARENA]       Candidate as black: 48.0%  (5W/38D/7L, n=50)
[ARENA]     batch=4096 lr=5.0e-05 promote>=0.55 games=100 sp.tau=2.00/0.80/0.030 ar.tau=2.00/0.50/0.010 workers=48 build=495
[ARENA]     candidate=20260502-3-i9qG-2  champion=20260502-3-i9qG-1  trainer=20260502-3-i9qG-2
[ARENA]     diversity: unique=100/100 (100%) avgDiverge=1.5
[ARENA]     Verdict: kept    dur=0:33
[ARENA] #12 kv step=2315 games=100 w=7 d=82 l=11 score=0.4800 elo=-14 elo_lo=-43 elo_hi=+15 draw_rate=0.8200 cand_white_w=2 cand_white_d=44 cand_white_l=4 cand_black_w=5 cand_black_d=38 cand_black_l=7 cand_white_score=0.4800 cand_black_score=0.4800 promoted=0 kind=none dur_sec=33.5 build=495 candidate=20260502-3-i9qG-2 champion=20260502-3-i9qG-1 trainer=20260502-3-i9qG-2
[ARENA] #13 Candidate vs Champion @ step 2495
[ARENA]     Games: 100/100
[ARENA]     Result: 11W / 79D / 10L
[ARENA]     Score: 50.5% [46.0%, 55.0%]
[ARENA]     Elo diff: +3 [-28, +35]
[ARENA]     Draw rate: 79.0%
[ARENA]     By side:
[ARENA]       Candidate as white: 52.0%  (6W/40D/4L, n=50)
[ARENA]       Candidate as black: 49.0%  (5W/39D/6L, n=50)
[ARENA]     batch=4096 lr=5.0e-05 promote>=0.55 games=100 sp.tau=2.00/0.80/0.030 ar.tau=2.00/0.50/0.010 workers=48 build=495
[ARENA]     candidate=20260502-3-i9qG-2  champion=20260502-3-i9qG-1  trainer=20260502-3-i9qG-2
[ARENA]     diversity: unique=100/100 (100%) avgDiverge=1.5
[ARENA]     Verdict: kept    dur=0:28
[ARENA] #13 kv step=2495 games=100 w=11 d=79 l=10 score=0.5050 elo=+3 elo_lo=-28 elo_hi=+35 draw_rate=0.7900 cand_white_w=6 cand_white_d=40 cand_white_l=4 cand_black_w=5 cand_black_d=39 cand_black_l=6 cand_white_score=0.5200 cand_black_score=0.4900 promoted=0 kind=none dur_sec=29.0 build=495 candidate=20260502-3-i9qG-2 champion=20260502-3-i9qG-1 trainer=20260502-3-i9qG-2
[ARENA] #14 Candidate vs Champion @ step 2673
[ARENA]     Games: 100/100
[ARENA]     Result: 7W / 84D / 9L
[ARENA]     Score: 49.0% [45.1%, 52.9%]
[ARENA]     Elo diff: -7 [-34, +20]
[ARENA]     Draw rate: 84.0%
[ARENA]     By side:
[ARENA]       Candidate as white: 47.0%  (3W/41D/6L, n=50)
[ARENA]       Candidate as black: 51.0%  (4W/43D/3L, n=50)
[ARENA]     batch=4096 lr=5.0e-05 promote>=0.55 games=100 sp.tau=2.00/0.80/0.030 ar.tau=2.00/0.50/0.010 workers=48 build=495
[ARENA]     candidate=20260502-3-i9qG-2  champion=20260502-3-i9qG-1  trainer=20260502-3-i9qG-2
[ARENA]     diversity: unique=100/100 (100%) avgDiverge=1.5
[ARENA]     Verdict: kept    dur=0:33
[ARENA] #14 kv step=2673 games=100 w=7 d=84 l=9 score=0.4900 elo=-7 elo_lo=-34 elo_hi=+20 draw_rate=0.8400 cand_white_w=3 cand_white_d=41 cand_white_l=6 cand_black_w=4 cand_black_d=43 cand_black_l=3 cand_white_score=0.4700 cand_black_score=0.5100 promoted=0 kind=none dur_sec=33.1 build=495 candidate=20260502-3-i9qG-2 champion=20260502-3-i9qG-1 trainer=20260502-3-i9qG-2
[ARENA] #15 Candidate vs Champion @ step 2849
[ARENA]     Games: 100/100
[ARENA]     Result: 11W / 82D / 7L
[ARENA]     Score: 52.0% [47.9%, 56.1%]
[ARENA]     Elo diff: +14 [-15, +43]
[ARENA]     Draw rate: 82.0%
[ARENA]     By side:
[ARENA]       Candidate as white: 52.0%  (5W/42D/3L, n=50)
[ARENA]       Candidate as black: 52.0%  (6W/40D/4L, n=50)
[ARENA]     batch=4096 lr=5.0e-05 promote>=0.55 games=100 sp.tau=2.00/0.80/0.030 ar.tau=2.00/0.50/0.010 workers=48 build=495
[ARENA]     candidate=20260502-3-i9qG-2  champion=20260502-3-i9qG-1  trainer=20260502-3-i9qG-2
[ARENA]     diversity: unique=100/100 (100%) avgDiverge=1.4
[ARENA]     Verdict: kept    dur=0:33
[ARENA] #15 kv step=2849 games=100 w=11 d=82 l=7 score=0.5200 elo=+14 elo_lo=-15 elo_hi=+43 draw_rate=0.8200 cand_white_w=5 cand_white_d=42 cand_white_l=3 cand_black_w=6 cand_black_d=40 cand_black_l=4 cand_white_score=0.5200 cand_black_score=0.5200 promoted=0 kind=none dur_sec=33.2 build=495 candidate=20260502-3-i9qG-2 champion=20260502-3-i9qG-1 trainer=20260502-3-i9qG-2
[ARENA] #16 Candidate vs Champion @ step 3030
[ARENA]     Games: 100/100
[ARENA]     Result: 6W / 83D / 11L
[ARENA]     Score: 47.5% [43.5%, 51.5%]
[ARENA]     Elo diff: -17 [-46, +11]
[ARENA]     Draw rate: 83.0%
[ARENA]     By side:
[ARENA]       Candidate as white: 48.0%  (5W/38D/7L, n=50)
[ARENA]       Candidate as black: 47.0%  (1W/45D/4L, n=50)
[ARENA]     batch=4096 lr=5.0e-05 promote>=0.55 games=100 sp.tau=2.00/0.80/0.030 ar.tau=2.00/0.50/0.010 workers=48 build=495
[ARENA]     candidate=20260502-3-i9qG-2  champion=20260502-3-i9qG-1  trainer=20260502-3-i9qG-2
[ARENA]     diversity: unique=100/100 (100%) avgDiverge=1.5
[ARENA]  