run_training.sh: launching DrewsChessMachine (limit=5400s, params=/Users/andrew/cursor/drews-chess-machine/experiments/20260502-034032/parameters.json, out=/Users/andrew/cursor/drews-chess-machine/experiments/20260502-034032/result.json)
run_latest.sh: launching /Users/andrew/Library/Developer/Xcode/DerivedData/DrewsChessMachine-eyigcdvyyrcsakaqcybzcfgsurbr/Build/Products/Debug/DrewsChessMachine.app/Contents/MacOS/DrewsChessMachine
[APP] session log: /Users/andrew/Library/Logs/DrewsChessMachine/dcm_log_20260501-224232.txt
[ARENA] #1 Candidate vs Champion @ step 177
[ARENA]     Games: 100/100
[ARENA]     Result: 13W / 80D / 7L
[ARENA]     Score: 53.0% [48.7%, 57.3%]
[ARENA]     Elo diff: +21 [-9, +51]
[ARENA]     Draw rate: 80.0%
[ARENA]     By side:
[ARENA]       Candidate as white: 52.0%  (4W/44D/2L, n=50)
[ARENA]       Candidate as black: 54.0%  (9W/36D/5L, n=50)
[ARENA]     batch=4096 lr=5.0e-05 promote>=0.55 games=100 sp.tau=2.00/0.80/0.030 ar.tau=2.00/0.50/0.010 workers=48 build=495
[ARENA]     candidate=20260502-5-FZ7z-1  champion=20260502-5-FZ7z  trainer=20260502-5-FZ7z-1
[ARENA]     diversity: unique=100/100 (100%) avgDiverge=1.8
[ARENA]     Verdict: kept    dur=0:33
[ARENA] #1 kv step=177 games=100 w=13 d=80 l=7 score=0.5300 elo=+21 elo_lo=-9 elo_hi=+51 draw_rate=0.8000 cand_white_w=4 cand_white_d=44 cand_white_l=2 cand_black_w=9 cand_black_d=36 cand_black_l=5 cand_white_score=0.5200 cand_black_score=0.5400 promoted=0 kind=none dur_sec=33.5 build=495 candidate=20260502-5-FZ7z-1 champion=20260502-5-FZ7z trainer=20260502-5-FZ7z-1
[ARENA] #2 Candidate vs Champion @ step 374
[ARENA]     Games: 100/100
[ARENA]     Result: 11W / 86D / 3L
[ARENA]     Score: 54.0% [50.4%, 57.6%]
[ARENA]     Elo diff: +28 [+3, +53]
[ARENA]     Draw rate: 86.0%
[ARENA]     By side:
[ARENA]       Candidate as white: 53.0%  (5W/43D/2L, n=50)
[ARENA]       Candidate as black: 55.0%  (6W/43D/1L, n=50)
[ARENA]     batch=4096 lr=5.0e-05 promote>=0.55 games=100 sp.tau=2.00/0.80/0.030 ar.tau=2.00/0.50/0.010 workers=48 build=495
[ARENA]     candidate=20260502-5-FZ7z-1  champion=20260502-5-FZ7z  trainer=20260502-5-FZ7z-1
[ARENA]     diversity: unique=100/100 (100%) avgDiverge=1.9
[ARENA]     Verdict: kept    dur=0:34
[ARENA] #2 kv step=374 games=100 w=11 d=86 l=3 score=0.5400 elo=+28 elo_lo=+3 elo_hi=+53 draw_rate=0.8600 cand_white_w=5 cand_white_d=43 cand_white_l=2 cand_black_w=6 cand_black_d=43 cand_black_l=1 cand_white_score=0.5300 cand_black_score=0.5500 promoted=0 kind=none dur_sec=34.3 build=495 candidate=20260502-5-FZ7z-1 champion=20260502-5-FZ7z trainer=20260502-5-FZ7z-1
[ARENA] #3 Candidate vs Champion @ step 573
[ARENA]     Games: 100/100
[ARENA]     Result: 13W / 80D / 7L
[ARENA]     Score: 53.0% [48.7%, 57.3%]
[ARENA]     Elo diff: +21 [-9, +51]
[ARENA]     Draw rate: 80.0%
[ARENA]     By side:
[ARENA]       Candidate as white: 55.0%  (9W/37D/4L, n=50)
[ARENA]       Candidate as black: 51.0%  (4W/43D/3L, n=50)
[ARENA]     batch=4096 lr=5.0e-05 promote>=0.55 games=100 sp.tau=2.00/0.80/0.030 ar.tau=2.00/0.50/0.010 workers=48 build=495
[ARENA]     candidate=20260502-5-FZ7z-1  champion=20260502-5-FZ7z  trainer=20260502-5-FZ7z-1
[ARENA]     diversity: unique=100/100 (100%) avgDiverge=1.8
[ARENA]     Verdict: kept    dur=0:32
[ARENA] #3 kv step=573 games=100 w=13 d=80 l=7 score=0.5300 elo=+21 elo_lo=-9 elo_hi=+51 draw_rate=0.8000 cand_white_w=9 cand_white_d=37 cand_white_l=4 cand_black_w=4 cand_black_d=43 cand_black_l=3 cand_white_score=0.5500 cand_black_score=0.5100 promoted=0 kind=none dur_sec=32.9 build=495 candidate=20260502-5-FZ7z-1 champion=20260502-5-FZ7z trainer=20260502-5-FZ7z-1
[ARENA] #4 Candidate vs Champion @ step 774
[ARENA]     Games: 100/100
[ARENA]     Result: 4W / 88D / 8L
[ARENA]     Score: 48.0% [44.6%, 51.4%]
[ARENA]     Elo diff: -14 [-37, +10]
[ARENA]     Draw rate: 88.0%
[ARENA]     By side:
[ARENA]       Candidate as white: 46.0%  (2W/42D/6L, n=50)
[ARENA]       Candidate as black: 50.0%  (2W/46D/2L, n=50)
[ARENA]     batch=4096 lr=5.0e-05 promote>=0.55 games=100 sp.tau=2.00/0.80/0.030 ar.tau=2.00/0.50/0.010 workers=48 build=495
[ARENA]     candidate=20260502-5-FZ7z-1  champion=20260502-5-FZ7z  trainer=20260502-5-FZ7z-1
[ARENA]     diversity: unique=100/100 (100%) avgDiverge=1.8
[ARENA]     Verdict: kept    dur=0:33
[ARENA] #4 kv step=774 games=100 w=4 d=88 l=8 score=0.4800 elo=-14 elo_lo=-37 elo_hi=+10 draw_rate=0.8800 cand_white_w=2 cand_white_d=42 cand_white_l=6 cand_black_w=2 cand_black_d=46 cand_black_l=2 cand_white_score=0.4600 cand_black_