run_training.sh: launching DrewsChessMachine (limit=5400s, params=experiments/20260502-140915/parameters.json, out=experiments/20260502-140915/result.json)
run_latest.sh: launching /Users/andrew/Library/Developer/Xcode/DerivedData/DrewsChessMachine-eyigcdvyyrcsakaqcybzcfgsurbr/Build/Products/Debug/DrewsChessMachine.app/Contents/MacOS/DrewsChessMachine
[APP] session log: /Users/andrew/Library/Logs/DrewsChessMachine/dcm_log_20260502-090949.txt
[ARENA] #1 Candidate vs Champion @ step 178
[ARENA]     Games: 100/100
[ARENA]     Result: 11W / 81D / 8L
[ARENA]     Score: 51.5% [47.2%, 55.8%]
[ARENA]     Elo diff: +10 [-19, +40]
[ARENA]     Draw rate: 81.0%
[ARENA]     By side:
[ARENA]       Candidate as white: 52.0%  (6W/40D/4L, n=50)
[ARENA]       Candidate as black: 51.0%  (5W/41D/4L, n=50)
[ARENA]     batch=4096 lr=5.0e-05 promote>=0.55 games=100 sp.tau=2.00/0.80/0.015 ar.tau=2.00/0.50/0.015 workers=48 build=512
[ARENA]     candidate=20260502-33-g0Fl-1  champion=20260502-33-g0Fl  trainer=20260502-33-g0Fl-1
[ARENA]     diversity: unique=100/100 (100%) avgDiverge=2.0
[ARENA]     Verdict: kept    dur=0:26
[ARENA] #1 kv step=178 games=100 w=11 d=81 l=8 score=0.5150 elo=+10 elo_lo=-19 elo_hi=+40 draw_rate=0.8100 cand_white_w=6 cand_white_d=40 cand_white_l=4 cand_black_w=5 cand_black_d=41 cand_black_l=4 cand_white_score=0.5200 cand_black_score=0.5100 promoted=0 kind=none dur_sec=26.6 build=512 candidate=20260502-33-g0Fl-1 champion=20260502-33-g0Fl trainer=20260502-33-g0Fl-1
[ARENA] #2 Candidate vs Champion @ step 381
[ARENA]     Games: 100/100
[ARENA]     Result: 14W / 80D / 6L
[ARENA]     Score: 54.0% [49.7%, 58.3%]
[ARENA]     Elo diff: +28 [-2, +58]
[ARENA]     Draw rate: 80.0%
[ARENA]     By side:
[ARENA]       Candidate as white: 53.0%  (6W/41D/3L, n=50)
[ARENA]       Candidate as black: 55.0%  (8W/39D/3L, n=50)
[ARENA]     batch=4096 lr=5.0e-05 promote>=0.55 games=100 sp.tau=2.00/0.80/0.015 ar.tau=2.00/0.50/0.015 workers=48 build=512
[ARENA]     candidate=20260502-33-g0Fl-1  champion=20260502-33-g0Fl  trainer=20260502-33-g0Fl-1
[ARENA]     diversity: unique=100/100 (100%) avgDiverge=2.1
[ARENA]     Verdict: kept    dur=0:27
[ARENA] #2 kv step=381 games=100 w=14 d=80 l=6 score=0.5400 elo=+28 elo_lo=-2 elo_hi=+58 draw_rate=0.8000 cand_white_w=6 cand_white_d=41 cand_white_l=3 cand_black_w=8 cand_black_d=39 cand_black_l=3 cand_white_score=0.5300 cand_black_score=0.5500 promoted=0 kind=none dur_sec=27.6 build=512 candidate=20260502-33-g0Fl-1 champion=20260502-33-g0Fl trainer=20260502-33-g0Fl-1
[ARENA] #3 Candidate vs Champion @ step 584
[ARENA]     Games: 100/100
[ARENA]     Result: 9W / 84D / 7L
[ARENA]     Score: 51.0% [47.1%, 54.9%]
[ARENA]     Elo diff: +7 [-20, +34]
[ARENA]     Draw rate: 84.0%
[ARENA]     By side:
[ARENA]       Candidate as white: 49.0%  (3W/43D/4L, n=50)
[ARENA]       Candidate as black: 53.0%  (6W/41D/3L, n=50)
[ARENA]     batch=4096 lr=5.0e-05 promote>=0.55 games=100 sp.tau=2.00/0.80/0.015 ar.tau=2.00/0.50/0.015 workers=48 build=512
[ARENA]     candidate=20260502-33-g0Fl-1  champion=20260502-33-g0Fl  trainer=20260502-33-g0Fl-1
[ARENA]     diversity: unique=100/100 (100%) avgDiverge=2.1
[ARENA]     Verdict: kept    dur=0:27
[ARENA] #3 kv step=584 games=100 w=9 d=84 l=7 score=0.5100 elo=+7 elo_lo=-20 elo_hi=+34 draw_rate=0.8400 cand_white_w=3 cand_white_d=43 cand_white_l=4 cand_black_w=6 cand_black_d=41 cand_black_l=3 cand_white_score=0.4900 cand_black_score=0.5300 promoted=0 kind=none dur_sec=27.5 build=512 candidate=20260502-33-g0Fl-1 champion=20260502-33-g0Fl trainer=20260502-33-g0Fl-1
[ARENA] #4 Candidate vs Champion @ step 784
[ARENA]     Games: 100/100
[ARENA]     Result: 9W / 85D / 6L
[ARENA]     Score: 51.5% [47.7%, 55.3%]
[ARENA]     Elo diff: +10 [-16, +37]
[ARENA]     Draw rate: 85.0%
[ARENA]     By side:
[ARENA]       Candidate as white: 50.0%  (4W/42D/4L, n=50)
[ARENA]       Candidate as black: 53.0%  (5W/43D/2L, n=50)
[ARENA]     batch=4096 lr=5.0e-05 promote>=0.55 games=100 sp.tau=2.00/0.80/0.015 ar.tau=2.00/0.50/0.015 workers=48 build=512
[ARENA]     candidate=20260502-33-g0Fl-1  champion=20260502-33-g0Fl  trainer=20260502-33-g0Fl-1
[ARENA]     diversity: unique=100/100 (100%) avgDiverge=2.0
[ARENA]     Verdict: kept    dur=0:27
[ARENA] #4 kv step=784 games=100 w=9 d=85 l=6 score=0.5150 elo=+10 elo_lo=-16 elo_hi=+37 draw_rate=0.8500 cand_white_w=4 cand_white_d=42 cand_white_l=4 cand_black_w=5 cand_black_d=43 cand_black_l=2 cand_white_score=0.5000 cand_black_score=0.5300 promoted=0 kind=none dur_sec=27.9 build=512 candidate=20260502-33-g0Fl-1 champion=20260502-33-g0Fl trainer=20260502-33-g0Fl-1
[ARENA] #5 Candidate vs Champion @ step 984
[ARENA]     Games: 100/100
[ARENA]     Result: 11W / 80D / 9L
[ARENA]     Score: 51.0% [46.6%, 55.4%]
[ARENA]     Elo diff: +7 [-24, +38]
[ARENA]     Draw rate: 80.0%
[ARENA]     By side:
[ARENA]       Candidate as white: 53.0%  (6W/41D/3L, n=50)
[ARENA]       Candidate as black: 49.0%  (5W/39D/6L, n=50)
[ARENA]     batch=4096 lr=5.0e-05 promote>=0.55 games=100 sp.tau=2.00/0.80/0.015 ar.tau=2.00/0.50/0.015 workers=48 build=512
[ARENA]     candidate=20260502-33-g0Fl-1  champion=20260502-33-g0Fl  trainer=20260502-33-g0Fl-1
[ARENA]     diversity: unique=100/100 (100%) avgDiverge=2.2
[ARENA]     Verdict: kept    dur=0:27
[ARENA] #5 kv step=984 games=100 w=11 d=80 l=9 score=0.5100 elo=+7 elo_lo=-24 elo_hi=+38 draw_rate=0.8000 cand_white_w=6 cand_white_d=41 cand_white_l=3 cand_black_w=5 cand_black_d=39 cand_black_l=6 cand_white_score=0.5300 cand_black_score=0.4900 promoted=0 kind=none dur_sec=27.7 build=512 candidate=20260502-33-g0Fl-1 champion=20260502-33-g0Fl trainer=20260502-33-g0Fl-1
[ARENA] #6 Candidate vs Champion @ step 1180
[ARENA]     Games: 100/100
[ARENA]     Result: 12W / 80D / 8L
[ARENA]     Score: 52.0% [47.6%, 56.4%]
[ARENA]     Elo diff: +14 [-16, +44]
[ARENA]     Draw rate: 80.0%
[ARENA]     By side:
[ARENA]       Candidate as white: 53.0%  (7W/39D/4L, n=50)
[ARENA]       Candidate as black: 51.0%  (5W/41D/4L, n=50)
[ARENA]     batch=4096 lr=5.0e-05 promote>=0.55 games=100 sp.tau=2.00/0.80/0.015 ar.tau=2.00/0.50/0.015 workers=48 build=512
[ARENA]     candidate=20260502-33-g0Fl-1  champion=20260502-33-g0Fl  trainer=20260502-33-g0Fl-1
[ARENA]     diversity: unique=100/100 (100%) avgDiverge=2.1
[ARENA]     Verdict: kept    dur=0:30
[ARENA] #6 kv step=1180 games=100 w=12 d=80 l=8 score=0.5200 elo=+14 elo_lo=-16 elo_hi=+44 draw_rate=0.8000 cand_white_w=7 cand_white_d=39 cand_white_l=4 cand_black_w=5 cand_black_d=41 cand_black_l=4 cand_white_score=0.5300 cand_black_score=0.5100 promoted=0 kind=none dur_sec=30.0 build=512 candidate=20260502-33-g0Fl-1 champion=20260502-33-g0Fl trainer=20260502-33-g0Fl-1
[ARENA] #7 Candidate vs Champion @ step 1375
[ARENA]     Games: 100/100
[ARENA]     Result: 12W / 79D / 9L
[ARENA]     Score: 51.5% [47.0%, 56.0%]
[ARENA]     Elo diff: +10 [-21, +42]
[ARENA]     Draw rate: 79.0%
[ARENA]     By side:
[ARENA]       Candidate as white: 54.0%  (8W/38D/4L, n=50)
[ARENA]       Candidate as black: 49.0%  (4W/41D/5L, n=50)
[ARENA]     batch=4096 lr=5.0e-05 promote>=0.55 games=100 sp.tau=2.00/0.80/0.015 ar.tau=2.00/0.50/0.015 workers=48 build=512
[ARENA]     candidate=20260502-33-g0Fl-1  champion=20260502-33-g0Fl  trainer=20260502-33-g0Fl-1
[ARENA]     diversity: unique=100/100 (100%) avgDiverge=1.8
[ARENA]     Verdict: kept    dur=0:27
[ARENA] #7 kv step=1375 games=100 w=12 d=79 l=9 score=0.5150 elo=+10 elo_lo=-21 elo_hi=+42 draw_rate=0.7900 cand_white_w=8 cand_white_d=38 cand_white_l=4 cand_black_w=4 cand_black_d=41 cand_black_l=5 cand_white_score=0.5400 cand_black_score=0.4900 promoted=0 kind=none dur_sec=27.7 build=512 candidate=20260502-33-g0Fl-1 champion=20260502-33-g0Fl trainer=20260502-33-g0Fl-1
[ARENA] #8 Candidate vs Champion @ step 1567
[ARENA]     Games: 100/100
[ARENA]     Result: 14W / 77D / 9L
[ARENA]     Score: 52.5% [47.8%, 57.2%]
[ARENA]     Elo diff: +17 [-15, +50]
[ARENA]     Draw rate: 77.0%
[ARENA]     By side:
[ARENA]       Candidate as white: 53.0%  (7W/39D/4L, n=50)
[ARENA]       Candidate as black: 52.0%  (7W/38D/5L, n=50)
[ARENA]     batch=4096 lr=5.0e-05 promote>=0.55 games=100 sp.tau=2.00/0.80/0.015 ar.tau=2.00/0.50/0.015 workers=48 build=512
[ARENA]     candidate=20260502-33-g0Fl-1  champion=20260502-33-g0Fl  trainer=20260502-33-g0Fl-1
[ARENA]     diversity: unique=100/100 (100%) avgDiverge=1.7
[ARENA]     Verdict: kept    dur=0:27
[ARENA] #8 kv step=1567 games=100 w=14 d=77 l=9 score=0.5250 elo=+17 elo_lo=-15 elo_hi=+50 draw_rate=0.7700 cand_white_w=7 cand_white_d=39 cand_white_l=4 cand_black_w=7 cand_black_d=38 cand_black_l=5 cand_white_score=0.5300 cand_black_score=0.5200 promoted=0 kind=none dur_sec=27.6 build=512 candidate=20260502-33-g0Fl-1 champion=20260502-33-g0Fl trainer=20260502-33-g0Fl-1
[ARENA] #9 Candidate vs Champion @ step 1755
[ARENA]     Games: 100/100
[ARENA]     Result: 18W / 73D / 9L
[ARENA]     Score: 54.5% [49.5%, 59.5%]
[ARENA]     Elo diff: +31 [-4, +67]
[ARENA]     Draw rate: 73.0%
[ARENA]     By side:
[ARENA]       Candidate as white: 50.0%  (6W/38D/6L, n=50)
[ARENA]       Candidate as black: 59.0%  (12W/35D/3L, n=50)
[ARENA]     batch=4096 lr=5.0e-05 promote>=0.55 games=100 sp.tau=2.00/0.80/0.015 ar.tau=2.00/0.50/0.015 workers=48 build=512
[ARENA]     candidate=20260502-33-g0Fl-1  champion=20260502-33-g0Fl  trainer=20260502-33-g0Fl-1
[ARENA]     diversity: unique=100/100 (100%) avgDiverge=1.8
[ARENA]     Verdict: kept    dur=0:28
[ARENA] #9 kv step=1755 games=100 w=18 d=73 l=9 score=0.5450 elo=+31 elo_lo=-4 elo_hi=+67 draw_rate=0.7300 cand_white_w=6 cand_white_d=38 cand_white_l=6 cand_black_w=12 cand_black_d=35 cand_black_l=3 cand_white_score=0.5000 cand_black_score=0.5900 promoted=0 kind=none dur_sec=28.7 build=512 candidate=20260502-33-g0Fl-1 champion=20260502-33-g0Fl trainer=20260502-33-g0Fl-1
[ARENA] #10 Candidate vs Champion @ step 1940
[ARENA]     Games: 100/100
[ARENA]     Result: 19W / 74D / 7L
[ARENA]     Score: 56.0% [51.1%, 60.9%]
[ARENA]     Elo diff: +42 [+8, +77]
[ARENA]     Draw rate: 74.0%
[ARENA]     By side:
[ARENA]       Candidate as white: 56.0%  (12W/32D/6L, n=50)
[ARENA]       Candidate as black: 56.0%  (7W/42D/1L, n=50)
[ARENA]     batch=4096 lr=5.0e-05 promote>=0.55 games=100 sp.tau=2.00/0.80/0.015 ar.tau=2.00/0.50/0.015 workers=48 build=512
[ARENA]     candidate=20260502-33-g0Fl-1  champion=20260502-33-g0Fl  trainer=20260502-33-g0Fl-2
[ARENA]     diversity: unique=100/100 (100%) avgDiverge=1.7
[ARENA]     Verdict: PROMOTED(auto)=20260502-33-g0Fl-1    dur=0:27
[ARENA] #10 kv step=1940 games=100 w=19 d=74 l=7 score=0.5600 elo=+42 elo_lo=+8 elo_hi=+77 draw_rate=0.7400 cand_white_w=12 cand_white_d=32 cand_white_l=6 cand_black_w=7 cand_black_d=42 cand_black_l=1 cand_white_score=0.5600 cand_black_score=0.5600 promoted=1 kind=automatic dur_sec=27.5 build=512 candidate=20260502-33-g0Fl-1 champion=20260502-33-g0Fl trainer=20260502-33-g0Fl-2
[ARENA] #11 Candidate vs Champion @ step 2112
[ARENA]     Games: 100/100
[ARENA]     Result: 9W / 81D / 10L
[ARENA]     Score: 49.5% [45.2%, 53.8%]
[ARENA]     Elo diff: -3 [-33, +26]
[ARENA]     Draw rate: 81.0%
[ARENA]     By side:
[ARENA]       Candidate as white: 52.0%  (6W/40D/4L, n=50)
[ARENA]       Candidate as black: 47.0%  (3W/41D/6L, n=50)
[ARENA]     batch=4096 lr=5.0e-05 promote>=0.55 games=100 sp.tau=2.00/0.80/0.015 ar.tau=2.00/0.50/0.015 workers=48 build=512
[ARENA]     candidate=20260502-33-g0Fl-2  champion=20260502-33-g0Fl-1  trainer=20260502-33-g0Fl-2
[ARENA]     diversity: unique=100/100 (100%) avgDiverge=1.9
[ARENA]     Verdict: kept    dur=0:27
[ARENA] #11 kv step=2112 games=100 w=9 d=81 l=10 score=0.4950 elo=-3 elo_lo=-33 elo_hi=+26 draw_rate=0.8100 cand_white_w=6 cand_white_d=40 cand_white_l=4 cand_black_w=3 cand_black_d=41 cand_black_l=6 cand_white_score=0.5200 cand_black_score=0.4700 promoted=0 kind=none dur_sec=27.5 build=512 candidate=20260502-33-g0Fl-2 champion=20260502-33-g0Fl-1 trainer=20260502-33-g0Fl-2
[ARENA] #12 Candidate vs Champion @ step 2279
[ARENA]     Games: 100/100
[ARENA]     Result: 10W / 83D / 7L
[ARENA]     Score: 51.5% [47.5%, 55.5%]
[ARENA]     Elo diff: +10 [-18, +39]
[ARENA]     Draw rate: 83.0%
[ARENA]     By side:
[ARENA]       Candidate as white: 51.0%  (5W/41D/4L, n=50)
[ARENA]       Candidate as black: 52.0%  (5W/42D/3L, n=50)
[ARENA]     batch=4096 lr=5.0e-05 promote>=0.55 games=100 sp.tau=2.00/0.80/0.015 ar.tau=2.00/0.50/0.015 workers=48 build=512
[ARENA]     candidate=20260502-33-g0Fl-2  champion=20260502-33-g0Fl-1  trainer=20260502-33-g0Fl-2
[ARENA]     diversity: unique=100/100 (100%) avgDiverge=2.0
[ARENA]     Verdict: kept    dur=0:27
[ARENA] #12 kv step=2279 games=100 w=10 d=83 l=7 score=0.5150 elo=+10 elo_lo=-18 elo_hi=+39 draw_rate=0.8300 cand_white_w=5 cand_white_d=41 cand_white_l=4 cand_black_w=5 cand_black_d=42 cand_black_l=3 cand_white_score=0.5100 cand_black_score=0.5200 promoted=0 kind=none dur_sec=27.8 build=512 candidate=20260502-33-g0Fl-2 champion=20260502-33-g0Fl-1 trainer=20260502-33-g0Fl-2
[ARENA] #13 Candidate vs Champion @ step 2453
[ARENA]     Games: 100/100
[ARENA]     Result: 11W / 76D / 13L
[ARENA]     Score: 49.0% [44.2%, 53.8%]
[ARENA]     Elo diff: -7 [-40, +26]
[ARENA]     Draw rate: 76.0%
[ARENA]     By side:
[ARENA]       Candidate as white: 47.0%  (4W/39D/7L, n=50)
[ARENA]       Candidate as black: 51.0%  (7W/37D/6L, n=50)
[ARENA]     batch=4096 lr=5.0e-05 promote>=0.55 games=100 sp.tau=2.00/0.80/0.015 ar.tau=2.00/0.50/0.015 workers=48 build=512
[ARENA]     candidate=20260502-33-g0Fl-2  champion=20260502-33-g0Fl-1  trainer=20260502-33-g0Fl-2
[ARENA]     diversity: unique=100/100 (100%) avgDiverge=1.9
[ARENA]     Verdict: kept    dur=0:28
[ARENA] #13 kv step=2453 games=100 w=11 d=76 l=13 score=0.4900 elo=-7 elo_lo=-40 elo_hi=+26 draw_rate=0.7600 cand_white_w=4 cand_white_d=39 cand_white_l=7 cand_black_w=7 cand_black_d=37 cand_black_l=6 cand_white_score=0.4700 cand_black_score=0.5100 promoted=0 kind=none dur_sec=28.6 build=512 candidate=20260502-33-g0Fl-2 champion=20260502-33-g0Fl-1 trainer=20260502-33-g0Fl-2
[ARENA] #14 Candidate vs Champion @ step 2633
[ARENA]     Games: 100/100
[ARENA]     Result: 11W / 82D / 7L
[ARENA]     Score: 52.0% [47.9%, 56.1%]
[ARENA]     Elo diff: +14 [-15, +43]
[ARENA]     Draw rate: 82.0%
[ARENA]     By side:
[ARENA]       Candidate as white: 49.0%  (2W/45D/3L, n=50)
[ARENA]       Candidate as black: 55.0%  (9W/37D/4L, n=50)
[ARENA]     batch=4096 lr=5.0e-05 promote>=0.55 games=100 sp.tau=2.00/0.80/0.015 ar.tau=2.00/0.50/0.015 workers=48 build=512
[ARENA]     candidate=20260502-33-g0Fl-2  champion=20260502-33-g0Fl-1  trainer=20260502-33-g0Fl-2
[ARENA]     diversity: unique=100/100 (100%) avgDiverge=2.0
[ARENA]     Verdict: kept    dur=0:27
[ARENA] #14 kv step=2633 games=100 w=11 d=82 l=7 score=0.5200 elo=+14 elo_lo=-15 elo_hi=+43 draw_rate=0.8200 cand_white_w=2 cand_white_d=45 cand_white_l=3 cand_black_w=9 cand_black_d=37 cand_black_l=4 cand_white_score=0.4900 cand_black_score=0.5500 promoted=0 kind=none dur_sec=27.2 build=512 candidate=20260502-33-g0Fl-2 champion=20260502-33-g0Fl-1 trainer=20260502-33-g0Fl-2
[ARENA] #15 Candidate vs Champion @ step 2810
[ARENA]     Games: 100/100
[ARENA]     Result: 12W / 78D / 10L
[ARENA]     Score: 51.0% [46.4%, 55.6%]
[ARENA]     Elo diff: +7 [-25, +39]
[ARENA]     Draw rate: 78.0%
[ARENA]     By side:
[ARENA]       Candidate as white: 53.0%  (8W/37D/5L, n=50)
[ARENA]       Candidate as black: 49.0%  (4W/41D/5L, n=50)
[ARENA]     batch=4096 lr=5.0e-05 promote>=0.55 games=100 sp.tau=2.00/0.80/0.015 ar.tau=2.00/0.50/0.015 workers=48 build=512
[ARENA]     candidate=20260502-33-g0Fl-2  champion=20260502-33-g0Fl-1  trainer=20260502-33-g0Fl-2
[ARENA]     diversity: unique=100/100 (100%) avgDiverge=1.9
[ARENA]     Verdict: kept    dur=0:28
[ARENA] #15 kv step=2810 games=100 w=12 d=78 l=10 score=0.5100 elo=+7 elo_lo=-25 elo_hi=+39 draw_rate=0.7800 cand_white_w=8 cand_white_d=37 cand_white_l=5 cand_black_w=4 cand_black_d=41 cand_black_l=5 cand_white_score=0.5300 cand_black_score=0.4900 promoted=0 kind=none dur_sec=28.8 build=512 candidate=20260502-33-g0Fl-2 champion=20260502-33-g0Fl-1 trainer=20260502-33-g0Fl-2
[ARENA] #16 Candidate vs Champion @ step 2991
[ARENA]     Games: 100/100
[ARENA]     Result: 10W / 77D / 13L
[ARENA]     Score: 48.5% [43.8%, 53.2%]
[ARENA]     Elo diff: -10 [-43, +22]
[ARENA]     Draw rate: 77.0%
[ARENA]     By side:
[ARENA]       Candidate as white: 47.0%  (6W/35D/9L, n=50)
[ARENA]       Candidate as black: 50.0%  (4W/42D/4L, n=50)
[ARENA]     batch=4096 lr=5.0e-05 promote>=0.55 games=100 sp.tau=2.00/0.80/0.015 ar.tau=2.00/0.50/0.015 workers=48 build=512
[ARENA]     candidate=20260502-33-g0Fl-2  champion=20260502-33-g0Fl-1  trainer=20260502-33-g0Frun_training.sh: run complete, output at experiments/20260502-140915/result.json
