run_training.sh: launching DrewsChessMachine (limit=2400s, params=experiments/20260430-175320-codechange/parameters.json, out=experiments/20260430-175320-codechange/result.json)
[APP] session log: /Users/andrew/Library/Logs/DrewsChessMachine/dcm_log_20260430-125828.txt
[ARENA] #1 Candidate vs Champion @ step 176
[ARENA]     Games: 100/100
[ARENA]     Result: 15W / 72D / 13L
[ARENA]     Score: 51.0% [45.8%, 56.2%]
[ARENA]     Elo diff: +7 [-29, +43]
[ARENA]     Draw rate: 72.0%
[ARENA]     By side:
[ARENA]       Candidate as white: 48.0%  (5W/38D/7L, n=50)
[ARENA]       Candidate as black: 54.0%  (10W/34D/6L, n=50)
[ARENA]     batch=4096 lr=5.0e-05 promote>=0.55 games=100 sp.tau=2.00/0.80/0.030 ar.tau=2.00/0.50/0.010 workers=48 build=404
[ARENA]     candidate=20260430-55-UWAb-1  champion=20260430-55-UWAb  trainer=20260430-55-UWAb-1
[ARENA]     diversity: unique=100/100 (100%) avgDiverge=2.1
[ARENA]     Verdict: kept    dur=4:21
[ARENA] #1 kv step=176 games=100 w=15 d=72 l=13 score=0.5100 elo=+7 elo_lo=-29 elo_hi=+43 draw_rate=0.7200 cand_white_w=5 cand_white_d=38 cand_white_l=7 cand_black_w=10 cand_black_d=34 cand_black_l=6 cand_white_score=0.4800 cand_black_score=0.5400 promoted=0 kind=none dur_sec=261.7 build=404 candidate=20260430-55-UWAb-1 champion=20260430-55-UWAb trainer=20260430-55-UWAb-1
[ARENA] #2 Candidate vs Champion @ step 529
[ARENA]     Games: 100/100
[ARENA]     Result: 17W / 71D / 12L
[ARENA]     Score: 52.5% [47.2%, 57.8%]
[ARENA]     Elo diff: +17 [-19, +54]
[ARENA]     Draw rate: 71.0%
[ARENA]     By side:
[ARENA]       Candidate as white: 51.0%  (8W/35D/7L, n=50)
[ARENA]       Candidate as black: 54.0%  (9W/36D/5L, n=50)
[ARENA]     batch=4096 lr=5.0e-05 promote>=0.55 games=100 sp.tau=2.00/0.80/0.030 ar.tau=2.00/0.50/0.010 workers=48 build=404
[ARENA]     candidate=20260430-55-UWAb-1  champion=20260430-55-UWAb  trainer=20260430-55-UWAb-1
[ARENA]     diversity: unique=100/100 (100%) avgDiverge=2.1
[ARENA]     Verdict: kept    dur=4:12
[ARENA] #2 kv step=529 games=100 w=17 d=71 l=12 score=0.5250 elo=+17 elo_lo=-19 elo_hi=+54 draw_rate=0.7100 cand_white_w=8 cand_white_d=35 cand_white_l=7 cand_black_w=9 cand_black_d=36 cand_black_l=5 cand_white_score=0.5100 cand_black_score=0.5400 promoted=0 kind=none dur_sec=252.7 build=404 candidate=20260430-55-UWAb-1 champion=20260430-55-UWAb trainer=20260430-55-UWAb-1
[ARENA] #3 Candidate vs Champion @ step 871
[ARENA]     Games: 100/100
[ARENA]     Result: 8W / 86D / 6L
[ARENA]     Score: 51.0% [47.3%, 54.7%]
[ARENA]     Elo diff: +7 [-19, +32]
[ARENA]     Draw rate: 86.0%
[ARENA]     By side:
[ARENA]       Candidate as white: 50.0%  (3W/44D/3L, n=50)
[ARENA]       Candidate as black: 52.0%  (5W/42D/3L, n=50)
[ARENA]     batch=4096 lr=5.0e-05 promote>=0.55 games=100 sp.tau=2.00/0.80/0.030 ar.tau=2.00/0.50/0.010 workers=48 build=404
[ARENA]     candidate=20260430-55-UWAb-1  champion=20260430-55-UWAb  trainer=20260430-55-UWAb-1
[ARENA]     diversity: unique=100/100 (100%) avgDiverge=1.8
[ARENA]     Verdict: kept    dur=4:12
[ARENA] #3 kv step=871 games=100 w=8 d=86 l=6 score=0.5100 elo=+7 elo_lo=-19 elo_hi=+32 draw_rate=0.8600 cand_white_w=3 cand_white_d=44 cand_white_l=3 cand_black_w=5 cand_black_d=42 cand_black_l=3 cand_white_score=0.5000 cand_black_score=0.5200 promoted=0 kind=none dur_sec=252.1 build=404 candidate=20260430-55-UWAb-1 champion=20260430-55-UWAb trainer=20260430-55-UWAb-1
[ARENA] #4 Candidate vs Champion @ step 1206
[ARENA]     Games: 100/100
[ARENA]     Result: 10W / 76D / 14L
[ARENA]     Score: 48.0% [43.2%, 52.8%]
[ARENA]     Elo diff: -14 [-47, +19]
[ARENA]     Draw rate: 76.0%
[ARENA]     By side:
[ARENA]       Candidate as white: 44.0%  (4W/36D/10L, n=50)
[ARENA]       Candidate as black: 52.0%  (6W/40D/4L, n=50)
[ARENA]     batch=4096 lr=5.0e-05 promote>=0.55 games=100 sp.tau=2.00/0.80/0.030 ar.tau=2.00/0.50/0.010 workers=48 build=404
[ARENA]     candidate=20260430-55-UWAb-1  champion=20260430-55-UWAb  trainer=20260430-55-UWAb-1
[ARENA]     diversity: unique=100/100 (100%) avgDiverge=1.8
[ARENA]     Verdict: kept    dur=3:42
[ARENA] #4 kv step=1206 games=100 w=10 d=76 l=14 score=0.4800 elo=-14 elo_lo=-47 elo_hi=+19 draw_rate=0.7600 cand_white_w=4 cand_white_d=36 cand_white_l=10 cand_black_w=6 cand_black_d=40 cand_black_lrun_training.sh: run complete, output at experiments/20260430-175320-codechange/result.json
