run_training.sh: launching DrewsChessMachine (limit=7200s, params=experiments/20260501-070844/parameters.json, out=experiments/20260501-070844/result.json)
run_latest.sh: launching /Users/andrew/Library/Developer/Xcode/DerivedData/DrewsChessMachine-eyigcdvyyrcsakaqcybzcfgsurbr/Build/Products/Release/DrewsChessMachine.app/Contents/MacOS/DrewsChessMachine
[APP] session log: /Users/andrew/Library/Logs/DrewsChessMachine/dcm_log_20260501-020916.txt
[ARENA] #1 Candidate vs Champion @ step 192
[ARENA]     Games: 100/100
[ARENA]     Result: 13W / 78D / 9L
[ARENA]     Score: 52.0% [47.4%, 56.6%]
[ARENA]     Elo diff: +14 [-18, +46]
[ARENA]     Draw rate: 78.0%
[ARENA]     By side:
[ARENA]       Candidate as white: 53.0%  (6W/41D/3L, n=50)
[ARENA]       Candidate as black: 51.0%  (7W/37D/6L, n=50)
[ARENA]     batch=4096 lr=5.0e-05 promote>=0.55 games=100 sp.tau=2.00/0.80/0.030 ar.tau=2.00/0.50/0.010 workers=48 build=463
[ARENA]     candidate=20260501-21-h2d8-1  champion=20260501-21-h2d8  trainer=20260501-21-h2d8-1
[ARENA]     diversity: unique=100/100 (100%) avgDiverge=1.9
[ARENA]     Verdict: kept    dur=0:21
[ARENA] #1 kv step=192 games=100 w=13 d=78 l=9 score=0.5200 elo=+14 elo_lo=-18 elo_hi=+46 draw_rate=0.7800 cand_white_w=6 cand_white_d=41 cand_white_l=3 cand_black_w=7 cand_black_d=37 cand_black_l=6 cand_white_score=0.5300 cand_black_score=0.5100 promoted=0 kind=none dur_sec=21.9 build=463 candidate=20260501-21-h2d8-1 champion=20260501-21-h2d8 trainer=20260501-21-h2d8-1
[ARENA] #2 Candidate vs Champion @ step 402
[ARENA]     Games: 100/100
[ARENA]     Result: 12W / 80D / 8L
[ARENA]     Score: 52.0% [47.6%, 56.4%]
[ARENA]     Elo diff: +14 [-16, +44]
[ARENA]     Draw rate: 80.0%
[ARENA]     By side:
[ARENA]       Candidate as white: 53.0%  (9W/35D/6L, n=50)
[ARENA]       Candidate as black: 51.0%  (3W/45D/2L, n=50)
[ARENA]     batch=4096 lr=5.0e-05 promote>=0.55 games=100 sp.tau=2.00/0.80/0.030 ar.tau=2.00/0.50/0.010 workers=48 build=463
[ARENA]     candidate=20260501-21-h2d8-1  champion=20260501-21-h2d8  trainer=20260501-21-h2d8-1
[ARENA]     diversity: unique=100/100 (100%) avgDiverge=2.0
[ARENA]     Verdict: kept    dur=0:22
[ARENA] #2 kv step=402 games=100 w=12 d=80 l=8 score=0.5200 elo=+14 elo_lo=-16 elo_hi=+44 draw_rate=0.8000 cand_white_w=9 cand_white_d=35 cand_white_l=6 cand_black_w=3 cand_black_d=45 cand_black_l=2 cand_white_score=0.5300 cand_black_score=0.5100 promoted=0 kind=none dur_sec=22.4 build=463 candidate=20260501-21-h2d8-1 champion=20260501-21-h2d8 trainer=20260501-21-h2d8-1
[ARENA] #3 Candidate vs Champion @ step 610
[ARENA]     Games: 100/100
[ARENA]     Result: 10W / 79D / 11L
[ARENA]     Score: 49.5% [45.0%, 54.0%]
[ARENA]     Elo diff: -3 [-35, +28]
[ARENA]     Draw rate: 79.0%
[ARENA]     By side:
[ARENA]       Candidate as white: 46.0%  (4W/38D/8L, n=50)
[ARENA]       Candidate as black: 53.0%  (6W/41D/3L, n=50)
[ARENA]     batch=4096 lr=5.0e-05 promote>=0.55 games=100 sp.tau=2.00/0.80/0.030 ar.tau=2.00/0.50/0.010 workers=48 build=463
[ARENA]     candidate=20260501-21-h2d8-1  champion=20260501-21-h2d8  trainer=20260501-21-h2d8-1
[ARENA]     diversity: unique=100/100 (100%) avgDiverge=2.3
[ARENA]     Verdict: kept    dur=0:22
[ARENA] #3 kv step=610 games=100 w=10 d=79 l=11 score=0.4950 elo=-3 elo_lo=-35 elo_hi=+28 draw_rate=0.7900 cand_white_w=4 cand_white_d=38 cand_white_l=8 cand_black_w=6 cand_black_d=41 cand_black_l=3 cand_white_score=0.4600 cand_black_score=0.5300 promoted=0 kind=none dur_sec=22.4 build=463 candidate=20260501-21-h2d8-1 champion=20260501-21-h2d8 trainer=20260501-21-h2d8-1
[ARENA] #4 Candidate vs Champion @ step 819
[ARENA]     Games: 100/100
[ARENA]     Result: 6W / 83D / 11L
[ARENA]     Score: 47.5% [43.5%, 51.5%]
[ARENA]     Elo diff: -17 [-46, +11]
[ARENA]     Draw rate: 83.0%
[ARENA]     By side:
[ARENA]       Candidate as white: 47.0%  (3W/41D/6L, n=50)
[ARENA]       Candidate as black: 48.0%  (3W/42D/5L, n=50)
[ARENA]     batch=4096 lr=5.0e-05 promote>=0.55 games=100 sp.tau=2.00/0.80/0.030 ar.tau=2.00/0.50/0.010 workers=48 build=463
[ARENA]     candidate=20260501-21-h2d8-1  champion=20260501-21-h2d8  trainer=20260501-21-h2d8-1
[ARENA]     diversity: unique=100/100 (100%) avgDiverge=2.5
[ARENA]     Verdict: kept    dur=0:20
[ARENA] #4 kv step=819 games=100 w=6 d=83 l=11 score=0.4750 elo=-17 elo_lo=-46 elo_hi=+11 draw_rate=0.8300 cand_white_w=3 cand_white_d=41 cand_white_l=6 cand_black_w=3 cand_black_d=42 cand_black_l=5 cand_white_score=0.4700 cand_black_score=0.4800 promoted=0 kind=none dur_sec=21.0 build=463 candidate=20260501-21-h2d8-1 champion=20260501-21-h2d8 trainer=20260501-21-h2d8-1
[ARENA] #5 Candidate vs Champion @ step 962
[ARENA]     Games: 100/100
[ARENA]     Result: 6W / 84D / 10L
[ARENA]     Score: 48.0% [44.1%, 51.9%]
[ARENA]     Elo diff: -14 [-41, +13]
[ARENA]     Draw rate: 84.0%
[ARENA]     By side:
[ARENA]       Candidate as white: 48.0%  (2W/44D/4L, n=50)
[ARENA]       Candidate as black: 48.0%  (4W/40D/6L, n=50)
[ARENA]     batch=4096 lr=5.0e-05 promote>=0.55 games=100 sp.tau=2.00/0.80/0.030 ar.tau=2.00/0.50/0.010 workers=48 build=463
[ARENA]     candidate=20260501-21-h2d8-1  champion=20260501-21-h2d8  trainer=20260501-21-h2d8-1
[ARENA]     diversity: unique=100/100 (100%) avgDiverge=2.7
[ARENA]     Verdict: kept    dur=1:11
[ARENA] #5 kv step=962 games=100 w=6 d=84 l=10 score=0.4800 elo=-14 elo_lo=-41 elo_hi=+13 draw_rate=0.8400 cand_white_w=2 cand_white_d=44 cand_white_l=4 cand_black_w=4 cand_black_d=40 cand_black_l=6 cand_white_score=0.4800 cand_black_score=0.4800 promoted=0 kind=none dur_sec=71.2 build=463 candidate=20260501-21-h2d8-1 champion=20260501-21-h2d8 trainer=20260501-21-h2d8-1
[ARENA] #6 Candidate vs Champion @ step 1063
[ARENA]     Games: 100/100
[ARENA]     Result: 12W / 75D / 13L
[ARENA]     Score: 49.5% [44.6%, 54.4%]
[ARENA]     Elo diff: -3 [-38, +31]
[ARENA]     Draw rate: 75.0%
[ARENA]     By side:
[ARENA]       Candidate as white: 52.0%  (8W/36D/6L, n=50)
[ARENA]       Candidate as black: 47.0%  (4W/39D/7L, n=50)
[ARENA]     batch=4096 lr=5.0e-05 promote>=0.55 games=100 sp.tau=2.00/0.80/0.030 ar.tau=2.00/0.50/0.010 workers=48 build=463
[ARENA]     candidate=20260501-21-h2d8-1  champion=20260501-21-h2d8  trainer=20260501-21-h2d8-1
[ARENA]     diversity: unique=100/100 (100%) avgDiverge=2.4
[ARENA]     Verdict: kept    dur=1:17
[ARENA] #6 kv step=1063 games=100 w=12 d=75 l=13 score=0.4950 elo=-3 elo_lo=-38 elo_hi=+31 draw_rate=0.7500 cand_white_w=8 cand_white_d=36 cand_white_l=6 cand_black_w=4 cand_black_d=39 cand_black_l=7 cand_white_score=0.5200 cand_black_score=0.4700 promoted=0 kind=none dur_sec=77.3 build=463 candidate=20260501-21-h2d8-1 champion=20260501-21-h2d8 trainer=20260501-21-h2d8-1
[ARENA] #7 Candidate vs Champion @ step 1165
[ARENA]     Games: 100/100
[ARENA]     Result: 7W / 86D / 7L
[ARENA]     Score: 50.0% [46.3%, 53.7%]
[ARENA]     Elo diff: +0 [-26, +26]
[ARENA]     Draw rate: 86.0%
[ARENA]     By side:
[ARENA]       Candidate as white: 51.0%  (5W/41D/4L, n=50)
[ARENA]       Candidate as black: 49.0%  (2W/45D/3L, n=50)
[ARENA]     batch=4096 lr=5.0e-05 promote>=0.55 games=100 sp.tau=2.00/0.80/0.030 ar.tau=2.00/0.50/0.010 workers=48 build=463
[ARENA]     candidate=20260501-21-h2d8-1  champion=20260501-21-h2d8  trainer=20260501-21-h2d8-1
[ARENA]     diversity: unique=100/100 (100%) avgDiverge=1.9
[ARENA]     Verdict: kept    dur=1:23
[ARENA] #7 kv step=1165 games=100 w=7 d=86 l=7 score=0.5000 elo=+0 elo_lo=-26 elo_hi=+26 draw_rate=0.8600 cand_white_w=5 cand_white_d=41 cand_white_l=4 cand_black_w=2 cand_black_d=45 cand_black_l=3 cand_white_score=0.5100 cand_black_score=0.4900 promoted=0 kind=none dur_sec=84.0 build=463 candidate=20260501-21-h2d8-1 champion=20260501-21-h2d8 trainer=20260501-21-h2d8-1
[ARENA] #8 Candidate vs Champion @ step 1280
[ARENA]     Games: 100/100
[ARENA]     Result: 13W / 75D / 12L
[ARENA]     Score: 50.5% [45.6%, 55.4%]
[ARENA]     Elo diff: +3 [-31, +38]
[ARENA]     Draw rate: 75.0%
[ARENA]     By side:
[ARENA]       Candidate as white: 52.0%  (8W/36D/6L, n=50)
[ARENA]       Candidate as black: 49.0%  (5W/39D/6L, n=50)
[ARENA]     batch=4096 lr=5.0e-05 promote>=0.55 games=100 sp.tau=2.00/0.80/0.030 ar.tau=2.00/0.50/0.010 workers=48 build=463
[ARENA]     candidate=20260501-21-h2d8-1  champion=20260501-21-h2d8  trainer=20260501-21-h2d8-1
[ARENA]     diversity: unique=100/100 (100%) avgDiverge=1.9
[ARENA]     Verdict: kept    dur=1:47
[ARENA] #8 kv step=1280 games=100 w=13 d=75 l=12 score=0.5050 elo=+3 elo_lo=-31 elo_hi=+38 draw_rate=0.7500 cand_white_w=8 cand_white_d=36 cand_white_l=6 cand_black_w=5 cand_black_d=39 cand_black_l=6 cand_white_score=0.5200 cand_black_score=0.4900 promoted=0 kind=none dur_sec=107.2 build=463 candidate=20260501-21-h2d8-1 champion=20260501-21-h2d8 trainer=20260501-21-h2d8-1
[ARENA] #9 Candidate vs Champion @ step 1399
[ARENA]     Games: 100/100
[ARENA]     Result: 11W / 76D / 13L
[ARENA]     Score: 49.0% [44.2%, 53.8%]
[ARENA]     Elo diff: -7 [-40, +26]
[ARENA]     Draw rate: 76.0%
[ARENA]     By side:
[ARENA]       Candidate as white: 48.0%  (6W/36D/8L, n=50)
[ARENA]       Candidate as black: 50.0%  (5W/40D/5L, n=50)
[ARENA]     batch=4096 lr=5.0e-05 promote>=0.55 games=100 sp.tau=2.00/0.80/0.030 ar.tau=2.00/0.50/0.010 workers=48 build=463
[ARENA]     candidate=20260501-21-h2d8-1  champion=20260501-21-h2d8  trainer=20260501-21-h2d8-1
[ARENA]     diversity: unique=100/100 (100%) avgDiverge=1.8
[ARENA]     Verdict: kept    dur=2:06
[ARENA] #9 kv step=1399 games=100 w=11 d=76 l=13 score=0.4900 elo=-7 elo_lo=-40 elo_hi=+26 draw_rate=0.7600 cand_white_w=6 cand_white_d=36 cand_white_l=8 cand_black_w=5 cand_black_d=40 cand_black_l=5 cand_white_score=0.4800 cand_black_score=0.5000 promoted=0 kind=none dur_sec=126.5 build=463 candidate=20260501-21-h2d8-1 champion=20260501-21-h2d8 trainer=20260501-21-h2d8-1
[ARENA] #10 Candidate vs Champion @ step 1525
[ARENA]     Games: 100/100
[ARENA]     Result: 10W / 80D / 10L
[ARENA]     Score: 50.0% [45.6%, 54.4%]
[ARENA]     Elo diff: +0 [-31, +31]
[ARENA]     Draw rate: 80.0%
[ARENA]     By side:
[ARENA]       Candidate as white: 49.0%  (6W/37D/7L, n=50)
[ARENA]       Candidate as black: 51.0%  (4W/43D/3L, n=50)
[ARENA]     batch=4096 lr=5.0e-05 promote>=0.55 games=100 sp.tau=2.00/0.80/0.030 ar.tau=2.00/0.50/0.010 workers=48 build=463
[ARENA]     candidate=20260501-21-h2d8-1  champion=20260501-21-h2d8  trainer=20260501-21-h2d8-1
[ARENA]     diversity: unique=100/100 (100%) avgDiverge=1.8
[ARENA]     Verdict: kept    dur=1:25
[ARENA] #10 kv step=1525 games=100 w=10 d=80 l=10 score=0.5000 elo=+0 elo_lo=-31 elo_hi=+31 draw_rate=0.8000 cand_white_w=6 cand_white_d=37 cand_white_l=7 cand_black_w=4 cand_black_d=43 cand_black_l=3 cand_white_score=0.4900 cand_black_score=0.5100 promoted=0 kind=none dur_sec=85.7 build=463 candidate=20260501-21-h2d8-1 champion=20260501-21-h2d8 trainer=20260501-21-h2d8-1
[ARENA] #11 Candidate vs Champion @ step 1646
[ARENA]     Games: 100/100
[ARENA]     Result: 14W / 76D / 10L
[ARENA]     Score: 52.0% [47.2%, 56.8%]
[ARENA]     Elo diff: +14 [-19, +47]
[ARENA]     Draw rate: 76.0%
[ARENA]     By side:
[ARENA]       Candidate as white: 51.0%  (6W/39D/5L, n=50)
[ARENA]       Candidate as black: 53.0%  (8W/37D/5L, n=50)
[ARENA]     batch=4096 lr=5.0e-05 promote>=0.55 games=100 sp.tau=2.00/0.80/0.030 ar.tau=2.00/0.50/0.010 workers=48 build=463
[ARENA]     candidate=20260501-21-h2d8-1  champion=20260501-21-h2d8  trainer=20260501-21-h2d8-1
[ARENA]     diversity: unique=100/100 (100%) avgDiverge=1.9
[ARENA]     Verdict: kept    dur=1:27
[ARENA] #11 kv step=1646 games=100 w=14 d=76 l=10 score=0.5200 elo=+14 elo_lo=-19 elo_hi=+47 draw_rate=0.7600 cand_white_w=6 cand_white_d=39 cand_white_l=5 cand_black_w=8 cand_black_d=37 cand_black_l=5 cand_white_score=0.5100 cand_black_score=0.5300 promoted=0 kind=none dur_sec=87.8 build=463 candidate=20260501-21-h2d8-1 champion=20260501-21-h2d8 trainer=20260501-21-h2d8-1
[ARENA] #12 Candidate vs Champion @ step 1763
[ARENA]     Games: 100/100
[ARENA]     Result: 13W / 82D / 5L
[ARENA]     Score: 54.0% [49.9%, 58.1%]
[ARENA]     Elo diff: +28 [-1, +57]
[ARENA]     Draw rate: 82.0%
[ARENA]     By side:
[ARENA]       Candidate as white: 57.0%  (10W/37D/3L, n=50)
[ARENA]       Candidate as black: 51.0%  (3W/45D/2L, n=50)
[ARENA]     batch=4096 lr=5.0e-05 promote>=0.55 games=100 sp.tau=2.00/0.80/0.030 ar.tau=2.00/0.50/0.010 workers=48 build=463
[ARENA]     candidate=20260501-21-h2d8-1  champion=20260501-21-h2d8  trainer=20260501-21-h2d8-1
[ARENA]     diversity: unique=100/100 (100%) avgDiverge=1.8
[ARENA]     Verdict: kept    dur=1:19
[ARENA] #12 kv step=1763 games=100 w=13 d=82 l=5 score=0.5400 elo=+28 elo_lo=-1 elo_hi=+57 draw_rate=0.8200 cand_white_w=10 cand_white_d=37 cand_white_l=3 cand_black_w=3 cand_black_d=45 cand_black_l=2 cand_white_score=0.5700 cand_black_score=0.5100 promoted=0 kind=none dur_sec=79.9 build=463 candidate=20260501-21-h2d8-1 champion=20260501-21-h2d8 trainer=20260501-21-h2d8-1
[ARENA] #13 Candidate vs Champion @ step 1872
[ARENA]     Games: 100/100
[ARENA]     Result: 15W / 72D / 13L
[ARENA]     Score: 51.0% [45.8%, 56.2%]
[ARENA]     Elo diff: +7 [-29, +43]
[ARENA]     Draw rate: 72.0%
[ARENA]     By side:
[ARENA]       Candidate as white: 50.0%  (8W/34D/8L, n=50)
[ARENA]       Candidate as black: 52.0%  (7W/38D/5L, n=50)
[ARENA]     batch=4096 lr=5.0e-05 promote>=0.55 games=100 sp.tau=2.00/0.80/0.030 ar.tau=2.00/0.50/0.010 workers=48 build=463
[ARENA]     candidate=20260501-21-h2d8-1  champion=20260501-21-h2d8  trainer=20260501-21-h2d8-1
[ARENA]     diversity: unique=100/100 (100%) avgDiverge=2.0
[ARENA]     Verdict: kept    dur=1:59
[ARENA] #13 kv step=1872 games=100 w=15 d=72 l=13 score=0.5100 elo=+7 elo_lo=-29 elo_hi=+43 draw_rate=0.7200 cand_white_w=8 cand_white_d=34 cand_white_l=8 cand_black_w=7 cand_black_d=38 cand_black_l=5 cand_white_score=0.5000 cand_black_score=0.5200 promoted=0 kind=none dur_sec=119.3 build=463 candidate=20260501-21-h2d8-1 champion=20260501-21-h2d8 trainer=20260501-21-h2d8-1
[ARENA] #14 Candidate vs Champion @ step 1975
[ARENA]     Games: 100/100
[ARENA]     Result: 6W / 81D / 13L
[ARENA]     Score: 46.5% [42.3%, 50.7%]
[ARENA]     Elo diff: -24 [-54, +5]
[ARENA]     Draw rate: 81.0%
[ARENA]     By side:
[ARENA]       Candidate as white: 46.0%  (4W/38D/8L, n=50)
[ARENA]       Candidate as black: 47.0%  (2W/43D/5L, n=50)
[ARENA]     batch=4096 lr=5.0e-05 promote>=0.55 games=100 sp.tau=2.00/0.80/0.030 ar.tau=2.00/0.50/0.010 workers=48 build=463
[ARENA]     candidate=20260501-21-h2d8-1  champion=20260501-21-h2d8  trainer=20260501-21-h2d8-1
[ARENA]     diversity: unique=100/100 (100%) avgDiverge=2.0
[ARENA]     Verdict: kept    dur=1:22
[ARENA] #14 kv step=1975 games=100 w=6 d=81 l=13 score=0.4650 elo=-24 elo_lo=-54 elo_hi=+5 draw_rate=0.8100 cand_white_w=4 cand_white_d=38 cand_white_l=8 cand_black_w=2 cand_black_d=43 cand_black_l=5 cand_white_score=0.4600 cand_black_score=0.4700 promoted=0 kind=none dur_sec=82.8 build=463 candidate=20260501-21-h2d8-1 champion=20260501-21-h2d8 trainer=20260501-21-h2d8-1
[ARENA] #15 Candidate vs Champion @ step 2087
[ARENA]     Games: 100/100
[ARENA]     Result: 14W / 71D / 15L
[ARENA]     Score: 49.5% [44.2%, 54.8%]
[ARENA]     Elo diff: -3 [-40, +33]
[ARENA]     Draw rate: 71.0%
[ARENA]     By side:
[ARENA]       Candidate as white: 52.0%  (8W/36D/6L, n=50)
[ARENA]       Candidate as black: 47.0%  (6W/35D/9L, n=50)
[ARENA]     batch=4096 lr=5.0e-05 promote>=0.55 games=100 sp.tau=2.00/0.80/0.030 ar.tau=2.00/0.50/0.010 workers=48 build=463
[ARENA]     candidate=20260501-21-h2d8-1  champion=20260501-21-h2d8  trainer=20260501-21-h2d8-1
[ARENA]     diversity: unique=100/100 (100%) avgDiverge=1.8
[ARENA]     Verdict: kept    dur=1:07
[ARENA] #15 kv step=2087 games=100 w=14 d=71 l=15 score=0.4950 elo=-3 elo_lo=-40 elo_hi=+33 draw_rate=0.7100 cand_white_w=8 cand_white_d=36 cand_white_l=6 cand_black_w=6 cand_black_d=35 cand_black_l=9 cand_white_score=0.5200 cand_black_score=0.4700 promoted=0 kind=none dur_sec=67.3 build=463 candidate=20260501-21-h2d8-1 champion=20260501-21-h2d8 trainer=20260501-21-h2d8-1
[ARENA] #16 Candidate vs Champion @ step 2193
[ARENA]     Games: 100/100
[ARENA]     Result: 9W / 85D / 6L
[ARENA]     Score: 51.5% [47.7%, 55.3%]
[ARENA]     Elo diff: +10 [-16, +37]
[ARENA]     Draw rate: 85.0%
[ARENA]     By side:
[ARENA]       Candidate as white: 53.0%  (4W/45D/1L, n=50)
[ARENA]       Candidate as black: 50.0%  (5W/40D/5L, n=50)
[ARENA]     batch=4096 lr=5.0e-05 promote>=0.55 games=100 sp.tau=2.00/0.80/0.030 ar.tau=2.00/0.50/0.010 workers=48 build=463
[ARENA]     candidate=20260501-21-h2d8-1  champion=20260501-21-h2d8  trainer=20260501-21-h2d8-1
[ARENA]     diversity: unique=100/100 (100%run_training.sh: run complete, output at experiments/20260501-070844/result.json
