run_training.sh: launching DrewsChessMachine (limit=36000s, params=/Users/andrew/cursor/drews-chess-machine/experiments/20260503-124021-codechange/parameters.json, out=/Users/andrew/cursor/drews-chess-machine/experiments/20260503-124021-codechange/result.json)
run_latest.sh: launching /Users/andrew/Library/Developer/Xcode/DerivedData/DrewsChessMachine-eyigcdvyyrcsakaqcybzcfgsurbr/Build/Products/Release/DrewsChessMachine.app/Contents/MacOS/DrewsChessMachine
[APP] session log: /Users/andrew/Library/Logs/DrewsChessMachine/dcm_log_20260503-075356.txt
[ARENA] #1 Candidate vs Champion @ step 435
[ARENA]     Games: 300/300
[ARENA]     Result: 12W / 261D / 27L
[ARENA]     Score: 47.5% [45.5%, 49.5%]
[ARENA]     Elo diff: -17 [-31, -3]
[ARENA]     Draw rate: 87.0%
[ARENA]     By side:
[ARENA]       Candidate as white: 46.7%  (6W/128D/16L, n=150)
[ARENA]       Candidate as black: 48.3%  (6W/133D/11L, n=150)
[ARENA]     batch=4096 lr=5.0e-05 promote>=0.55 games=300 sp.tau=2.00/0.80/0.015 ar.tau=2.00/0.50/0.015 workers=48 build=557
[ARENA]     candidate=20260503-31-Vvxv-1  champion=20260503-31-Vvxv  trainer=20260503-31-Vvxv-1
[ARENA]     diversity: unique=300/300 (100%) avgDiverge=1.9
[ARENA]     Verdict: kept    dur=0:48
[ARENA] #1 kv step=435 games=300 w=12 d=261 l=27 score=0.4750 elo=-17 elo_lo=-31 elo_hi=-3 draw_rate=0.8700 cand_white_w=6 cand_white_d=128 cand_white_l=16 cand_black_w=6 cand_black_d=133 cand_black_l=11 cand_white_score=0.4667 cand_black_score=0.4833 promoted=0 kind=none dur_sec=48.2 build=557 candidate=20260503-31-Vvxv-1 champion=20260503-31-Vvxv trainer=20260503-31-Vvxv-1
[ARENA] #2 Candidate vs Champion @ step 907
[ARENA]     Games: 300/300
[ARENA]     Result: 14W / 267D / 19L
[ARENA]     Score: 49.2% [47.3%, 51.0%]
[ARENA]     Elo diff: -6 [-19, +7]
[ARENA]     Draw rate: 89.0%
[ARENA]     By side:
[ARENA]       Candidate as white: 49.7%  (4W/141D/5L, n=150)
[ARENA]       Candidate as black: 48.7%  (10W/126D/14L, n=150)
[ARENA]     batch=4096 lr=5.0e-05 promote>=0.55 games=300 sp.tau=2.00/0.80/0.015 ar.tau=2.00/0.50/0.015 workers=48 build=557
[ARENA]     candidate=20260503-31-Vvxv-1  champion=20260503-31-Vvxv  trainer=20260503-31-Vvxv-1
[ARENA]     diversity: unique=300/300 (100%) avgDiverge=2.3
[ARENA]     Verdict: kept    dur=0:43
[ARENA] #2 kv step=907 games=300 w=14 d=267 l=19 score=0.4917 elo=-6 elo_lo=-19 elo_hi=+7 draw_rate=0.8900 cand_white_w=4 cand_white_d=141 cand_white_l=5 cand_black_w=10 cand_black_d=126 cand_black_l=14 cand_white_score=0.4967 cand_black_score=0.4867 promoted=0 kind=none dur_sec=43.7 build=557 candidate=20260503-31-Vvxv-1 champion=20260503-31-Vvxv trainer=20260503-31-Vvxv-1
[ARENA] #3 Candidate vs Champion @ step 1342
[ARENA]     Games: 300/300
[ARENA]     Result: 9W / 276D / 15L
[ARENA]     Score: 49.0% [47.4%, 50.6%]
[ARENA]     Elo diff: -7 [-18, +4]
[ARENA]     Draw rate: 92.0%
[ARENA]     By side:
[ARENA]       Candidate as white: 48.3%  (5W/135D/10L, n=150)
[ARENA]       Candidate as black: 49.7%  (4W/141D/5L, n=150)
[ARENA]     batch=4096 lr=5.0e-05 promote>=0.55 games=300 sp.tau=2.00/0.80/0.015 ar.tau=2.00/0.50/0.015 workers=48 build=557
[ARENA]     candidate=20260503-31-Vvxv-1  champion=20260503-31-Vvxv  trainer=20260503-31-Vvxv-1
[ARENA]     diversity: unique=300/300 (100%) avgDiverge=2.5
[ARENA]     Verdict: kept    dur=0:43
[ARENA] #3 kv step=1342 games=300 w=9 d=276 l=15 score=0.4900 elo=-7 elo_lo=-18 elo_hi=+4 draw_rate=0.9200 cand_white_w=5 cand_white_d=135 cand_white_l=10 cand_black_w=4 cand_black_d=141 cand_black_l=5 cand_white_score=0.4833 cand_black_score=0.4967 promoted=0 kind=none dur_sec=43.5 build=557 candidate=20260503-31-Vvxv-1 champion=20260503-31-Vvxv trainer=20260503-31-Vvxv-1
[ARENA] #4 Candidate vs Champion @ step 1739
[ARENA]     Games: 300/300
[ARENA]     Result: 9W / 270D / 21L
[ARENA]     Score: 48.0% [46.2%, 49.8%]
[ARENA]     Elo diff: -14 [-26, -2]
[ARENA]     Draw rate: 90.0%
[ARENA]     By side:
[ARENA]       Candidate as white: 48.3%  (5W/135D/10L, n=150)
[ARENA]       Candidate as black: 47.7%  (4W/135D/11L, n=150)
[ARENA]     batch=4096 lr=5.0e-05 promote>=0.55 games=300 sp.tau=2.00/0.80/0.015 ar.tau=2.00/0.50/0.015 workers=48 build=557
[ARENA]     candidate=20260503-31-Vvxv-1  champion=20260503-31-Vvxv  trainer=20260503-31-Vvxv-1
[ARENA]     diversity: unique=300/300 (100%) avgDiverge=2.7
[ARENA]     Verdict: kept    dur=0:41
[ARENA] #4 kv step=1739 games=300 w=9 d=270 l=21 score=0.4800 elo=-14 elo_lo=-26 elo_hi=-2 draw_rate=0.9000 cand_white_w=5 cand_white_d=135 cand_white_l=10 cand_black_w=4 cand_black_d=135 cand_black_l=11 cand_white_score=0.4833 cand_black_score=0.4767 promoted=0 kind=none dur_sec=41.4 build=557 candidate=20260503-31-Vvxv-1 champion=20260503-31-Vvxv trainer=20260503-31-Vvxv-1
[ARENA] #5 Candidate vs Champion @ step 2116
[ARENA]     Games: 300/300
[ARENA]     Result: 17W / 264D / 19L
[ARENA]     Score: 49.7% [47.7%, 51.6%]
[ARENA]     Elo diff: -2 [-16, +11]
[ARENA]     Draw rate: 88.0%
[ARENA]     By side:
[ARENA]       Candidate as white: 49.7%  (9W/131D/10L, n=150)
[ARENA]       Candidate as black: 49.7%  (8W/133D/9L, n=150)
[ARENA]     batch=4096 lr=5.0e-05 promote>=0.55 games=300 sp.tau=2.00/0.80/0.015 ar.tau=2.00/0.50/0.015 workers=48 build=557
[ARENA]     candidate=20260503-31-Vvxv-1  champion=20260503-31-Vvxv  trainer=20260503-31-Vvxv-1
[ARENA]     diversity: unique=300/300 (100%) avgDiverge=2.9
[ARENA]     Verdict: kept    dur=0:41
[ARENA] #5 kv step=2116 games=300 w=17 d=264 l=19 score=0.4967 elo=-2 elo_lo=-16 elo_hi=+11 draw_rate=0.8800 cand_white_w=9 cand_white_d=131 cand_white_l=10 cand_black_w=8 cand_black_d=133 cand_black_l=9 cand_white_score=0.4967 cand_black_score=0.4967 promoted=0 kind=none dur_sec=41.4 build=557 candidate=20260503-31-Vvxv-1 champion=20260503-31-Vvxv trainer=20260503-31-Vvxv-1
[ARENA] #6 Candidate vs Champion @ step 2462
[ARENA]     Games: 300/300
[ARENA]     Result: 14W / 264D / 22L
[ARENA]     Score: 48.7% [46.7%, 50.6%]
[ARENA]     Elo diff: -9 [-23, +4]
[ARENA]     Draw rate: 88.0%
[ARENA]     By side:
[ARENA]       Candidate as white: 47.7%  (6W/131D/13L, n=150)
[ARENA]       Candidate as black: 49.7%  (8W/133D/9L, n=150)
[ARENA]     batch=4096 lr=5.0e-05 promote>=0.55 games=300 sp.tau=2.00/0.80/0.015 ar.tau=2.00/0.50/0.015 workers=48 build=557
[ARENA]     candidate=20260503-31-Vvxv-1  champion=20260503-31-Vvxv  trainer=20260503-31-Vvxv-1
[ARENA]     diversity: unique=300/300 (100%) avgDiverge=2.9
[ARENA]     Verdict: kept    dur=0:43
[ARENA] #6 kv step=2462 games=300 w=14 d=264 l=22 score=0.4867 elo=-9 elo_lo=-23 elo_hi=+4 draw_rate=0.8800 cand_white_w=6 cand_white_d=131 cand_white_l=13 cand_black_w=8 cand_black_d=133 cand_black_l=9 cand_white_score=0.4767 cand_black_score=0.4967 promoted=0 kind=none dur_sec=43.4 build=557 candidate=20260503-31-Vvxv-1 champion=20260503-31-Vvxv trainer=20260503-31-Vvxv-1
[ARENA] #7 Candidate vs Champion @ step 2787
[ARENA]     Games: 300/300
[ARENA]     Result: 11W / 274D / 15L
[ARENA]     Score: 49.3% [47.7%, 51.0%]
[ARENA]     Elo diff: -5 [-16, +7]
[ARENA]     Draw rate: 91.3%
[ARENA]     By side:
[ARENA]       Candidate as white: 49.7%  (4W/141D/5L, n=150)
[ARENA]       Candidate as black: 49.0%  (7W/133D/10L, n=150)
[ARENA]     batch=4096 lr=5.0e-05 promote>=0.55 games=300 sp.tau=2.00/0.80/0.015 ar.tau=2.00/0.50/0.015 workers=48 build=557
[ARENA]     candidate=20260503-31-Vvxv-1  champion=20260503-31-Vvxv  trainer=20260503-31-Vvxv-1
[ARENA]     diversity: unique=300/300 (100%) avgDiverge=3.1
[ARENA]     Verdict: kept    dur=0:42
[ARENA] #7 kv step=2787 games=300 w=11 d=274 l=15 score=0.4933 elo=-5 elo_lo=-16 elo_hi=+7 draw_rate=0.9133 cand_white_w=4 cand_white_d=141 cand_white_l=5 cand_black_w=7 cand_black_d=133 cand_black_l=10 cand_white_score=0.4967 cand_black_score=0.4900 promoted=0 kind=none dur_sec=42.0 build=557 candidate=20260503-31-Vvxv-1 champion=20260503-31-Vvxv trainer=20260503-31-Vvxv-1
[ARENA] #8 Candidate vs Champion @ step 3087
[ARENA]     Games: 300/300
[ARENA]     Result: 14W / 263D / 23L
[ARENA]     Score: 48.5% [46.5%, 50.5%]
[ARENA]     Elo diff: -10 [-24, +3]
[ARENA]     Draw rate: 87.7%
[ARENA]     By side:
[ARENA]       Candidate as white: 46.7%  (2W/136D/12L, n=150)
[ARENA]       Candidate as black: 50.3%  (12W/127D/11L, n=150)
[ARENA]     batch=4096 lr=5.0e-05 promote>=0.55 games=300 sp.tau=2.00/0.80/0.015 ar.tau=2.00/0.50/0.015 workers=48 build=557
[ARENA]     candidate=20260503-31-Vvxv-1  champion=20260503-31-Vvxv  trainer=20260503-31-Vvxv-1
[ARENA]     diversity: unique=300/300 (100%) avgDiverge=3.2
[ARENA]     Verdict: kept    dur=0:38
[ARENA] #8 kv step=3087 games=300 w=14 d=263 l=23 score=0.4850 elo=-10 elo_lo=-24 elo_hi=+3 draw_rate=0.8767 cand_white_w=2 cand_white_d=136 cand_white_l=12 cand_black_w=12 cand_black_d=127 cand_black_l=11 cand_white_score=0.4667 cand_black_score=0.5033 promoted=0 kind=none dur_sec=38.3 build=557 candidate=20260503-31-Vvxv-1 champion=20260503-31-Vvxv trainer=20260503-31-Vvxv-1
[ARENA] #9 Candidate vs Champion @ step 3330
[ARENA]     Games: 300/300
[ARENA]     Result: 13W / 270D / 17L
[ARENA]     Score: 49.3% [47.5%, 51.1%]
[ARENA]     Elo diff: -5 [-17, +8]
[ARENA]     Draw rate: 90.0%
[ARENA]     By side:
[ARENA]       Candidate as white: 48.3%  (5W/135D/10L, n=150)
[ARENA]       Candidate as black: 50.3%  (8W/135D/7L, n=150)
[ARENA]     batch=4096 lr=5.0e-05 promote>=0.55 games=300 sp.tau=2.00/0.80/0.015 ar.tau=2.00/0.50/0.015 workers=48 build=557
[ARENA]     candidate=20260503-31-Vvxv-1  champion=20260503-31-Vvxv  trainer=20260503-31-Vvxv-1
[ARENA]     diversity: unique=300/300 (100%) avgDiverge=3.5
[ARENA]     Verdict: kept    dur=0:39
[ARENA] #9 kv step=3330 games=300 w=13 d=270 l=17 score=0.4933 elo=-5 elo_lo=-17 elo_hi=+8 draw_rate=0.9000 cand_white_w=5 cand_white_d=135 cand_white_l=10 cand_black_w=8 cand_black_d=135 cand_black_l=7 cand_white_score=0.4833 cand_black_score=0.5033 promoted=0 kind=none dur_sec=39.1 build=557 candidate=20260503-31-Vvxv-1 champion=20260503-31-Vvxv trainer=20260503-31-Vvxv-1
[ARENA] #10 Candidate vs Champion @ step 3573
[ARENA]     Games: 300/300
[ARENA]     Result: 12W / 275D / 13L
[ARENA]     Score: 49.8% [48.2%, 51.5%]
[ARENA]     Elo diff: -1 [-13, +10]
[ARENA]     Draw rate: 91.7%
[ARENA]     By side:
[ARENA]       Candidate as white: 50.0%  (8W/134D/8L, n=150)
[ARENA]       Candidate as black: 49.7%  (4W/141D/5L, n=150)
[ARENA]     batch=4096 lr=5.0e-05 promote>=0.55 games=300 sp.tau=2.00/0.80/0.015 ar.tau=2.00/0.50/0.015 workers=48 build=557
[ARENA]     candidate=20260503-31-Vvxv-1  champion=20260503-31-Vvxv  trainer=20260503-31-Vvxv-1
[ARENA]     diversity: unique=300/300 (100%) avgDiverge=3.4
[ARENA]     Verdict: kept    dur=0:40
[ARENA] #10 kv step=3573 games=300 w=12 d=275 l=13 score=0.4983 elo=-1 elo_lo=-13 elo_hi=+10 draw_rate=0.9167 cand_white_w=8 cand_white_d=134 cand_white_l=8 cand_black_w=4 cand_black_d=141 cand_black_l=5 cand_white_score=0.5000 cand_black_score=0.4967 promoted=0 kind=none dur_sec=40.8 build=557 candidate=20260503-31-Vvxv-1 champion=20260503-31-Vvxv trainer=20260503-31-Vvxv-1
[ARENA] #11 Candidate vs Champion @ step 3798
[ARENA]     Games: 300/300
[ARENA]     Result: 9W / 262D / 29L
[ARENA]     Score: 46.7% [44.7%, 48.6%]
[ARENA]     Elo diff: -23 [-37, -9]
[ARENA]     Draw rate: 87.3%
[ARENA]     By side:
[ARENA]       Candidate as white: 46.3%  (2W/135D/13L, n=150)
[ARENA]       Candidate as black: 47.0%  (7W/127D/16L, n=150)
[ARENA]     batch=4096 lr=5.0e-05 promote>=0.55 games=300 sp.tau=2.00/0.80/0.015 ar.tau=2.00/0.50/0.015 workers=48 build=557
[ARENA]     candidate=20260503-31-Vvxv-1  champion=20260503-31-Vvxv  trainer=20260503-31-Vvxv-1
[ARENA]     diversity: unique=300/300 (100%) avgDiverge=3.3
[ARENA]     Verdict: kept    dur=0:45
[ARENA] #11 kv step=3798 games=300 w=9 d=262 l=29 score=0.4667 elo=-23 elo_lo=-37 elo_hi=-9 draw_rate=0.8733 cand_white_w=2 cand_white_d=135 cand_white_l=13 cand_black_w=7 cand_black_d=127 cand_black_l=16 cand_white_score=0.4633 cand_black_score=0.4700 promoted=0 kind=none dur_sec=45.4 build=557 candidate=20260503-31-Vvxv-1 champion=20260503-31-Vvxv trainer=20260503-31-Vvxv-1
[ARENA] #12 Candidate vs Champion @ step 3995
[ARENA]     Games: 300/300
[ARENA]     Result: 13W / 267D / 20L
[ARENA]     Score: 48.8% [47.0%, 50.7%]
[ARENA]     Elo diff: -8 [-21, +5]
[ARENA]     Draw rate: 89.0%
[ARENA]     By side:
[ARENA]       Candidate as white: 49.0%  (7W/133D/10L, n=150)
[ARENA]       Candidate as black: 48.7%  (6W/134D/10L, n=150)
[ARENA]     batch=4096 lr=5.0e-05 promote>=0.55 games=300 sp.tau=2.00/0.80/0.015 ar.tau=2.00/0.50/0.015 workers=48 build=557
[ARENA]     candidate=20260503-31-Vvxv-1  champion=20260503-31-Vvxv  trainer=20260503-31-Vvxv-1
[ARENA]     diversity: unique=300/300 (100%) avgDiverge=3.3
[ARENA]     Verdict: kept    dur=0:42
[ARENA] #12 kv step=3995 games=300 w=13 d=267 l=20 score=0.4883 elo=-8 elo_lo=-21 elo_hi=+5 draw_rate=0.8900 cand_white_w=7 cand_white_d=133 cand_white_l=10 cand_black_w=6 cand_black_d=134 cand_black_l=10 cand_white_score=0.4900 cand_black_score=0.4867 promoted=0 kind=none dur_sec=42.1 build=557 candidate=20260503-31-Vvxv-1 champion=20260503-31-Vvxv trainer=20260503-31-Vvxv-1
[ARENA] #13 Candidate vs Champion @ step 4150
[ARENA]     Games: 300/300
[ARENA]     Result: 8W / 271D / 21L
[ARENA]     Score: 47.8% [46.1%, 49.6%]
[ARENA]     Elo diff: -15 [-27, -3]
[ARENA]     Draw rate: 90.3%
[ARENA]     By side:
[ARENA]       Candidate as white: 48.7%  (4W/138D/8L, n=150)
[ARENA]       Candidate as black: 47.0%  (4W/133D/13L, n=150)
[ARENA]     batch=4096 lr=5.0e-05 promote>=0.55 games=300 sp.tau=2.00/0.80/0.015 ar.tau=2.00/0.50/0.015 workers=48 build=557
[ARENA]     candidate=20260503-31-Vvxv-1  champion=20260503-31-Vvxv  trainer=20260503-31-Vvxv-1
[ARENA]     diversity: unique=300/300 (100%) avgDiverge=3.2
[ARENA]     Verdict: kept    dur=0:45
[ARENA] #13 kv step=4150 games=300 w=8 d=271 l=21 score=0.4783 elo=-15 elo_lo=-27 elo_hi=-3 draw_rate=0.9033 cand_white_w=4 cand_white_d=138 cand_white_l=8 cand_black_w=4 cand_black_d=133 cand_black_l=13 cand_white_score=0.4867 cand_black_score=0.4700 promoted=0 kind=none dur_sec=45.3 build=557 candidate=20260503-31-Vvxv-1 champion=20260503-31-Vvxv trainer=20260503-31-Vvxv-1
[ARENA] #14 Candidate vs Champion @ step 4285
[ARENA]     Games: 300/300
[ARENA]     Result: 16W / 268D / 16L
[ARENA]     Score: 50.0% [48.2%, 51.8%]
[ARENA]     Elo diff: +0 [-13, +13]
[ARENA]     Draw rate: 89.3%
[ARENA]     By side:
[ARENA]       Candidate as white: 49.7%  (9W/131D/10L, n=150)
[ARENA]       Candidate as black: 50.3%  (7W/137D/6L, n=150)
[ARENA]     batch=4096 lr=5.0e-05 promote>=0.55 games=300 sp.tau=2.00/0.80/0.015 ar.tau=2.00/0.50/0.015 workers=48 build=557
[ARENA]     candidate=20260503-31-Vvxv-1  champion=20260503-31-Vvxv  trainer=20260503-31-Vvxv-1
[ARENA]     diversity: unique=300/300 (100%) avgDiverge=3.3
[ARENA]     Verdict: kept    dur=0:44
[ARENA] #14 kv step=4285 games=300 w=16 d=268 l=16 score=0.5000 elo=+0 elo_lo=-13 elo_hi=+13 draw_rate=0.8933 cand_white_w=9 cand_white_d=131 cand_white_l=10 cand_black_w=7 cand_black_d=137 cand_black_l=6 cand_white_score=0.4967 cand_black_score=0.5033 promoted=0 kind=none dur_sec=45.0 build=557 candidate=20260503-31-Vvxv-1 champion=20260503-31-Vvxv trainer=20260503-31-Vvxv-1
[ARENA] #15 Candidate vs Champion @ step 4406
[ARENA]     Games: 300/300
[ARENA]     Result: 6W / 278D / 16L
[ARENA]     Score: 48.3% [46.8%, 49.9%]
[ARENA]     Elo diff: -12 [-22, -1]
[ARENA]     Draw rate: 92.7%
[ARENA]     By side:
[ARENA]       Candidate as white: 48.3%  (4W/137D/9L, n=150)
[ARENA]       Candidate as black: 48.3%  (2W/141D/7L, n=150)
[ARENA]     batch=4096 lr=5.0e-05 promote>=0.55 games=300 sp.tau=2.00/0.80/0.015 ar.tau=2.00/0.50/0.015 workers=48 build=557
[ARENA]     candidate=20260503-31-Vvxv-1  champion=20260503-31-Vvxv  trainer=20260503-31-Vvxv-1
[ARENA]     diversity: unique=300/300 (100%) avgDiverge=3.3
[ARENA]     Verdict: kept    dur=0:47
[ARENA] #15 kv step=4406 games=300 w=6 d=278 l=16 score=0.4833 elo=-12 elo_lo=-22 elo_hi=-1 draw_rate=0.9267 cand_white_w=4 cand_white_d=137 cand_white_l=9 cand_black_w=2 cand_black_d=141 cand_black_l=7 cand_white_score=0.4833 cand_black_score=0.4833 promoted=0 kind=none dur_sec=47.2 build=557 candidate=20260503-31-Vvxv-1 champion=20260503-31-Vvxv trainer=20260503-31-Vvxv-1
[ARENA] #16 Candidate vs Champion @ step 4530
[ARENA]     Games: 300/300
[ARENA]     Result: 9W / 275D / 16L
[ARENA]     Score: 48.8% [47.2%, 50.5%]
[ARENA]     Elo diff: -8 [-19, +3]
[ARENA]     Draw rate: 91.7%
[ARENA]     By side:
[ARENA]       Candidate as white: 50.0%  (7W/136D/7L, n=150)
[ARENA]       Candidate as black: 47.7%  (2W/139D/9L, n=150)
[ARENA]     batch=4096 lr=5.0e-05 promote>=0.55 games=300 sp.tau=2.00/0.80/0.015 ar.tau=2.00/0.50/0.015 workers=48 build=557
[ARENA]     candidate=20260503-31-Vvxv-1  champion=20260503-31-Vvxv  trainer=20260503-31-Vvxv-1
[ARENA]     diversity: unique=300/300 (100%) avgDiverge=3.2
[ARENA]     Verdict: kept    dur=0:45
[ARENA] #16 kv step=4530 games=300 w=9 d=275 l=16 score=0.4883 elo=-8 elo_lo=-19 elo_hi=+3 draw_rate=0.9167 cand_white_w=7 cand_white_d=136 cand_white_l=7 cand_black_w=2 cand_black_d=139 cand_black_l=9 cand_white_score=0.5000 cand_black_score=0.4767 promoted=0 kind=none dur_sec=45.7 build=557 candidate=20260503-31-Vvxv-1 champion=20260503-31-Vvxv trainer=20260503-31-Vvxv-1
[ARENA] #17 Candidate vs Champion @ step 4655
[ARENA]     Games: 300/300
[ARENA]     Result: 15W / 263D / 22L
[ARENA]     Score: 48.8% [46.9%, 50.8%]
[ARENA]     Elo diff: -8 [-22, +6]
[ARENA]     Draw rate: 87.7%
[ARENA]     By side:
[ARENA]       Candidate as white: 48.7%  (6W/134D/10L, n=150)
[ARENA]       Candidate as black: 49.0%  (9W/129D/12L, n=150)
[ARENA]     batch=4096 lr=5.0e-05 promote>=0.55 games=300 sp.tau=2.00/0.80/0.015 ar.tau=2.00/0.50/0.015 workers=48 build=557
[ARENA]     candidate=20260503-31-Vvxv-1  champion=20260503-31-Vvxv  trainer=20260503-31-Vvxv-1
[ARENA]     diversity: unique=300/300 (100%) avgDiverge=3.4
[ARENA]     Verdict: kept    dur=0:45
[ARENA] #17 kv step=4655 games=300 w=15 d=263 l=22 score=0.4883 elo=-8 elo_lo=-22 elo_hi=+6 draw_rate=0.8767 cand_white_w=6 cand_white_d=134 cand_white_l=10 cand_black_w=9 cand_black_d=129 cand_black_l=12 cand_white_score=0.4867 cand_black_score=0.4900 promoted=0 kind=none dur_sec=45.3 build=557 candidate=20260503-31-Vvxv-1 champion=20260503-31-Vvxv trainer=20260503-31-Vvxv-1
[ARENA] #18 Candidate vs Champion @ step 4772
[ARENA]     Games: 300/300
[ARENA]     Result: 12W / 262D / 26L
[ARENA]     Score: 47.7% [45.7%, 49.7%]
[ARENA]     Elo diff: -16 [-30, -2]
[ARENA]     Draw rate: 87.3%
[ARENA]     By side:
[ARENA]       Candidate as white: 48.3%  (6W/133D/11L, n=150)
[ARENA]       Candidate as black: 47.0%  (6W/129D/15L, n=150)
[ARENA]     batch=4096 lr=5.0e-05 promote>=0.55 games=300 sp.tau=2.00/0.80/0.015 ar.tau=2.00/0.50/0.015 workers=48 build=557
[ARENA]     candidate=20260503-31-Vvxv-1  champion=20260503-31-Vvxv  trainer=20260503-31-Vvxv-1
[ARENA]     diversity: unique=300/300 (100%) avgDiverge=3.3
[ARENA]     Verdict: kept    dur=0:49
[ARENA] #18 kv step=4772 games=300 w=12 d=262 l=26 score=0.4767 elo=-16 elo_lo=-30 elo_hi=-2 draw_rate=0.8733 cand_white_w=6 cand_white_d=133 cand_white_l=11 cand_black_w=6 cand_black_d=129 cand_black_l=15 cand_white_score=0.4833 cand_black_score=0.4700 promoted=0 kind=none dur_sec=49.5 build=557 candidate=20260503-31-Vvxv-1 champion=20260503-31-Vvxv trainer=20260503-31-Vvxv-1
[ARENA] #19 Candidate vs Champion @ step 4891
[ARENA]     Games: 300/300
[ARENA]     Result: 13W / 258D / 29L
[ARENA]     Score: 47.3% [45.2%, 49.4%]
[ARENA]     Elo diff: -19 [-33, -4]
[ARENA]     Draw rate: 86.0%
[ARENA]     By side:
[ARENA]       Candidate as white: 47.7%  (7W/129D/14L, n=150)
[ARENA]       Candidate as black: 47.0%  (6W/129D/15L, n=150)
[ARENA]     batch=4096 lr=5.0e-05 promote>=0.55 games=300 sp.tau=2.00/0.80/0.015 ar.tau=2.00/0.50/0.015 workers=48 build=557
[ARENA]     candidate=20260503-31-Vvxv-1  champion=20260503-31-Vvxv  trainer=20260503-31-Vvxv-1
[ARENA]     diversity: unique=300/300 (100%) avgDiverge=3.3
[ARENA]     Verdict: kept    dur=0:48
[ARENA] #19 kv step=4891 games=300 w=13 d=258 l=29 score=0.4733 elo=-19 elo_lo=-33 elo_hi=-4 draw_rate=0.8600 cand_white_w=7 cand_white_d=129 cand_white_l=14 cand_black_w=6 cand_black_d=129 cand_black_l=15 cand_white_score=0.4767 cand_black_score=0.4700 promoted=0 kind=none dur_sec=48.8 build=557 candidate=20260503-31-Vvxv-1 champion=20260503-31-Vvxv trainer=20260503-31-Vvxv-1
[ARENA] #20 Candidate vs Champion @ step 5003
[ARENA]     Games: 300/300
[ARENA]     Result: 12W / 266D / 22L
[ARENA]     Score: 48.3% [46.4%, 50.2%]
[ARENA]     Elo diff: -12 [-25, +2]
[ARENA]     Draw rate: 88.7%
[ARENA]     By side:
[ARENA]       Candidate as white: 48.0%  (4W/136D/10L, n=150)
[ARENA]       Candidate as black: 48.7%  (8W/130D/12L, n=150)
[ARENA]     batch=4096 lr=5.0e-05 promote>=0.55 games=300 sp.tau=2.00/0.80/0.015 ar.tau=2.00/0.50/0.015 workers=48 build=557
[ARENA]     candidate=20260503-31-Vvxv-1  champion=20260503-31-Vvxv  trainer=20260503-31-Vvxv-1
[ARENA]     diversity: unique=300/300 (100%) avgDiverge=3.2
[ARENA]     Verdict: kept    dur=0:49
[ARENA] #20 kv step=5003 games=300 w=12 d=266 l=22 score=0.4833 elo=-12 elo_lo=-25 elo_hi=+2 draw_rate=0.8867 cand_white_w=4 cand_white_d=136 cand_white_l=10 cand_black_w=8 cand_black_d=130 cand_black_l=12 cand_white_score=0.4800 cand_black_score=0.4867 promoted=0 kind=none dur_sec=49.1 build=557 candidate=20260503-31-Vvxv-1 champion=20260503-31-Vvxv trainer=20260503-31-Vvxv-1
[ARENA] #21 Candidate vs Champion @ step 5112
[ARENA]     Games: 300/300
[ARENA]     Result: 7W / 274D / 19L
[ARENA]     Score: 48.0% [46.3%, 49.7%]
[ARENA]     Elo diff: -14 [-25, -2]
[ARENA]     Draw rate: 91.3%
[ARENA]     By side:
[ARENA]       Candidate as white: 47.0%  (3W/135D/12L, n=150)
[ARENA]       Candidate as black: 49.0%  (4W/139D/7L, n=150)
[ARENA]     batch=4096 lr=5.0e-05 promote>=0.55 games=300 sp.tau=2.00/0.80/0.015 ar.tau=2.00/0.50/0.015 workers=48 build=557
[ARENA]     candidate=20260503-31-Vvxv-1  champion=20260503-31-Vvxv  trainer=20260503-31-Vvxv-1
[ARENA]     diversity: unique=300/300 (100%) avgDiverge=3.4
[ARENA]     Verdict: kept    dur=0:51
[ARENA] #21 kv step=5112 games=300 w=7 d=274 l=19 score=0.4800 elo=-14 elo_lo=-25 elo_hi=-2 draw_rate=0.9133 cand_white_w=3 cand_white_d=135 cand_white_l=12 cand_black_w=4 cand_black_d=139 cand_black_l=7 cand_white_score=0.4700 cand_black_score=0.4900 promoted=0 kind=none dur_sec=51.6 build=557 candidate=20260503-31-Vvxv-1 champion=20260503-31-Vvxv trainer=20260503-31-Vvxv-1
[ARENA] #22 Candidate vs Champion @ step 5217
[ARENA]     Games: 300/300
[ARENA]     Result: 13W / 263D / 24L
[ARENA]     Score: 48.2% [46.2%, 50.1%]
[ARENA]     Elo diff: -13 [-27, +1]
[ARENA]     Draw rate: 87.7%
[ARENA]     By side:
[ARENA]       Candidate as white: 45.7%  (3W/131D/16L, n=150)
[ARENA]       Candidate as black: 50.7%  (10W/132D/8L, n=150)
[ARENA]     batch=4096 lr=5.0e-05 promote>=0.55 games=300 sp.tau=2.00/0.80/0.015 ar.tau=2.00/0.50/0.015 workers=48 build=557
[ARENA]     candidate=20260503-31-Vvxv-1  champion=20260503-31-Vvxv  trainer=20260503-31-Vvxv-1
[ARENA]     diversity: unique=300/300 (100%) avgDiverge=3.3
[ARENA]     Verdict: kept    dur=0:43
[ARENA] #22 kv step=5217 games=300 w=13 d=263 l=24 score=0.4817 elo=-13 elo_lo=-27 elo_hi=+1 draw_rate=0.8767 cand_white_w=3 cand_white_d=131 cand_white_l=16 cand_black_w=10 cand_black_d=132 cand_black_l=8 cand_white_score=0.4567 cand_black_score=0.5067 promoted=0 kind=none dur_sec=43.2 build=557 candidate=20260503-31-Vvxv-1 champion=20260503-31-Vvxv trainer=20260503-31-Vvxv-1
[ARENA] #23 Candidate vs Champion @ step 5318
[ARENA]     Games: 300/300
[ARENA]     Result: 9W / 274D / 17L
[ARENA]     Score: 48.7% [47.0%, 50.3%]
[ARENA]     Elo diff: -9 [-21, +2]
[ARENA]     Draw rate: 91.3%
[ARENA]     By side:
[ARENA]       Candidate as white: 48.3%  (2W/141D/7L, n=150)
[ARENA]       Candidate as black: 49.0%  (7W/133D/10L, n=150)
[ARENA]     batch=4096 lr=5.0e-05 promote>=0.55 games=300 sp.tau=2.00/0.80/0.015 ar.tau=2.00/0.50/0.015 workers=48 build=557
[ARENA]     candidate=20260503-31-Vvxv-1  champion=20260503-31-Vvxv  trainer=20260503-31-Vvxv-1
[ARENA]     diversity: unique=300/300 (100%) avgDiverge=3.4
[ARENA]     Verdict: kept    dur=0:45
[ARENA] #23 kv step=5318 games=300 w=9 d=274 l=17 score=0.4867 elo=-9 elo_lo=-21 elo_hi=+2 draw_rate=0.9133 cand_white_w=2 cand_white_d=141 cand_white_l=7 cand_black_w=7 cand_black_d=133 cand_black_l=10 cand_white_score=0.4833 cand_black_score=0.4900 promoted=0 kind=none dur_sec=45.0 build=557 candidate=20260503-31-Vvxv-1 champion=20260503-31-Vvxv trainer=20260503-31-Vvxv-1
[ARENA] #24 Candidate vs Champion @ step 5413
[ARENA]     Games: 300/300
[ARENA]     Result: 5W / 275D / 20L
[ARENA]     Score: 47.5% [45.9%, 49.1%]
[ARENA]     Elo diff: -17 [-29, -6]
[ARENA]     Draw rate: 91.run_training.sh: run complete, output at /Users/andrew/cursor/drews-chess-machine/experiments/20260503-124021-codechange/result.json
