run_training.sh: launching DrewsChessMachine (limit=5400s, params=experiments/20260501-091101/parameters.json, out=experiments/20260501-091101/result.json)
run_latest.sh: launching /Users/andrew/Library/Developer/Xcode/DerivedData/DrewsChessMachine-eyigcdvyyrcsakaqcybzcfgsurbr/Build/Products/Release/DrewsChessMachine.app/Contents/MacOS/DrewsChessMachine
[APP] session log: /Users/andrew/Library/Logs/DrewsChessMachine/dcm_log_20260501-041135.txt
[ARENA] #1 Candidate vs Champion @ step 174
[ARENA]     Games: 100/100
[ARENA]     Result: 11W / 85D / 4L
[ARENA]     Score: 53.5% [49.8%, 57.2%]
[ARENA]     Elo diff: +24 [-2, +51]
[ARENA]     Draw rate: 85.0%
[ARENA]     By side:
[ARENA]       Candidate as white: 52.0%  (5W/42D/3L, n=50)
[ARENA]       Candidate as black: 55.0%  (6W/43D/1L, n=50)
[ARENA]     batch=4096 lr=5.0e-05 promote>=0.55 games=100 sp.tau=2.00/0.80/0.030 ar.tau=2.00/0.50/0.010 workers=48 build=463
[ARENA]     candidate=20260501-23-2ZJP-1  champion=20260501-23-2ZJP  trainer=20260501-23-2ZJP-1
[ARENA]     diversity: unique=100/100 (100%) avgDiverge=3.5
[ARENA]     Verdict: kept    dur=0:55
[ARENA] #1 kv step=174 games=100 w=11 d=85 l=4 score=0.5350 elo=+24 elo_lo=-2 elo_hi=+51 draw_rate=0.8500 cand_white_w=5 cand_white_d=42 cand_white_l=3 cand_black_w=6 cand_black_d=43 cand_black_l=1 cand_white_score=0.5200 cand_black_score=0.5500 promoted=0 kind=none dur_sec=55.1 build=463 candidate=20260501-23-2ZJP-1 champion=20260501-23-2ZJP trainer=20260501-23-2ZJP-1
[ARENA] #2 Candidate vs Champion @ step 361
[ARENA]     Games: 100/100
[ARENA]     Result: 6W / 92D / 2L
[ARENA]     Score: 52.0% [49.3%, 54.7%]
[ARENA]     Elo diff: +14 [-5, +33]
[ARENA]     Draw rate: 92.0%
[ARENA]     By side:
[ARENA]       Candidate as white: 54.0%  (5W/44D/1L, n=50)
[ARENA]       Candidate as black: 50.0%  (1W/48D/1L, n=50)
[ARENA]     batch=4096 lr=5.0e-05 promote>=0.55 games=100 sp.tau=2.00/0.80/0.030 ar.tau=2.00/0.50/0.010 workers=48 build=463
[ARENA]     candidate=20260501-23-2ZJP-1  champion=20260501-23-2ZJP  trainer=20260501-23-2ZJP-1
[ARENA]     diversity: unique=100/100 (100%) avgDiverge=2.7
[ARENA]     Verdict: kept    dur=0:45
[ARENA] #2 kv step=361 games=100 w=6 d=92 l=2 score=0.5200 elo=+14 elo_lo=-5 elo_hi=+33 draw_rate=0.9200 cand_white_w=5 cand_white_d=44 cand_white_l=1 cand_black_w=1 cand_black_d=48 cand_black_l=1 cand_white_score=0.5400 cand_black_score=0.5000 promoted=0 kind=none dur_sec=45.1 build=463 candidate=20260501-23-2ZJP-1 champion=20260501-23-2ZJP trainer=20260501-23-2ZJP-1
[ARENA] #3 Candidate vs Champion @ step 543
[ARENA]     Games: 100/100
[ARENA]     Result: 4W / 92D / 4L
[ARENA]     Score: 50.0% [47.2%, 52.8%]
[ARENA]     Elo diff: +0 [-19, +19]
[ARENA]     Draw rate: 92.0%
[ARENA]     By side:
[ARENA]       Candidate as white: 50.0%  (2W/46D/2L, n=50)
[ARENA]       Candidate as black: 50.0%  (2W/46D/2L, n=50)
[ARENA]     batch=4096 lr=5.0e-05 promote>=0.55 games=100 sp.tau=2.00/0.80/0.030 ar.tau=2.00/0.50/0.010 workers=48 build=463
[ARENA]     candidate=20260501-23-2ZJP-1  champion=20260501-23-2ZJP  trainer=20260501-23-2ZJP-1
[ARENA]     diversity: unique=100/100 (100%) avgDiverge=3.1
[ARENA]     Verdict: kept    dur=0:45
[ARENA] #3 kv step=543 games=100 w=4 d=92 l=4 score=0.5000 elo=+0 elo_lo=-19 elo_hi=+19 draw_rate=0.9200 cand_white_w=2 cand_white_d=46 cand_white_l=2 cand_black_w=2 cand_black_d=46 cand_black_l=2 cand_white_score=0.5000 cand_black_score=0.5000 promoted=0 kind=none dur_sec=45.8 build=463 candidate=20260501-23-2ZJP-1 champion=20260501-23-2ZJP trainer=20260501-23-2ZJP-1
[ARENA] #4 Candidate vs Champion @ step 719
[ARENA]     Games: 100/100
[ARENA]     Result: 6W / 87D / 7L
[ARENA]     Score: 49.5% [46.0%, 53.0%]
[ARENA]     Elo diff: -3 [-28, +21]
[ARENA]     Draw rate: 87.0%
[ARENA]     By side:
[ARENA]       Candidate as white: 53.0%  (4W/45D/1L, n=50)
[ARENA]       Candidate as black: 46.0%  (2W/42D/6L, n=50)
[ARENA]     batch=4096 lr=5.0e-05 promote>=0.55 games=100 sp.tau=2.00/0.80/0.030 ar.tau=2.00/0.50/0.010 workers=48 build=463
[ARENA]     candidate=20260501-23-2ZJP-1  champion=20260501-23-2ZJP  trainer=20260501-23-2ZJP-1
[ARENA]     diversity: unique=100/100 (100%) avgDiverge=3.2
[ARENA]     Verdict: kept    dur=0:31
[ARENA] #4 kv step=719 games=100 w=6 d=87 l=7 score=0.4950 elo=-3 elo_lo=-28 elo_hi=+21 draw_rate=0.8700 cand_white_w=4 cand_white_d=45 cand_white_l=1 cand_black_w=2 cand_black_d=42 cand_black_l=6 cand_white_score=0.5300 cand_black_score=0.4600 promoted=0 kind=none dur_sec=31.6 build=463 candidate=20260501-23-2ZJP-1 champion=20260501-23-2ZJP trainer=20260501-23-2ZJP-1
[ARENA] #5 Candidate vs Champion @ step 873
[ARENA]     Games: 100/100
[ARENA]     Result: 9W / 89D / 2L
[ARENA]     Score: 53.5% [50.3%, 56.7%]
[ARENA]     Elo diff: +24 [+2, +47]
[ARENA]     Draw rate: 89.0%
[ARENA]     By side:
[ARENA]       Candidate as white: 52.0%  (3W/46D/1L, n=50)
[ARENA]       Candidate as black: 55.0%  (6W/43D/1L, n=50)
[ARENA]     batch=4096 lr=5.0e-05 promote>=0.55 games=100 sp.tau=2.00/0.80/0.030 ar.tau=2.00/0.50/0.010 workers=48 build=463
[ARENA]     candidate=20260501-23-2ZJP-1  champion=20260501-23-2ZJP  trainer=20260501-23-2ZJP-1
[ARENA]     diversity: unique=100/100 (100%) avgDiverge=3.3
[ARENA]     Verdict: kept    dur=0:53
[ARENA] #5 kv step=873 games=100 w=9 d=89 l=2 score=0.5350 elo=+24 elo_lo=+2 elo_hi=+47 draw_rate=0.8900 cand_white_w=3 cand_white_d=46 cand_white_l=1 cand_black_w=6 cand_black_d=43 cand_black_l=1 cand_white_score=0.5200 cand_black_score=0.5500 promoted=0 kind=none dur_sec=53.2 build=463 candidate=20260501-23-2ZJP-1 champion=20260501-23-2ZJP trainer=20260501-23-2ZJP-1
[ARENA] #6 Candidate vs Champion @ step 1000
[ARENA]     Games: 100/100
[ARENA]     Result: 6W / 91D / 3L
[ARENA]     Score: 51.5% [48.6%, 54.4%]
[ARENA]     Elo diff: +10 [-10, +31]
[ARENA]     Draw rate: 91.0%
[ARENA]     By side:
[ARENA]       Candidate as white: 50.0%  (3W/44D/3L, n=50)
[ARENA]       Candidate as black: 53.0%  (3W/47D/0L, n=50)
[ARENA]     batch=4096 lr=5.0e-05 promote>=0.55 games=100 sp.tau=2.00/0.80/0.030 ar.tau=2.00/0.50/0.010 workers=48 build=463
[ARENA]     candidate=20260501-23-2ZJP-1  champion=20260501-23-2ZJP  trainer=20260501-23-2ZJP-1
[ARENA]     diversity: unique=100/100 (100%) avgDiverge=3.6
[ARENA]     Verdict: kept    dur=0:55
[ARENA] #6 kv step=1000 games=100 w=6 d=91 l=3 score=0.5150 elo=+10 elo_lo=-10 elo_hi=+31 draw_rate=0.9100 cand_white_w=3 cand_white_d=44 cand_white_l=3 cand_black_w=3 cand_black_d=47 cand_black_l=0 cand_white_score=0.5000 cand_black_score=0.5300 promoted=0 kind=none dur_sec=55.2 build=463 candidate=20260501-23-2ZJP-1 champion=20260501-23-2ZJP trainer=20260501-23-2ZJP-1
[ARENA] #7 Candidate vs Champion @ step 1146
[ARENA]     Games: 100/100
[ARENA]     Result: 8W / 87D / 5L
[ARENA]     Score: 51.5% [48.0%, 55.0%]
[ARENA]     Elo diff: +10 [-14, +35]
[ARENA]     Draw rate: 87.0%
[ARENA]     By side:
[ARENA]       Candidate as white: 51.0%  (4W/43D/3L, n=50)
[ARENA]       Candidate as black: 52.0%  (4W/44D/2L, n=50)
[ARENA]     batch=4096 lr=5.0e-05 promote>=0.55 games=100 sp.tau=2.00/0.80/0.030 ar.tau=2.00/0.50/0.010 workers=48 build=463
[ARENA]     candidate=20260501-23-2ZJP-1  champion=20260501-23-2ZJP  trainer=20260501-23-2ZJP-1
[ARENA]     diversity: unique=100/100 (100%) avgDiverge=3.1
[ARENA]     Verdict: kept    dur=0:54
[ARENA] #7 kv step=1146 games=100 w=8 d=87 l=5 score=0.5150 elo=+10 elo_lo=-14 elo_hi=+35 draw_rate=0.8700 cand_white_w=4 cand_white_d=43 cand_white_l=3 cand_black_w=4 cand_black_d=44 cand_black_l=2 cand_white_score=0.5100 cand_black_score=0.5200 promoted=0 kind=none dur_sec=54.1 build=463 candidate=20260501-23-2ZJP-1 champion=20260501-23-2ZJP trainer=20260501-23-2ZJP-1
[ARENA] #8 Candidate vs Champion @ step 1311
[ARENA]     Games: 100/100
[ARENA]     Result: 7W / 87D / 6L
[ARENA]     Score: 50.5% [47.0%, 54.0%]
[ARENA]     Elo diff: +3 [-21, +28]
[ARENA]     Draw rate: 87.0%
[ARENA]     By side:
[ARENA]       Candidate as white: 52.0%  (5W/42D/3L, n=50)
[ARENA]       Candidate as black: 49.0%  (2W/45D/3L, n=50)
[ARENA]     batch=4096 lr=5.0e-05 promote>=0.55 games=100 sp.tau=2.00/0.80/0.030 ar.tau=2.00/0.50/0.010 workers=48 build=463
[ARENA]     candidate=20260501-23-2ZJP-1  champion=20260501-23-2ZJP  trainer=20260501-23-2ZJP-1
[ARENA]     diversity: unique=100/100 (100%) avgDiverge=3.0
[ARENA]     Verdict: kept    dur=0:56
[ARENA] #8 kv step=1311 games=100 w=7 d=87 l=6 score=0.5050 elo=+3 elo_lo=-21 elo_hi=+28 draw_rate=0.8700 cand_white_w=5 cand_white_d=42 cand_white_l=3 cand_black_w=2 cand_black_d=45 cand_black_l=3 cand_white_score=0.5200 cand_black_score=0.4900 promoted=0 kind=none dur_sec=56.7 build=463 candidate=20260501-23-2ZJP-1 champion=20260501-23-2ZJP trainer=20260501-23-2ZJP-1
[ARENA] #9 Candidate vs Champion @ step 1472
[ARENA]     Games: 100/100
[ARENA]     Result: 5W / 90D / 5L
[ARENA]     Score: 50.0% [46.9%, 53.1%]
[ARENA]     Elo diff: +0 [-22, +22]
[ARENA]     Draw rate: 90.0%
[ARENA]     By side:
[ARENA]       Candidate as white: 53.0%  (4W/45D/1L, n=50)
[ARENA]       Candidate as black: 47.0%  (1W/45D/4L, n=50)
[ARENA]     batch=4096 lr=5.0e-05 promote>=0.55 games=100 sp.tau=2.00/0.80/0.030 ar.tau=2.00/0.50/0.010 workers=48 build=463
[ARENA]     candidate=20260501-23-2ZJP-1  champion=20260501-23-2ZJP  trainer=20260501-23-2ZJP-1
[ARENA]     diversity: unique=100/100 (100%) avgDiverge=3.3
[ARENA]     Verdict: kept    dur=1:03
[ARENA] #9 kv step=1472 games=100 w=5 d=90 l=5 score=0.5000 elo=+0 elo_lo=-22 elo_hi=+22 draw_rate=0.9000 cand_white_w=4 cand_white_d=45 cand_white_l=1 cand_black_w=1 cand_black_d=45 cand_black_l=4 cand_white_score=0.5300 cand_black_score=0.4700 promoted=0 kind=none dur_sec=63.5 build=463 candidate=20260501-23-2ZJP-1 champion=20260501-23-2ZJP trainer=20260501-23-2ZJP-1
[ARENA] #10 Candidate vs Champion @ step 1639
[ARENA]     Games: 100/100
[ARENA]     Result: 5W / 89D / 6L
[ARENA]     Score: 49.5% [46.3%, 52.7%]
[ARENA]     Elo diff: -3 [-26, +19]
[ARENA]     Draw rate: 89.0%
[ARENA]     By side:
[ARENA]       Candidate as white: 49.0%  (3W/43D/4L, n=50)
[ARENA]       Candidate as black: 50.0%  (2W/46D/2L, n=50)
[ARENA]     batch=4096 lr=5.0e-05 promote>=0.55 games=100 sp.tau=2.00/0.80/0.030 ar.tau=2.00/0.50/0.010 workers=48 build=463
[ARENA]     candidate=20260501-23-2ZJP-1  champion=20260501-23-2ZJP  trainer=20260501-23-2ZJP-1
[ARENA]     diversity: unique=100/100 (100%) avgDiverge=3.0
[ARENA]     Verdict: kept    dur=0:54
[ARENA] #10 kv step=1639 games=100 w=5 d=89 l=6 score=0.4950 elo=-3 elo_lo=-26 elo_hi=+19 draw_rate=0.8900 cand_white_w=3 cand_white_d=43 cand_white_l=4 cand_black_w=2 cand_black_d=46 cand_black_l=2 cand_white_score=0.4900 cand_black_score=0.5000 promoted=0 kind=none dur_sec=54.2 build=463 candidate=20260501-23-2ZJP-1 champion=20260501-23-2ZJP trainer=20260501-23-2ZJP-1
[ARENA] #11 Candidate vs Champion @ step 1792
[ARENA]     Games: 100/100
[ARENA]     Result: 5W / 93D / 2L
[ARENA]     Score: 51.5% [48.9%, 54.1%]
[ARENA]     Elo diff: +10 [-7, +28]
[ARENA]     Draw rate: 93.0%
[ARENA]     By side:
[ARENA]       Candidate as white: 51.0%  (2W/47D/1L, n=50)
[ARENA]       Candidate as black: 52.0%  (3W/46D/1L, n=50)
[ARENA]     batch=4096 lr=5.0e-05 promote>=0.55 games=100 sp.tau=2.00/0.80/0.030 ar.tau=2.00/0.50/0.010 workers=48 build=463
[ARENA]     candidate=20260501-23-2ZJP-1  champion=20260501-23-2ZJP  trainer=20260501-23-2ZJP-1
[ARENA]     diversity: unique=100/100 (100%) avgDiverge=2.8
[ARENA]     Verdict: kept    dur=0:58
[ARENA] #11 kv step=1792 games=100 w=5 d=93 l=2 score=0.5150 elo=+10 elo_lo=-7 elo_hi=+28 draw_rate=0.9300 cand_white_w=2 cand_white_d=47 cand_white_l=1 cand_black_w=3 cand_black_d=46 cand_black_l=1 cand_white_score=0.5100 cand_black_score=0.5200 promoted=0 kind=none dur_sec=58.4 build=463 candidate=20260501-23-2ZJP-1 champion=20260501-23-2ZJP trainer=20260501-23-2ZJP-1
[ARENA] #12 Candidate vs Champion @ step 1938
[ARENA]     Games: 100/100
[ARENA]     Result: 6W / 87D / 7L
[ARENA]     Score: 49.5% [46.0%, 53.0%]
[ARENA]     Elo diff: -3 [-28, +21]
[ARENA]     Draw rate: 87.0%
[ARENA]     By side:
[ARENA]       Candidate as white: 49.0%  (4W/41D/5L, n=50)
[ARENA]       Candidate as black: 50.0%  (2W/46D/2L, n=50)
[ARENA]     batch=4096 lr=5.0e-05 promote>=0.55 games=100 sp.tau=2.00/0.80/0.030 ar.tau=2.00/0.50/0.010 workers=48 build=463
[ARENA]     candidate=20260501-23-2ZJP-1  champion=20260501-23-2ZJP  trainer=20260501-23-2ZJP-1
[ARENA]     diversity: unique=100/100 (100%) avgDiverge=3.0
[ARENA]     Verdict: kept    dur=0:58
[ARENA] #12 kv step=1938 games=100 w=6 d=87 l=7 score=0.4950 elo=-3 elo_lo=run_training.sh: run complete, output at experiments/20260501-091101/result.json
