run_training.sh: launching DrewsChessMachine (limit=3600s, params=/Users/andrew/cursor/drews-chess-machine/experiments/20260502-081203/parameters.json, out=/Users/andrew/cursor/drews-chess-machine/experiments/20260502-081203/result.json)
run_latest.sh: launching /Users/andrew/Library/Developer/Xcode/DerivedData/DrewsChessMachine-eyigcdvyyrcsakaqcybzcfgsurbr/Build/Products/Debug/DrewsChessMachine.app/Contents/MacOS/DrewsChessMachine
[APP] session log: /Users/andrew/Library/Logs/DrewsChessMachine/dcm_log_20260502-031410.txt
[ARENA] #1 Candidate vs Champion @ step 177
[ARENA]     Games: 100/100
[ARENA]     Result: 7W / 88D / 5L
[ARENA]     Score: 51.0% [47.6%, 54.4%]
[ARENA]     Elo diff: +7 [-17, +31]
[ARENA]     Draw rate: 88.0%
[ARENA]     By side:
[ARENA]       Candidate as white: 51.0%  (4W/43D/3L, n=50)
[ARENA]       Candidate as black: 51.0%  (3W/45D/2L, n=50)
[ARENA]     batch=4096 lr=5.0e-05 promote>=0.55 games=100 sp.tau=2.00/0.80/0.015 ar.tau=2.00/0.50/0.015 workers=48 build=512
[ARENA]     candidate=20260502-25-QLs2-1  champion=20260502-25-QLs2  trainer=20260502-25-QLs2-1
[ARENA]     diversity: unique=100/100 (100%) avgDiverge=1.4
[ARENA]     Verdict: kept    dur=0:31
[ARENA] #1 kv step=177 games=100 w=7 d=88 l=5 score=0.5100 elo=+7 elo_lo=-17 elo_hi=+31 draw_rate=0.8800 cand_white_w=4 cand_white_d=43 cand_white_l=3 cand_black_w=3 cand_black_d=45 cand_black_l=2 cand_white_score=0.5100 cand_black_score=0.5100 promoted=0 kind=none dur_sec=31.5 build=512 candidate=20260502-25-QLs2-1 champion=20260502-25-QLs2 trainer=20260502-25-QLs2-1
[ARENA] #2 Candidate vs Champion @ step 384
[ARENA]     Games: 100/100
[ARENA]     Result: 7W / 89D / 4L
[ARENA]     Score: 51.5% [48.3%, 54.7%]
[ARENA]     Elo diff: +10 [-12, +33]
[ARENA]     Draw rate: 89.0%
[ARENA]     By side:
[ARENA]       Candidate as white: 53.0%  (4W/45D/1L, n=50)
[ARENA]       Candidate as black: 50.0%  (3W/44D/3L, n=50)
[ARENA]     batch=4096 lr=5.0e-05 promote>=0.55 games=100 sp.tau=2.00/0.80/0.015 ar.tau=2.00/0.50/0.015 workers=48 build=512
[ARENA]     candidate=20260502-25-QLs2-1  champion=20260502-25-QLs2  trainer=20260502-25-QLs2-1
[ARENA]     diversity: unique=100/100 (100%) avgDiverge=1.5
[ARENA]     Verdict: kept    dur=0:31
[ARENA] #2 kv step=384 games=100 w=7 d=89 l=4 score=0.5150 elo=+10 elo_lo=-12 elo_hi=+33 draw_rate=0.8900 cand_white_w=4 cand_white_d=45 cand_white_l=1 cand_black_w=3 cand_black_d=44 cand_black_l=3 cand_white_score=0.5300 cand_black_score=0.5000 promoted=0 kind=none dur_sec=31.6 build=512 candidate=20260502-25-QLs2-1 champion=20260502-25-QLs2 trainer=20260502-25-QLs2-1
[ARENA] #3 Candidate vs Champion @ step 588
[ARENA]     Games: 100/100
[ARENA]     Result: 7W / 87D / 6L
[ARENA]     Score: 50.5% [47.0%, 54.0%]
[ARENA]     Elo diff: +3 [-21, +28]
[ARENA]     Draw rate: 87.0%
[ARENA]     By side:
[ARENA]       Candidate as white: 50.0%  (3W/44D/3L, n=50)
[ARENA]       Candidate as black: 51.0%  (4W/43D/3L, n=50)
[ARENA]     batch=4096 lr=5.0e-05 promote>=0.55 games=100 sp.tau=2.00/0.80/0.015 ar.tau=2.00/0.50/0.015 workers=48 build=512
[ARENA]     candidate=20260502-25-QLs2-1  champion=20260502-25-QLs2  trainer=20260502-25-QLs2-1
[ARENA]     diversity: unique=100/100 (100%) avgDiverge=1.5
[ARENA]     Verdict: kept    dur=0:32
[ARENA] #3 kv step=588 games=100 w=7 d=87 l=6 score=0.5050 elo=+3 elo_lo=-21 elo_hi=+28 draw_rate=0.8700 cand_white_w=3 cand_white_d=44 cand_white_l=3 cand_black_w=4 cand_black_d=43 cand_black_l=3 cand_white_score=0.5000 cand_black_score=0.5100 promoted=0 kind=none dur_sec=32.7 build=512 candidate=20260502-25-QLs2-1 champion=20260502-25-QLs2 trainer=20260502-25-QLs2-1
[ARENA] #4 Candidate vs Champion @ step 790
[ARENA]     Games: 100/100
[ARENA]     Result: 8W / 91D / 1L
[ARENA]     Score: 53.5% [50.6%, 56.4%]
[ARENA]     Elo diff: +24 [+4, +44]
[ARENA]     Draw rate: 91.0%
[ARENA]     By side:
[ARENA]       Candidate as white: 55.0%  (5W/45D/0L, n=50)
[ARENA]       Candidate as black: 52.0%  (3W/46D/1L, n=50)
[ARENA]     batch=4096 lr=5.0e-05 promote>=0.55 games=100 sp.tau=2.00/0.80/0.015 ar.tau=2.00/0.50/0.015 workers=48 build=512
[ARENA]     candidate=20260502-25-QLs2-1  champion=20260502-25-QLs2  trainer=20260502-25-QLs2-1
[ARENA]     diversity: unique=100/100 (100%) avgDiverge=1.6
[ARENA]     Verdict: kept    dur=0:31
[ARENA] #4 kv step=790 games=100 w=8 d=91 l=1 score=0.5350 elo=+24 elo_lo=+4 elo_hi=+44 draw_rate=0.9100 cand_white_w=5 cand_white_d=45 cand_white_l=0 cand_black_w=3 cand_black_d=46 cand_black_l=1 cand_white_score=0.5500 cand_black_score=0.5200 promoted=0 kind=none dur_sec=31.1 build=512 candidate=20260502-25-QLs2-1 champion=20260502-25-QLs2 trainer=20260502-25-QLs2-1
[ARENA] #5 Candidate vs Champion @ step 990
[ARENA]     Games: 100/100
[ARENA]     Result: 7W / 90D / 3L
[ARENA]     Score: 52.0% [48.9%, 55.1%]
[ARENA]     Elo diff: +14 [-7, +35]
[ARENA]     Draw rate: 90.0%
[ARENA]     By side:
[ARENA]       Candidate as white: 52.0%  (3W/46D/1L, n=50)
[ARENA]       Candidate as black: 52.0%  (4W/44D/2L, n=50)
[ARENA]     batch=4096 lr=5.0e-05 promote>=0.55 games=100 sp.tau=2.00/0.80/0.015 ar.tau=2.00/0.50/0.015 workers=48 build=512
[ARENA]     candidate=20260502-25-QLs2-1  champion=20260502-25-QLs2  trainer=20260502-25-QLs2-1
[ARENA]     diversity: unique=100/100 (100%) avgDiverge=1.6
[ARENA]     Verdict: kept    dur=0:29
[ARENA] #5 kv step=990 games=100 w=7 d=90 l=3 score=0.5200 elo=+14 elo_lo=-7 elo_hi=+35 draw_rate=0.9000 cand_white_w=3 cand_white_d=46 cand_white_l=1 cand_black_w=4 cand_black_d=44 cand_black_l=2 cand_white_score=0.5200 cand_black_score=0.5200 promoted=0 kind=none dur_sec=29.5 build=512 candidate=20260502-25-QLs2-1 champion=20260502-25-QLs2 trainer=20260502-25-QLs2-1
[ARENA] #6 Candidate vs Champion @ step 1188
[ARENA]     Games: 100/100
[ARENA]     Result: 9W / 84D / 7L
[ARENA]     Score: 51.0% [47.1%, 54.9%]
[ARENA]     Elo diff: +7 [-20, +34]
[ARENA]     Draw rate: 84.0%
[ARENA]     By side:
[ARENA]       Candidate as white: 49.0%  (4W/41D/5L, n=50)
[ARENA]       Candidate as black: 53.0%  (5W/43D/2L, n=50)
[ARENA]     batch=4096 lr=5.0e-05 promote>=0.55 games=100 sp.tau=2.00/0.80/0.015 ar.tau=2.00/0.50/0.015 workers=48 build=512
[ARENA]     candidate=20260502-25-QLs2-1  champion=20260502-25-QLs2  trainer=20260502-25-QLs2-1
[ARENA]     diversity: unique=100/100 (100%) avgDiverge=1.6
[ARENA]     Verdict: kept    dur=0:29
[ARENA] #6 kv step=1188 games=100 w=9 d=84 l=7 score=0.5100 elo=+7 elo_lo=-20 elo_hi=+34 draw_rate=0.8400 cand_white_w=4 cand_white_d=41 cand_white_l=5 cand_black_w=5 cand_black_d=43 cand_black_l=2 cand_white_score=0.4900 cand_black_score=0.5300 promoted=0 kind=none dur_sec=30.0 build=512 candidate=20260502-25-QLs2-1 champion=20260502-25-QLs2 trainer=20260502-25-QLs2-1
[ARENA] #7 Candidate vs Champion @ step 1383
[ARENA]     Games: 100/100
[ARENA]     Result: 5W / 88D / 7L
[ARENA]     Score: 49.0% [45.6%, 52.4%]
[ARENA]     Elo diff: -7 [-31, +17]
[ARENA]     Draw rate: 88.0%
[ARENA]     By side:
[ARENA]       Candidate as white: 47.0%  (1W/45D/4L, n=50)
[ARENA]       Candidate as black: 51.0%  (4W/43D/3L, n=50)
[ARENA]     batch=4096 lr=5.0e-05 promote>=0.55 games=100 sp.tau=2.00/0.80/0.015 ar.tau=2.00/0.50/0.015 workers=48 build=512
[ARENA]     candidate=20260502-25-QLs2-1  champion=20260502-25-QLs2  trainer=20260502-25-QLs2-1
[ARENA]     diversity: unique=100/100 (100%) avgDiverge=1.6
[ARENA]     Verdict: kept    dur=0:31
[ARENA] #7 kv step=1383 games=100 w=5 d=88 l=7 score=0.4900 elo=-7 elo_lo=-31 elo_hi=+17 draw_rate=0.8800 cand_white_w=1 cand_white_d=45 cand_white_l=4 cand_black_w=4 cand_black_d=43 cand_black_l=3 cand_white_score=0.4700 cand_black_score=0.5100 promoted=0 kind=none dur_sec=31.6 build=512 candidate=20260502-25-QLs2-1 champion=20260502-25-QLs2 trainer=20260502-25-QLs2-1
[ARENA] #8 Candidate vs Champion @ step 1575
[ARENA]     Games: 100/100
[ARENA]     Result: 9W / 87D / 4L
[ARENA]     Score: 52.5% [49.0%, 56.0%]
[ARENA]     Elo diff: +17 [-7, +42]
[ARENA]     Draw rate: 87.0%
[ARENA]     By side:
[ARENA]       Candidate as white: 55.0%  (5W/45D/0L, n=50)
[ARENA]       Candidate as black: 50.0%  (4W/42D/4L, n=50)
[ARENA]     batch=4096 lr=5.0e-05 promote>=0.55 games=100 sp.tau=2.00/0.80/0.015 ar.tau=2.00/0.50/0.015 workers=48 build=512
[ARENA]     candidate=20260502-25-QLs2-1  champion=20260502-25-QLs2  trainer=20260502-25-QLs2-1
[ARENA]     diversity: unique=100/100 (100%) avgDiverge=1.4
[ARENA]     Verdict: kept    dur=0:29
[ARENA] #8 kv step=1575 games=100 w=9 d=87 l=4 score=0.5250 elo=+17 elo_lo=-7 elo_hi=+42 draw_rate=0.8700 cand_white_w=5 cand_white_d=45 cand_white_l=0 run_training.sh: run complete, output at /Users/andrew/cursor/drews-chess-machine/experiments/20260502-081203/result.json
